<?xml version="1.0" encoding="UTF-8"?>
<testsuite xmlns:xsi="http://www.w3.org/2001/XMLSchema-instance" xsi:noNamespaceSchemaLocation="https://maven.apache.org/surefire/maven-failsafe-plugin/xsd/failsafe-test-report.xsd" version="3.0.2" name="cn.edu.gpnu.platform.boot.Phase41BackupIT" time="27.579" tests="1" errors="0" skipped="0" failures="0">
  <properties>
[...]
</properties>
  <testcase name="fullArtifactReplacesFlywaySeedsAndRestoresExactSnapshotAtomically" classname="cn.edu.gpnu.platform.boot.Phase41BackupIT" time="11.298">
    <system-out><![CDATA[Standard Commons Logging discovery in action with spring-jcl: please remove commons-logging.jar from classpath in order to avoid potential conflicts

  .   ____          _            __ _ _
 /\\ / ___'_ __ _ _(_)_ __  __ _ \ \ \ \
( ( )\___ | '_ | '_| | '_ \/ _` | \ \ \ \
 \\/  ___)| |_)| | | | | || (_| |  ) ) ) )
  '  |____| .__|_| |_|_| |_\__, | / / / /
 =========|_|==============|___/=/_/_/_/

 :: Spring Boot ::               (v3.4.13)

2026-07-25T13:39:46.327Z  INFO 1152 --- [teacher-cert-platform] [           main] c.e.gpnu.platform.boot.Phase41BackupIT   : Starting Phase41BackupIT using Java 17.0.19 with PID 1152 (started by root in /work/platform-boot)
2026-07-25T13:39:46.330Z  INFO 1152 --- [teacher-cert-platform] [           main] c.e.gpnu.platform.boot.Phase41BackupIT   : The following 1 profile is active: "dev"
2026-07-25T13:39:47.708Z  INFO 1152 --- [teacher-cert-platform] [           main] .s.d.r.c.RepositoryConfigurationDelegate : Multiple Spring Data modules found, entering strict repository configuration mode
2026-07-25T13:39:47.713Z  INFO 1152 --- [teacher-cert-platform] [           main] .s.d.r.c.RepositoryConfigurationDelegate : Bootstrapping Spring Data Redis repositories in DEFAULT mode.
2026-07-25T13:39:47.772Z  INFO 1152 --- [teacher-cert-platform] [           main] .s.d.r.c.RepositoryConfigurationDelegate : Finished Spring Data repository scanning in 36 ms. Found 0 Redis repository interfaces.
2026-07-25T13:39:48.991Z  INFO 1152 --- [teacher-cert-platform] [           main] o.s.b.w.embedded.tomcat.TomcatWebServer  : Tomcat initialized with port 0 (http)
2026-07-25T13:39:49.004Z  INFO 1152 --- [teacher-cert-platform] [           main] o.apache.catalina.core.StandardService   : Starting service [Tomcat]
2026-07-25T13:39:49.004Z  INFO 1152 --- [teacher-cert-platform] [           main] o.apache.catalina.core.StandardEngine    : Starting Servlet engine: [Apache Tomcat/10.1.50]
2026-07-25T13:39:49.216Z  INFO 1152 --- [teacher-cert-platform] [           main] o.a.c.c.C.[Tomcat].[localhost].[/]       : Initializing Spring embedded WebApplicationContext
2026-07-25T13:39:49.217Z  INFO 1152 --- [teacher-cert-platform] [           main] w.s.c.ServletWebServerApplicationContext : Root WebApplicationContext: initialization completed in 2854 ms
Standard Commons Logging discovery in action with spring-jcl: please remove commons-logging.jar from classpath in order to avoid potential conflicts
2026-07-25T13:39:49.688Z  INFO 1152 --- [teacher-cert-platform] [           main] com.zaxxer.hikari.HikariDataSource       : HikariPool-1 - Starting...
2026-07-25T13:39:49.704Z  INFO 1152 --- [teacher-cert-platform] [           main] com.zaxxer.hikari.pool.HikariPool        : HikariPool-1 - Added connection com.mysql.cj.jdbc.ConnectionImpl@4be1c797
2026-07-25T13:39:49.706Z  INFO 1152 --- [teacher-cert-platform] [           main] com.zaxxer.hikari.HikariDataSource       : HikariPool-1 - Start completed.
2026-07-25T13:39:49.760Z  INFO 1152 --- [teacher-cert-platform] [           main] org.flywaydb.core.FlywayExecutor         : Database: jdbc:mysql://127.0.0.1:3306/teacher_cert_p41_source_4889649d15f340aab3204587af9c67cf?useUnicode=true&characterEncoding=utf8&serverTimezone=Asia/Shanghai&useSSL=false (MySQL 8.4)
2026-07-25T13:39:49.786Z  WARN 1152 --- [teacher-cert-platform] [           main] o.f.c.internal.database.base.Database    : Flyway upgrade recommended: MySQL 8.4 is newer than this version of Flyway and support has not been tested. The latest supported version of MySQL is 8.1.
2026-07-25T13:39:49.827Z  INFO 1152 --- [teacher-cert-platform] [           main] o.f.c.i.s.JdbcTableSchemaHistory         : Schema history table `teacher_cert_p41_source_4889649d15f340aab3204587af9c67cf`.`flyway_schema_history` does not exist yet
2026-07-25T13:39:49.831Z  INFO 1152 --- [teacher-cert-platform] [           main] o.f.core.internal.command.DbValidate     : Successfully validated 32 migrations (execution time 00:00.030s)
2026-07-25T13:39:49.847Z  INFO 1152 --- [teacher-cert-platform] [           main] o.f.c.i.s.JdbcTableSchemaHistory         : Creating Schema History table `teacher_cert_p41_source_4889649d15f340aab3204587af9c67cf`.`flyway_schema_history` ...
2026-07-25T13:39:49.951Z  INFO 1152 --- [teacher-cert-platform] [           main] o.f.core.internal.command.DbMigrate      : Current version of schema `teacher_cert_p41_source_4889649d15f340aab3204587af9c67cf`: << Empty Schema >>
2026-07-25T13:39:49.968Z  INFO 1152 --- [teacher-cert-platform] [           main] o.f.core.internal.command.DbMigrate      : Migrating schema `teacher_cert_p41_source_4889649d15f340aab3204587af9c67cf` to version "1 - base"
2026-07-25T13:39:50.170Z  INFO 1152 --- [teacher-cert-platform] [           main] o.f.core.internal.command.DbMigrate      : Migrating schema `teacher_cert_p41_source_4889649d15f340aab3204587af9c67cf` to version "2 - dict"
2026-07-25T13:39:50.734Z  INFO 1152 --- [teacher-cert-platform] [           main] o.f.core.internal.command.DbMigrate      : Migrating schema `teacher_cert_p41_source_4889649d15f340aab3204587af9c67cf` to version "3 - dict seed"
2026-07-25T13:39:50.767Z  WARN 1152 --- [teacher-cert-platform] [           main] o.f.c.i.s.DefaultSqlScriptExecutor       : DB: 'VALUES function' is deprecated and will be removed in a future release. Please use an alias (INSERT INTO ... VALUES (...) AS alias) and replace VALUES(col) in the ON DUPLICATE KEY UPDATE clause with alias.col instead (SQL State: HY000 - Error Code: 1287)
2026-07-25T13:39:50.768Z  WARN 1152 --- [teacher-cert-platform] [           main] o.f.c.i.s.DefaultSqlScriptExecutor       : DB: 'VALUES function' is deprecated and will be removed in a future release. Please use an alias (INSERT INTO ... VALUES (...) AS alias) and replace VALUES(col) in the ON DUPLICATE KEY UPDATE clause with alias.col instead (SQL State: HY000 - Error Code: 1287)
2026-07-25T13:39:50.768Z  WARN 1152 --- [teacher-cert-platform] [           main] o.f.c.i.s.DefaultSqlScriptExecutor       : DB: 'VALUES function' is deprecated and will be removed in a future release. Please use an alias (INSERT INTO ... VALUES (...) AS alias) and replace VALUES(col) in the ON DUPLICATE KEY UPDATE clause with alias.col instead (SQL State: HY000 - Error Code: 1287)
2026-07-25T13:39:50.768Z  WARN 1152 --- [teacher-cert-platform] [           main] o.f.c.i.s.DefaultSqlScriptExecutor       : DB: 'VALUES function' is deprecated and will be removed in a future release. Please use an alias (INSERT INTO ... VALUES (...) AS alias) and replace VALUES(col) in the ON DUPLICATE KEY UPDATE clause with alias.col instead (SQL State: HY000 - Error Code: 1287)
2026-07-25T13:39:50.772Z  WARN 1152 --- [teacher-cert-platform] [           main] o.f.c.i.s.DefaultSqlScriptExecutor       : DB: 'VALUES function' is deprecated and will be removed in a future release. Please use an alias (INSERT INTO ... VALUES (...) AS alias) and replace VALUES(col) in the ON DUPLICATE KEY UPDATE clause with alias.col instead (SQL State: HY000 - Error Code: 1287)
2026-07-25T13:39:50.773Z  WARN 1152 --- [teacher-cert-platform] [           main] o.f.c.i.s.DefaultSqlScriptExecutor       : DB: 'VALUES function' is deprecated and will be removed in a future release. Please use an alias (INSERT INTO ... VALUES (...) AS alias) and replace VALUES(col) in the ON DUPLICATE KEY UPDATE clause with alias.col instead (SQL State: HY000 - Error Code: 1287)
2026-07-25T13:39:50.773Z  WARN 1152 --- [teacher-cert-platform] [           main] o.f.c.i.s.DefaultSqlScriptExecutor       : DB: 'VALUES function' is deprecated and will be removed in a future release. Please use an alias (INSERT INTO ... VALUES (...) AS alias) and replace VALUES(col) in the ON DUPLICATE KEY UPDATE clause with alias.col instead (SQL State: HY000 - Error Code: 1287)
2026-07-25T13:39:50.773Z  WARN 1152 --- [teacher-cert-platform] [           main] o.f.c.i.s.DefaultSqlScriptExecutor       : DB: 'VALUES function' is deprecated and will be removed in a future release. Please use an alias (INSERT INTO ... VALUES (...) AS alias) and replace VALUES(col) in the ON DUPLICATE KEY UPDATE clause with alias.col instead (SQL State: HY000 - Error Code: 1287)
2026-07-25T13:39:50.773Z  WARN 1152 --- [teacher-cert-platform] [           main] o.f.c.i.s.DefaultSqlScriptExecutor       : DB: 'VALUES function' is deprecated and will be removed in a future release. Please use an alias (INSERT INTO ... VALUES (...) AS alias) and replace VALUES(col) in the ON DUPLICATE KEY UPDATE clause with alias.col instead (SQL State: HY000 - Error Code: 1287)
2026-07-25T13:39:50.802Z  INFO 1152 --- [teacher-cert-platform] [           main] o.f.core.internal.command.DbMigrate      : Migrating schema `teacher_cert_p41_source_4889649d15f340aab3204587af9c67cf` to version "4 - region seed"
2026-07-25T13:39:50.806Z  WARN 1152 --- [teacher-cert-platform] [           main] o.f.c.i.s.DefaultSqlScriptExecutor       : DB: 'VALUES function' is deprecated and will be removed in a future release. Please use an alias (INSERT INTO ... VALUES (...) AS alias) and replace VALUES(col) in the ON DUPLICATE KEY UPDATE clause with alias.col instead (SQL State: HY000 - Error Code: 1287)
2026-07-25T13:39:50.807Z  WARN 1152 --- [teacher-cert-platform] [           main] o.f.c.i.s.DefaultSqlScriptExecutor       : DB: 'VALUES function' is deprecated and will be removed in a future release. Please use an alias (INSERT INTO ... VALUES (...) AS alias) and replace VALUES(col) in the ON DUPLICATE KEY UPDATE clause with alias.col instead (SQL State: HY000 - Error Code: 1287)
2026-07-25T13:39:50.807Z  WARN 1152 --- [teacher-cert-platform] [           main] o.f.c.i.s.DefaultSqlScriptExecutor       : DB: 'VALUES function' is deprecated and will be removed in a future release. Please use an alias (INSERT INTO ... VALUES (...) AS alias) and replace VALUES(col) in the ON DUPLICATE KEY UPDATE clause with alias.col instead (SQL State: HY000 - Error Code: 1287)
2026-07-25T13:39:50.807Z  WARN 1152 --- [teacher-cert-platform] [           main] o.f.c.i.s.DefaultSqlScriptExecutor       : DB: 'VALUES function' is deprecated and will be removed in a future release. Please use an alias (INSERT INTO ... VALUES (...) AS alias) and replace VALUES(col) in the ON DUPLICATE KEY UPDATE clause with alias.col instead (SQL State: HY000 - Error Code: 1287)
2026-07-25T13:39:50.807Z  WARN 1152 --- [teacher-cert-platform] [           main] o.f.c.i.s.DefaultSqlScriptExecutor       : DB: 'VALUES function' is deprecated and will be removed in a future release. Please use an alias (INSERT INTO ... VALUES (...) AS alias) and replace VALUES(col) in the ON DUPLICATE KEY UPDATE clause with alias.col instead (SQL State: HY000 - Error Code: 1287)
2026-07-25T13:39:50.836Z  INFO 1152 --- [teacher-cert-platform] [           main] o.f.core.internal.command.DbMigrate      : Migrating schema `teacher_cert_p41_source_4889649d15f340aab3204587af9c67cf` to version "5 - subject seed"
2026-07-25T13:39:50.840Z  WARN 1152 --- [teacher-cert-platform] [           main] o.f.c.i.s.DefaultSqlScriptExecutor       : DB: 'VALUES function' is deprecated and will be removed in a future release. Please use an alias (INSERT INTO ... VALUES (...) AS alias) and replace VALUES(col) in the ON DUPLICATE KEY UPDATE clause with alias.col instead (SQL State: HY000 - Error Code: 1287)
2026-07-25T13:39:50.840Z  WARN 1152 --- [teacher-cert-platform] [           main] o.f.c.i.s.DefaultSqlScriptExecutor       : DB: 'VALUES function' is deprecated and will be removed in a future release. Please use an alias (INSERT INTO ... VALUES (...) AS alias) and replace VALUES(col) in the ON DUPLICATE KEY UPDATE clause with alias.col instead (SQL State: HY000 - Error Code: 1287)
2026-07-25T13:39:50.840Z  WARN 1152 --- [teacher-cert-platform] [           main] o.f.c.i.s.DefaultSqlScriptExecutor       : DB: 'VALUES function' is deprecated and will be removed in a future release. Please use an alias (INSERT INTO ... VALUES (...) AS alias) and replace VALUES(col) in the ON DUPLICATE KEY UPDATE clause with alias.col instead (SQL State: HY000 - Error Code: 1287)
2026-07-25T13:39:50.840Z  WARN 1152 --- [teacher-cert-platform] [           main] o.f.c.i.s.DefaultSqlScriptExecutor       : DB: 'VALUES function' is deprecated and will be removed in a future release. Please use an alias (INSERT INTO ... VALUES (...) AS alias) and replace VALUES(col) in the ON DUPLICATE KEY UPDATE clause with alias.col instead (SQL State: HY000 - Error Code: 1287)
2026-07-25T13:39:50.840Z  WARN 1152 --- [teacher-cert-platform] [           main] o.f.c.i.s.DefaultSqlScriptExecutor       : DB: 'VALUES function' is deprecated and will be removed in a future release. Please use an alias (INSERT INTO ... VALUES (...) AS alias) and replace VALUES(col) in the ON DUPLICATE KEY UPDATE clause with alias.col instead (SQL State: HY000 - Error Code: 1287)
2026-07-25T13:39:50.841Z  WARN 1152 --- [teacher-cert-platform] [           main] o.f.c.i.s.DefaultSqlScriptExecutor       : DB: 'VALUES function' is deprecated and will be removed in a future release. Please use an alias (INSERT INTO ... VALUES (...) AS alias) and replace VALUES(col) in the ON DUPLICATE KEY UPDATE clause with alias.col instead (SQL State: HY000 - Error Code: 1287)
2026-07-25T13:39:50.863Z  INFO 1152 --- [teacher-cert-platform] [           main] o.f.core.internal.command.DbMigrate      : Migrating schema `teacher_cert_p41_source_4889649d15f340aab3204587af9c67cf` to version "6 - confirmed params"
2026-07-25T13:39:50.884Z  INFO 1152 --- [teacher-cert-platform] [           main] o.f.core.internal.command.DbMigrate      : Migrating schema `teacher_cert_p41_source_4889649d15f340aab3204587af9c67cf` to version "7 - rbac"
2026-07-25T13:39:51.353Z  INFO 1152 --- [teacher-cert-platform] [           main] o.f.core.internal.command.DbMigrate      : Migrating schema `teacher_cert_p41_source_4889649d15f340aab3204587af9c67cf` to version "8 - rbac seed"
2026-07-25T13:39:51.356Z  WARN 1152 --- [teacher-cert-platform] [           main] o.f.c.i.s.DefaultSqlScriptExecutor       : DB: 'VALUES function' is deprecated and will be removed in a future release. Please use an alias (INSERT INTO ... VALUES (...) AS alias) and replace VALUES(col) in the ON DUPLICATE KEY UPDATE clause with alias.col instead (SQL State: HY000 - Error Code: 1287)
2026-07-25T13:39:51.356Z  WARN 1152 --- [teacher-cert-platform] [           main] o.f.c.i.s.DefaultSqlScriptExecutor       : DB: 'VALUES function' is deprecated and will be removed in a future release. Please use an alias (INSERT INTO ... VALUES (...) AS alias) and replace VALUES(col) in the ON DUPLICATE KEY UPDATE clause with alias.col instead (SQL State: HY000 - Error Code: 1287)
2026-07-25T13:39:51.356Z  WARN 1152 --- [teacher-cert-platform] [           main] o.f.c.i.s.DefaultSqlScriptExecutor       : DB: 'VALUES function' is deprecated and will be removed in a future release. Please use an alias (INSERT INTO ... VALUES (...) AS alias) and replace VALUES(col) in the ON DUPLICATE KEY UPDATE clause with alias.col instead (SQL State: HY000 - Error Code: 1287)
2026-07-25T13:39:51.356Z  WARN 1152 --- [teacher-cert-platform] [           main] o.f.c.i.s.DefaultSqlScriptExecutor       : DB: 'VALUES function' is deprecated and will be removed in a future release. Please use an alias (INSERT INTO ... VALUES (...) AS alias) and replace VALUES(col) in the ON DUPLICATE KEY UPDATE clause with alias.col instead (SQL State: HY000 - Error Code: 1287)
2026-07-25T13:39:51.356Z  WARN 1152 --- [teacher-cert-platform] [           main] o.f.c.i.s.DefaultSqlScriptExecutor       : DB: 'VALUES function' is deprecated and will be removed in a future release. Please use an alias (INSERT INTO ... VALUES (...) AS alias) and replace VALUES(col) in the ON DUPLICATE KEY UPDATE clause with alias.col instead (SQL State: HY000 - Error Code: 1287)
2026-07-25T13:39:51.358Z  WARN 1152 --- [teacher-cert-platform] [           main] o.f.c.i.s.DefaultSqlScriptExecutor       : DB: 'VALUES function' is deprecated and will be removed in a future release. Please use an alias (INSERT INTO ... VALUES (...) AS alias) and replace VALUES(col) in the ON DUPLICATE KEY UPDATE clause with alias.col instead (SQL State: HY000 - Error Code: 1287)
2026-07-25T13:39:51.359Z  WARN 1152 --- [teacher-cert-platform] [           main] o.f.c.i.s.DefaultSqlScriptExecutor       : DB: 'VALUES function' is deprecated and will be removed in a future release. Please use an alias (INSERT INTO ... VALUES (...) AS alias) and replace VALUES(col) in the ON DUPLICATE KEY UPDATE clause with alias.col instead (SQL State: HY000 - Error Code: 1287)
2026-07-25T13:39:51.359Z  WARN 1152 --- [teacher-cert-platform] [           main] o.f.c.i.s.DefaultSqlScriptExecutor       : DB: 'VALUES function' is deprecated and will be removed in a future release. Please use an alias (INSERT INTO ... VALUES (...) AS alias) and replace VALUES(col) in the ON DUPLICATE KEY UPDATE clause with alias.col instead (SQL State: HY000 - Error Code: 1287)
2026-07-25T13:39:51.361Z  WARN 1152 --- [teacher-cert-platform] [           main] o.f.c.i.s.DefaultSqlScriptExecutor       : DB: 'VALUES function' is deprecated and will be removed in a future release. Please use an alias (INSERT INTO ... VALUES (...) AS alias) and replace VALUES(col) in the ON DUPLICATE KEY UPDATE clause with alias.col instead (SQL State: HY000 - Error Code: 1287)
2026-07-25T13:39:51.361Z  WARN 1152 --- [teacher-cert-platform] [           main] o.f.c.i.s.DefaultSqlScriptExecutor       : DB: 'VALUES function' is deprecated and will be removed in a future release. Please use an alias (INSERT INTO ... VALUES (...) AS alias) and replace VALUES(col) in the ON DUPLICATE KEY UPDATE clause with alias.col instead (SQL State: HY000 - Error Code: 1287)
2026-07-25T13:39:51.361Z  WARN 1152 --- [teacher-cert-platform] [           main] o.f.c.i.s.DefaultSqlScriptExecutor       : DB: 'VALUES function' is deprecated and will be removed in a future release. Please use an alias (INSERT INTO ... VALUES (...) AS alias) and replace VALUES(col) in the ON DUPLICATE KEY UPDATE clause with alias.col instead (SQL State: HY000 - Error Code: 1287)
2026-07-25T13:39:51.362Z  WARN 1152 --- [teacher-cert-platform] [           main] o.f.c.i.s.DefaultSqlScriptExecutor       : DB: 'VALUES function' is deprecated and will be removed in a future release. Please use an alias (INSERT INTO ... VALUES (...) AS alias) and replace VALUES(col) in the ON DUPLICATE KEY UPDATE clause with alias.col instead (SQL State: HY000 - Error Code: 1287)
2026-07-25T13:39:51.364Z  WARN 1152 --- [teacher-cert-platform] [           main] o.f.c.i.s.DefaultSqlScriptExecutor       : DB: 'VALUES function' is deprecated and will be removed in a future release. Please use an alias (INSERT INTO ... VALUES (...) AS alias) and replace VALUES(col) in the ON DUPLICATE KEY UPDATE clause with alias.col instead (SQL State: HY000 - Error Code: 1287)
2026-07-25T13:39:51.364Z  WARN 1152 --- [teacher-cert-platform] [           main] o.f.c.i.s.DefaultSqlScriptExecutor       : DB: 'VALUES function' is deprecated and will be removed in a future release. Please use an alias (INSERT INTO ... VALUES (...) AS alias) and replace VALUES(col) in the ON DUPLICATE KEY UPDATE clause with alias.col instead (SQL State: HY000 - Error Code: 1287)
2026-07-25T13:39:51.365Z  WARN 1152 --- [teacher-cert-platform] [           main] o.f.c.i.s.DefaultSqlScriptExecutor       : DB: 'VALUES function' is deprecated and will be removed in a future release. Please use an alias (INSERT INTO ... VALUES (...) AS alias) and replace VALUES(col) in the ON DUPLICATE KEY UPDATE clause with alias.col instead (SQL State: HY000 - Error Code: 1287)
2026-07-25T13:39:51.365Z  WARN 1152 --- [teacher-cert-platform] [           main] o.f.c.i.s.DefaultSqlScriptExecutor       : DB: 'VALUES function' is deprecated and will be removed in a future release. Please use an alias (INSERT INTO ... VALUES (...) AS alias) and replace VALUES(col) in the ON DUPLICATE KEY UPDATE clause with alias.col instead (SQL State: HY000 - Error Code: 1287)
2026-07-25T13:39:51.365Z  WARN 1152 --- [teacher-cert-platform] [           main] o.f.c.i.s.DefaultSqlScriptExecutor       : DB: 'VALUES function' is deprecated and will be removed in a future release. Please use an alias (INSERT INTO ... VALUES (...) AS alias) and replace VALUES(col) in the ON DUPLICATE KEY UPDATE clause with alias.col instead (SQL State: HY000 - Error Code: 1287)
2026-07-25T13:39:51.365Z  WARN 1152 --- [teacher-cert-platform] [           main] o.f.c.i.s.DefaultSqlScriptExecutor       : DB: 'VALUES function' is deprecated and will be removed in a future release. Please use an alias (INSERT INTO ... VALUES (...) AS alias) and replace VALUES(col) in the ON DUPLICATE KEY UPDATE clause with alias.col instead (SQL State: HY000 - Error Code: 1287)
2026-07-25T13:39:51.371Z  WARN 1152 --- [teacher-cert-platform] [           main] o.f.c.i.s.DefaultSqlScriptExecutor       : DB: 'VALUES function' is deprecated and will be removed in a future release. Please use an alias (INSERT INTO ... VALUES (...) AS alias) and replace VALUES(col) in the ON DUPLICATE KEY UPDATE clause with alias.col instead (SQL State: HY000 - Error Code: 1287)
2026-07-25T13:39:51.371Z  WARN 1152 --- [teacher-cert-platform] [           main] o.f.c.i.s.DefaultSqlScriptExecutor       : DB: 'VALUES function' is deprecated and will be removed in a future release. Please use an alias (INSERT INTO ... VALUES (...) AS alias) and replace VALUES(col) in the ON DUPLICATE KEY UPDATE clause with alias.col instead (SQL State: HY000 - Error Code: 1287)
2026-07-25T13:39:51.371Z  WARN 1152 --- [teacher-cert-platform] [           main] o.f.c.i.s.DefaultSqlScriptExecutor       : DB: 'VALUES function' is deprecated and will be removed in a future release. Please use an alias (INSERT INTO ... VALUES (...) AS alias) and replace VALUES(col) in the ON DUPLICATE KEY UPDATE clause with alias.col instead (SQL State: HY000 - Error Code: 1287)
2026-07-25T13:39:51.374Z  WARN 1152 --- [teacher-cert-platform] [           main] o.f.c.i.s.DefaultSqlScriptExecutor       : DB: 'VALUES function' is deprecated and will be removed in a future release. Please use an alias (INSERT INTO ... VALUES (...) AS alias) and replace VALUES(col) in the ON DUPLICATE KEY UPDATE clause with alias.col instead (SQL State: HY000 - Error Code: 1287)
2026-07-25T13:39:51.374Z  WARN 1152 --- [teacher-cert-platform] [           main] o.f.c.i.s.DefaultSqlScriptExecutor       : DB: 'VALUES function' is deprecated and will be removed in a future release. Please use an alias (INSERT INTO ... VALUES (...) AS alias) and replace VALUES(col) in the ON DUPLICATE KEY UPDATE clause with alias.col instead (SQL State: HY000 - Error Code: 1287)
2026-07-25T13:39:51.374Z  WARN 1152 --- [teacher-cert-platform] [           main] o.f.c.i.s.DefaultSqlScriptExecutor       : DB: 'VALUES function' is deprecated and will be removed in a future release. Please use an alias (INSERT INTO ... VALUES (...) AS alias) and replace VALUES(col) in the ON DUPLICATE KEY UPDATE clause with alias.col instead (SQL State: HY000 - Error Code: 1287)
2026-07-25T13:39:51.374Z  WARN 1152 --- [teacher-cert-platform] [           main] o.f.c.i.s.DefaultSqlScriptExecutor       : DB: 'VALUES function' is deprecated and will be removed in a future release. Please use an alias (INSERT INTO ... VALUES (...) AS alias) and replace VALUES(col) in the ON DUPLICATE KEY UPDATE clause with alias.col instead (SQL State: HY000 - Error Code: 1287)
2026-07-25T13:39:51.375Z  WARN 1152 --- [teacher-cert-platform] [           main] o.f.c.i.s.DefaultSqlScriptExecutor       : DB: 'VALUES function' is deprecated and will be removed in a future release. Please use an alias (INSERT INTO ... VALUES (...) AS alias) and replace VALUES(col) in the ON DUPLICATE KEY UPDATE clause with alias.col instead (SQL State: HY000 - Error Code: 1287)
2026-07-25T13:39:51.375Z  WARN 1152 --- [teacher-cert-platform] [           main] o.f.c.i.s.DefaultSqlScriptExecutor       : DB: 'VALUES function' is deprecated and will be removed in a future release. Please use an alias (INSERT INTO ... VALUES (...) AS alias) and replace VALUES(col) in the ON DUPLICATE KEY UPDATE clause with alias.col instead (SQL State: HY000 - Error Code: 1287)
2026-07-25T13:39:51.375Z  WARN 1152 --- [teacher-cert-platform] [           main] o.f.c.i.s.DefaultSqlScriptExecutor       : DB: 'VALUES function' is deprecated and will be removed in a future release. Please use an alias (INSERT INTO ... VALUES (...) AS alias) and replace VALUES(col) in the ON DUPLICATE KEY UPDATE clause with alias.col instead (SQL State: HY000 - Error Code: 1287)
2026-07-25T13:39:51.375Z  WARN 1152 --- [teacher-cert-platform] [           main] o.f.c.i.s.DefaultSqlScriptExecutor       : DB: 'VALUES function' is deprecated and will be removed in a future release. Please use an alias (INSERT INTO ... VALUES (...) AS alias) and replace VALUES(col) in the ON DUPLICATE KEY UPDATE clause with alias.col instead (SQL State: HY000 - Error Code: 1287)
2026-07-25T13:39:51.375Z  WARN 1152 --- [teacher-cert-platform] [           main] o.f.c.i.s.DefaultSqlScriptExecutor       : DB: 'VALUES function' is deprecated and will be removed in a future release. Please use an alias (INSERT INTO ... VALUES (...) AS alias) and replace VALUES(col) in the ON DUPLICATE KEY UPDATE clause with alias.col instead (SQL State: HY000 - Error Code: 1287)
2026-07-25T13:39:51.375Z  WARN 1152 --- [teacher-cert-platform] [           main] o.f.c.i.s.DefaultSqlScriptExecutor       : DB: 'VALUES function' is deprecated and will be removed in a future release. Please use an alias (INSERT INTO ... VALUES (...) AS alias) and replace VALUES(col) in the ON DUPLICATE KEY UPDATE clause with alias.col instead (SQL State: HY000 - Error Code: 1287)
2026-07-25T13:39:51.375Z  WARN 1152 --- [teacher-cert-platform] [           main] o.f.c.i.s.DefaultSqlScriptExecutor       : DB: 'VALUES function' is deprecated and will be removed in a future release. Please use an alias (INSERT INTO ... VALUES (...) AS alias) and replace VALUES(col) in the ON DUPLICATE KEY UPDATE clause with alias.col instead (SQL State: HY000 - Error Code: 1287)
2026-07-25T13:39:51.375Z  WARN 1152 --- [teacher-cert-platform] [           main] o.f.c.i.s.DefaultSqlScriptExecutor       : DB: 'VALUES function' is deprecated and will be removed in a future release. Please use an alias (INSERT INTO ... VALUES (...) AS alias) and replace VALUES(col) in the ON DUPLICATE KEY UPDATE clause with alias.col instead (SQL State: HY000 - Error Code: 1287)
2026-07-25T13:39:51.378Z  WARN 1152 --- [teacher-cert-platform] [           main] o.f.c.i.s.DefaultSqlScriptExecutor       : DB: 'VALUES function' is deprecated and will be removed in a future release. Please use an alias (INSERT INTO ... VALUES (...) AS alias) and replace VALUES(col) in the ON DUPLICATE KEY UPDATE clause with alias.col instead (SQL State: HY000 - Error Code: 1287)
2026-07-25T13:39:51.378Z  WARN 1152 --- [teacher-cert-platform] [           main] o.f.c.i.s.DefaultSqlScriptExecutor       : DB: 'VALUES function' is deprecated and will be removed in a future release. Please use an alias (INSERT INTO ... VALUES (...) AS alias) and replace VALUES(col) in the ON DUPLICATE KEY UPDATE clause with alias.col instead (SQL State: HY000 - Error Code: 1287)
2026-07-25T13:39:51.380Z  WARN 1152 --- [teacher-cert-platform] [           main] o.f.c.i.s.DefaultSqlScriptExecutor       : DB: 'VALUES function' is deprecated and will be removed in a future release. Please use an alias (INSERT INTO ... VALUES (...) AS alias) and replace VALUES(col) in the ON DUPLICATE KEY UPDATE clause with alias.col instead (SQL State: HY000 - Error Code: 1287)
2026-07-25T13:39:51.380Z  WARN 1152 --- [teacher-cert-platform] [           main] o.f.c.i.s.DefaultSqlScriptExecutor       : DB: 'VALUES function' is deprecated and will be removed in a future release. Please use an alias (INSERT INTO ... VALUES (...) AS alias) and replace VALUES(col) in the ON DUPLICATE KEY UPDATE clause with alias.col instead (SQL State: HY000 - Error Code: 1287)
2026-07-25T13:39:51.381Z  WARN 1152 --- [teacher-cert-platform] [           main] o.f.c.i.s.DefaultSqlScriptExecutor       : DB: 'VALUES function' is deprecated and will be removed in a future release. Please use an alias (INSERT INTO ... VALUES (...) AS alias) and replace VALUES(col) in the ON DUPLICATE KEY UPDATE clause with alias.col instead (SQL State: HY000 - Error Code: 1287)
2026-07-25T13:39:51.410Z  INFO 1152 --- [teacher-cert-platform] [           main] o.f.core.internal.command.DbMigrate      : Migrating schema `teacher_cert_p41_source_4889649d15f340aab3204587af9c67cf` to version "9 - student"
2026-07-25T13:39:51.489Z  WARN 1152 --- [teacher-cert-platform] [           main] o.f.c.i.s.DefaultSqlScriptExecutor       : DB: 'VALUES function' is deprecated and will be removed in a future release. Please use an alias (INSERT INTO ... VALUES (...) AS alias) and replace VALUES(col) in the ON DUPLICATE KEY UPDATE clause with alias.col instead (SQL State: HY000 - Error Code: 1287)
2026-07-25T13:39:51.489Z  WARN 1152 --- [teacher-cert-platform] [           main] o.f.c.i.s.DefaultSqlScriptExecutor       : DB: 'VALUES function' is deprecated and will be removed in a future release. Please use an alias (INSERT INTO ... VALUES (...) AS alias) and replace VALUES(col) in the ON DUPLICATE KEY UPDATE clause with alias.col instead (SQL State: HY000 - Error Code: 1287)
2026-07-25T13:39:51.489Z  WARN 1152 --- [teacher-cert-platform] [           main] o.f.c.i.s.DefaultSqlScriptExecutor       : DB: 'VALUES function' is deprecated and will be removed in a future release. Please use an alias (INSERT INTO ... VALUES (...) AS alias) and replace VALUES(col) in the ON DUPLICATE KEY UPDATE clause with alias.col instead (SQL State: HY000 - Error Code: 1287)
2026-07-25T13:39:51.489Z  WARN 1152 --- [teacher-cert-platform] [           main] o.f.c.i.s.DefaultSqlScriptExecutor       : DB: 'VALUES function' is deprecated and will be removed in a future release. Please use an alias (INSERT INTO ... VALUES (...) AS alias) and replace VALUES(col) in the ON DUPLICATE KEY UPDATE clause with alias.col instead (SQL State: HY000 - Error Code: 1287)
2026-07-25T13:39:51.489Z  WARN 1152 --- [teacher-cert-platform] [           main] o.f.c.i.s.DefaultSqlScriptExecutor       : DB: 'VALUES function' is deprecated and will be removed in a future release. Please use an alias (INSERT INTO ... VALUES (...) AS alias) and replace VALUES(col) in the ON DUPLICATE KEY UPDATE clause with alias.col instead (SQL State: HY000 - Error Code: 1287)
2026-07-25T13:39:51.490Z  WARN 1152 --- [teacher-cert-platform] [           main] o.f.c.i.s.DefaultSqlScriptExecutor       : DB: 'VALUES function' is deprecated and will be removed in a future release. Please use an alias (INSERT INTO ... VALUES (...) AS alias) and replace VALUES(col) in the ON DUPLICATE KEY UPDATE clause with alias.col instead (SQL State: HY000 - Error Code: 1287)
2026-07-25T13:39:51.490Z  WARN 1152 --- [teacher-cert-platform] [           main] o.f.c.i.s.DefaultSqlScriptExecutor       : DB: 'VALUES function' is deprecated and will be removed in a future release. Please use an alias (INSERT INTO ... VALUES (...) AS alias) and replace VALUES(col) in the ON DUPLICATE KEY UPDATE clause with alias.col instead (SQL State: HY000 - Error Code: 1287)
2026-07-25T13:39:51.490Z  WARN 1152 --- [teacher-cert-platform] [           main] o.f.c.i.s.DefaultSqlScriptExecutor       : DB: 'VALUES function' is deprecated and will be removed in a future release. Please use an alias (INSERT INTO ... VALUES (...) AS alias) and replace VALUES(col) in the ON DUPLICATE KEY UPDATE clause with alias.col instead (SQL State: HY000 - Error Code: 1287)
2026-07-25T13:39:51.490Z  WARN 1152 --- [teacher-cert-platform] [           main] o.f.c.i.s.DefaultSqlScriptExecutor       : DB: 'VALUES function' is deprecated and will be removed in a future release. Please use an alias (INSERT INTO ... VALUES (...) AS alias) and replace VALUES(col) in the ON DUPLICATE KEY UPDATE clause with alias.col instead (SQL State: HY000 - Error Code: 1287)
2026-07-25T13:39:51.490Z  WARN 1152 --- [teacher-cert-platform] [           main] o.f.c.i.s.DefaultSqlScriptExecutor       : DB: 'VALUES function' is deprecated and will be removed in a future release. Please use an alias (INSERT INTO ... VALUES (...) AS alias) and replace VALUES(col) in the ON DUPLICATE KEY UPDATE clause with alias.col instead (SQL State: HY000 - Error Code: 1287)
2026-07-25T13:39:51.490Z  WARN 1152 --- [teacher-cert-platform] [           main] o.f.c.i.s.DefaultSqlScriptExecutor       : DB: 'VALUES function' is deprecated and will be removed in a future release. Please use an alias (INSERT INTO ... VALUES (...) AS alias) and replace VALUES(col) in the ON DUPLICATE KEY UPDATE clause with alias.col instead (SQL State: HY000 - Error Code: 1287)
2026-07-25T13:39:51.490Z  WARN 1152 --- [teacher-cert-platform] [           main] o.f.c.i.s.DefaultSqlScriptExecutor       : DB: 'VALUES function' is deprecated and will be removed in a future release. Please use an alias (INSERT INTO ... VALUES (...) AS alias) and replace VALUES(col) in the ON DUPLICATE KEY UPDATE clause with alias.col instead (SQL State: HY000 - Error Code: 1287)
2026-07-25T13:39:51.490Z  WARN 1152 --- [teacher-cert-platform] [           main] o.f.c.i.s.DefaultSqlScriptExecutor       : DB: 'VALUES function' is deprecated and will be removed in a future release. Please use an alias (INSERT INTO ... VALUES (...) AS alias) and replace VALUES(col) in the ON DUPLICATE KEY UPDATE clause with alias.col instead (SQL State: HY000 - Error Code: 1287)
2026-07-25T13:39:51.490Z  WARN 1152 --- [teacher-cert-platform] [           main] o.f.c.i.s.DefaultSqlScriptExecutor       : DB: 'VALUES function' is deprecated and will be removed in a future release. Please use an alias (INSERT INTO ... VALUES (...) AS alias) and replace VALUES(col) in the ON DUPLICATE KEY UPDATE clause with alias.col instead (SQL State: HY000 - Error Code: 1287)
2026-07-25T13:39:51.515Z  INFO 1152 --- [teacher-cert-platform] [           main] o.f.core.internal.command.DbMigrate      : Migrating schema `teacher_cert_p41_source_4889649d15f340aab3204587af9c67cf` to version "10 - training profile"
2026-07-25T13:39:51.607Z  WARN 1152 --- [teacher-cert-platform] [           main] o.f.c.i.s.DefaultSqlScriptExecutor       : DB: 'VALUES function' is deprecated and will be removed in a future release. Please use an alias (INSERT INTO ... VALUES (...) AS alias) and replace VALUES(col) in the ON DUPLICATE KEY UPDATE clause with alias.col instead (SQL State: HY000 - Error Code: 1287)
2026-07-25T13:39:51.608Z  WARN 1152 --- [teacher-cert-platform] [           main] o.f.c.i.s.DefaultSqlScriptExecutor       : DB: 'VALUES function' is deprecated and will be removed in a future release. Please use an alias (INSERT INTO ... VALUES (...) AS alias) and replace VALUES(col) in the ON DUPLICATE KEY UPDATE clause with alias.col instead (SQL State: HY000 - Error Code: 1287)
2026-07-25T13:39:51.608Z  WARN 1152 --- [teacher-cert-platform] [           main] o.f.c.i.s.DefaultSqlScriptExecutor       : DB: 'VALUES function' is deprecated and will be removed in a future release. Please use an alias (INSERT INTO ... VALUES (...) AS alias) and replace VALUES(col) in the ON DUPLICATE KEY UPDATE clause with alias.col instead (SQL State: HY000 - Error Code: 1287)
2026-07-25T13:39:51.608Z  WARN 1152 --- [teacher-cert-platform] [           main] o.f.c.i.s.DefaultSqlScriptExecutor       : DB: 'VALUES function' is deprecated and will be removed in a future release. Please use an alias (INSERT INTO ... VALUES (...) AS alias) and replace VALUES(col) in the ON DUPLICATE KEY UPDATE clause with alias.col instead (SQL State: HY000 - Error Code: 1287)
2026-07-25T13:39:51.608Z  WARN 1152 --- [teacher-cert-platform] [           main] o.f.c.i.s.DefaultSqlScriptExecutor       : DB: 'VALUES function' is deprecated and will be removed in a future release. Please use an alias (INSERT INTO ... VALUES (...) AS alias) and replace VALUES(col) in the ON DUPLICATE KEY UPDATE clause with alias.col instead (SQL State: HY000 - Error Code: 1287)
2026-07-25T13:39:51.608Z  WARN 1152 --- [teacher-cert-platform] [           main] o.f.c.i.s.DefaultSqlScriptExecutor       : DB: 'VALUES function' is deprecated and will be removed in a future release. Please use an alias (INSERT INTO ... VALUES (...) AS alias) and replace VALUES(col) in the ON DUPLICATE KEY UPDATE clause with alias.col instead (SQL State: HY000 - Error Code: 1287)
2026-07-25T13:39:51.608Z  WARN 1152 --- [teacher-cert-platform] [           main] o.f.c.i.s.DefaultSqlScriptExecutor       : DB: 'VALUES function' is deprecated and will be removed in a future release. Please use an alias (INSERT INTO ... VALUES (...) AS alias) and replace VALUES(col) in the ON DUPLICATE KEY UPDATE clause with alias.col instead (SQL State: HY000 - Error Code: 1287)
2026-07-25T13:39:51.610Z  WARN 1152 --- [teacher-cert-platform] [           main] o.f.c.i.s.DefaultSqlScriptExecutor       : DB: 'VALUES function' is deprecated and will be removed in a future release. Please use an alias (INSERT INTO ... VALUES (...) AS alias) and replace VALUES(col) in the ON DUPLICATE KEY UPDATE clause with alias.col instead (SQL State: HY000 - Error Code: 1287)
2026-07-25T13:39:51.610Z  WARN 1152 --- [teacher-cert-platform] [           main] o.f.c.i.s.DefaultSqlScriptExecutor       : DB: 'VALUES function' is deprecated and will be removed in a future release. Please use an alias (INSERT INTO ... VALUES (...) AS alias) and replace VALUES(col) in the ON DUPLICATE KEY UPDATE clause with alias.col instead (SQL State: HY000 - Error Code: 1287)
2026-07-25T13:39:51.611Z  WARN 1152 --- [teacher-cert-platform] [           main] o.f.c.i.s.DefaultSqlScriptExecutor       : DB: 'VALUES function' is deprecated and will be removed in a future release. Please use an alias (INSERT INTO ... VALUES (...) AS alias) and replace VALUES(col) in the ON DUPLICATE KEY UPDATE clause with alias.col instead (SQL State: HY000 - Error Code: 1287)
2026-07-25T13:39:51.612Z  WARN 1152 --- [teacher-cert-platform] [           main] o.f.c.i.s.DefaultSqlScriptExecutor       : DB: 'VALUES function' is deprecated and will be removed in a future release. Please use an alias (INSERT INTO ... VALUES (...) AS alias) and replace VALUES(col) in the ON DUPLICATE KEY UPDATE clause with alias.col instead (SQL State: HY000 - Error Code: 1287)
2026-07-25T13:39:51.612Z  WARN 1152 --- [teacher-cert-platform] [           main] o.f.c.i.s.DefaultSqlScriptExecutor       : DB: 'VALUES function' is deprecated and will be removed in a future release. Please use an alias (INSERT INTO ... VALUES (...) AS alias) and replace VALUES(col) in the ON DUPLICATE KEY UPDATE clause with alias.col instead (SQL State: HY000 - Error Code: 1287)
2026-07-25T13:39:51.612Z  WARN 1152 --- [teacher-cert-platform] [           main] o.f.c.i.s.DefaultSqlScriptExecutor       : DB: 'VALUES function' is deprecated and will be removed in a future release. Please use an alias (INSERT INTO ... VALUES (...) AS alias) and replace VALUES(col) in the ON DUPLICATE KEY UPDATE clause with alias.col instead (SQL State: HY000 - Error Code: 1287)
2026-07-25T13:39:51.612Z  WARN 1152 --- [teacher-cert-platform] [           main] o.f.c.i.s.DefaultSqlScriptExecutor       : DB: 'VALUES function' is deprecated and will be removed in a future release. Please use an alias (INSERT INTO ... VALUES (...) AS alias) and replace VALUES(col) in the ON DUPLICATE KEY UPDATE clause with alias.col instead (SQL State: HY000 - Error Code: 1287)
2026-07-25T13:39:51.631Z  INFO 1152 --- [teacher-cert-platform] [           main] o.f.core.internal.command.DbMigrate      : Migrating schema `teacher_cert_p41_source_4889649d15f340aab3204587af9c67cf` to version "11 - process material"
2026-07-25T13:39:51.699Z  WARN 1152 --- [teacher-cert-platform] [           main] o.f.c.i.s.DefaultSqlScriptExecutor       : DB: 'VALUES function' is deprecated and will be removed in a future release. Please use an alias (INSERT INTO ... VALUES (...) AS alias) and replace VALUES(col) in the ON DUPLICATE KEY UPDATE clause with alias.col instead (SQL State: HY000 - Error Code: 1287)
2026-07-25T13:39:51.700Z  WARN 1152 --- [teacher-cert-platform] [           main] o.f.c.i.s.DefaultSqlScriptExecutor       : DB: 'VALUES function' is deprecated and will be removed in a future release. Please use an alias (INSERT INTO ... VALUES (...) AS alias) and replace VALUES(col) in the ON DUPLICATE KEY UPDATE clause with alias.col instead (SQL State: HY000 - Error Code: 1287)
2026-07-25T13:39:51.700Z  WARN 1152 --- [teacher-cert-platform] [           main] o.f.c.i.s.DefaultSqlScriptExecutor       : DB: 'VALUES function' is deprecated and will be removed in a future release. Please use an alias (INSERT INTO ... VALUES (...) AS alias) and replace VALUES(col) in the ON DUPLICATE KEY UPDATE clause with alias.col instead (SQL State: HY000 - Error Code: 1287)
2026-07-25T13:39:51.700Z  WARN 1152 --- [teacher-cert-platform] [           main] o.f.c.i.s.DefaultSqlScriptExecutor       : DB: 'VALUES function' is deprecated and will be removed in a future release. Please use an alias (INSERT INTO ... VALUES (...) AS alias) and replace VALUES(col) in the ON DUPLICATE KEY UPDATE clause with alias.col instead (SQL State: HY000 - Error Code: 1287)
2026-07-25T13:39:51.700Z  WARN 1152 --- [teacher-cert-platform] [           main] o.f.c.i.s.DefaultSqlScriptExecutor       : DB: 'VALUES function' is deprecated and will be removed in a future release. Please use an alias (INSERT INTO ... VALUES (...) AS alias) and replace VALUES(col) in the ON DUPLICATE KEY UPDATE clause with alias.col instead (SQL State: HY000 - Error Code: 1287)
2026-07-25T13:39:51.718Z  INFO 1152 --- [teacher-cert-platform] [           main] o.f.core.internal.command.DbMigrate      : Migrating schema `teacher_cert_p41_source_4889649d15f340aab3204587af9c67cf` to version "12 - exemption"
2026-07-25T13:39:51.880Z  WARN 1152 --- [teacher-cert-platform] [           main] o.f.c.i.s.DefaultSqlScriptExecutor       : DB: 'VALUES function' is deprecated and will be removed in a future release. Please use an alias (INSERT INTO ... VALUES (...) AS alias) and replace VALUES(col) in the ON DUPLICATE KEY UPDATE clause with alias.col instead (SQL State: HY000 - Error Code: 1287)
2026-07-25T13:39:51.881Z  WARN 1152 --- [teacher-cert-platform] [           main] o.f.c.i.s.DefaultSqlScriptExecutor       : DB: 'VALUES function' is deprecated and will be removed in a future release. Please use an alias (INSERT INTO ... VALUES (...) AS alias) and replace VALUES(col) in the ON DUPLICATE KEY UPDATE clause with alias.col instead (SQL State: HY000 - Error Code: 1287)
2026-07-25T13:39:51.881Z  WARN 1152 --- [teacher-cert-platform] [           main] o.f.c.i.s.DefaultSqlScriptExecutor       : DB: 'VALUES function' is deprecated and will be removed in a future release. Please use an alias (INSERT INTO ... VALUES (...) AS alias) and replace VALUES(col) in the ON DUPLICATE KEY UPDATE clause with alias.col instead (SQL State: HY000 - Error Code: 1287)
2026-07-25T13:39:51.881Z  WARN 1152 --- [teacher-cert-platform] [           main] o.f.c.i.s.DefaultSqlScriptExecutor       : DB: 'VALUES function' is deprecated and will be removed in a future release. Please use an alias (INSERT INTO ... VALUES (...) AS alias) and replace VALUES(col) in the ON DUPLICATE KEY UPDATE clause with alias.col instead (SQL State: HY000 - Error Code: 1287)
2026-07-25T13:39:51.881Z  WARN 1152 --- [teacher-cert-platform] [           main] o.f.c.i.s.DefaultSqlScriptExecutor       : DB: 'VALUES function' is deprecated and will be removed in a future release. Please use an alias (INSERT INTO ... VALUES (...) AS alias) and replace VALUES(col) in the ON DUPLICATE KEY UPDATE clause with alias.col instead (SQL State: HY000 - Error Code: 1287)
2026-07-25T13:39:51.882Z  WARN 1152 --- [teacher-cert-platform] [           main] o.f.c.i.s.DefaultSqlScriptExecutor       : DB: 'VALUES function' is deprecated and will be removed in a future release. Please use an alias (INSERT INTO ... VALUES (...) AS alias) and replace VALUES(col) in the ON DUPLICATE KEY UPDATE clause with alias.col instead (SQL State: HY000 - Error Code: 1287)
2026-07-25T13:39:51.883Z  WARN 1152 --- [teacher-cert-platform] [           main] o.f.c.i.s.DefaultSqlScriptExecutor       : DB: 'VALUES function' is deprecated and will be removed in a future release. Please use an alias (INSERT INTO ... VALUES (...) AS alias) and replace VALUES(col) in the ON DUPLICATE KEY UPDATE clause with alias.col instead (SQL State: HY000 - Error Code: 1287)
2026-07-25T13:39:51.883Z  WARN 1152 --- [teacher-cert-platform] [           main] o.f.c.i.s.DefaultSqlScriptExecutor       : DB: 'VALUES function' is deprecated and will be removed in a future release. Please use an alias (INSERT INTO ... VALUES (...) AS alias) and replace VALUES(col) in the ON DUPLICATE KEY UPDATE clause with alias.col instead (SQL State: HY000 - Error Code: 1287)
2026-07-25T13:39:51.883Z  WARN 1152 --- [teacher-cert-platform] [           main] o.f.c.i.s.DefaultSqlScriptExecutor       : DB: 'VALUES function' is deprecated and will be removed in a future release. Please use an alias (INSERT INTO ... VALUES (...) AS alias) and replace VALUES(col) in the ON DUPLICATE KEY UPDATE clause with alias.col instead (SQL State: HY000 - Error Code: 1287)
2026-07-25T13:39:51.883Z  WARN 1152 --- [teacher-cert-platform] [           main] o.f.c.i.s.DefaultSqlScriptExecutor       : DB: 'VALUES function' is deprecated and will be removed in a future release. Please use an alias (INSERT INTO ... VALUES (...) AS alias) and replace VALUES(col) in the ON DUPLICATE KEY UPDATE clause with alias.col instead (SQL State: HY000 - Error Code: 1287)
2026-07-25T13:39:51.883Z  WARN 1152 --- [teacher-cert-platform] [           main] o.f.c.i.s.DefaultSqlScriptExecutor       : DB: 'VALUES function' is deprecated and will be removed in a future release. Please use an alias (INSERT INTO ... VALUES (...) AS alias) and replace VALUES(col) in the ON DUPLICATE KEY UPDATE clause with alias.col instead (SQL State: HY000 - Error Code: 1287)
2026-07-25T13:39:51.885Z  WARN 1152 --- [teacher-cert-platform] [           main] o.f.c.i.s.DefaultSqlScriptExecutor       : DB: 'VALUES function' is deprecated and will be removed in a future release. Please use an alias (INSERT INTO ... VALUES (...) AS alias) and replace VALUES(col) in the ON DUPLICATE KEY UPDATE clause with alias.col instead (SQL State: HY000 - Error Code: 1287)
2026-07-25T13:39:51.885Z  WARN 1152 --- [teacher-cert-platform] [           main] o.f.c.i.s.DefaultSqlScriptExecutor       : DB: 'VALUES function' is deprecated and will be removed in a future release. Please use an alias (INSERT INTO ... VALUES (...) AS alias) and replace VALUES(col) in the ON DUPLICATE KEY UPDATE clause with alias.col instead (SQL State: HY000 - Error Code: 1287)
2026-07-25T13:39:51.885Z  WARN 1152 --- [teacher-cert-platform] [           main] o.f.c.i.s.DefaultSqlScriptExecutor       : DB: 'VALUES function' is deprecated and will be removed in a future release. Please use an alias (INSERT INTO ... VALUES (...) AS alias) and replace VALUES(col) in the ON DUPLICATE KEY UPDATE clause with alias.col instead (SQL State: HY000 - Error Code: 1287)
2026-07-25T13:39:51.885Z  WARN 1152 --- [teacher-cert-platform] [           main] o.f.c.i.s.DefaultSqlScriptExecutor       : DB: 'VALUES function' is deprecated and will be removed in a future release. Please use an alias (INSERT INTO ... VALUES (...) AS alias) and replace VALUES(col) in the ON DUPLICATE KEY UPDATE clause with alias.col instead (SQL State: HY000 - Error Code: 1287)
2026-07-25T13:39:51.885Z  WARN 1152 --- [teacher-cert-platform] [           main] o.f.c.i.s.DefaultSqlScriptExecutor       : DB: 'VALUES function' is deprecated and will be removed in a future release. Please use an alias (INSERT INTO ... VALUES (...) AS alias) and replace VALUES(col) in the ON DUPLICATE KEY UPDATE clause with alias.col instead (SQL State: HY000 - Error Code: 1287)
2026-07-25T13:39:51.908Z  INFO 1152 --- [teacher-cert-platform] [           main] o.f.core.internal.command.DbMigrate      : Migrating schema `teacher_cert_p41_source_4889649d15f340aab3204587af9c67cf` to version "13 - video"
2026-07-25T13:39:52.215Z  WARN 1152 --- [teacher-cert-platform] [           main] o.f.c.i.s.DefaultSqlScriptExecutor       : DB: 'VALUES function' is deprecated and will be removed in a future release. Please use an alias (INSERT INTO ... VALUES (...) AS alias) and replace VALUES(col) in the ON DUPLICATE KEY UPDATE clause with alias.col instead (SQL State: HY000 - Error Code: 1287)
2026-07-25T13:39:52.216Z  WARN 1152 --- [teacher-cert-platform] [           main] o.f.c.i.s.DefaultSqlScriptExecutor       : DB: 'VALUES function' is deprecated and will be removed in a future release. Please use an alias (INSERT INTO ... VALUES (...) AS alias) and replace VALUES(col) in the ON DUPLICATE KEY UPDATE clause with alias.col instead (SQL State: HY000 - Error Code: 1287)
2026-07-25T13:39:52.216Z  WARN 1152 --- [teacher-cert-platform] [           main] o.f.c.i.s.DefaultSqlScriptExecutor       : DB: 'VALUES function' is deprecated and will be removed in a future release. Please use an alias (INSERT INTO ... VALUES (...) AS alias) and replace VALUES(col) in the ON DUPLICATE KEY UPDATE clause with alias.col instead (SQL State: HY000 - Error Code: 1287)
2026-07-25T13:39:52.216Z  WARN 1152 --- [teacher-cert-platform] [           main] o.f.c.i.s.DefaultSqlScriptExecutor       : DB: 'VALUES function' is deprecated and will be removed in a future release. Please use an alias (INSERT INTO ... VALUES (...) AS alias) and replace VALUES(col) in the ON DUPLICATE KEY UPDATE clause with alias.col instead (SQL State: HY000 - Error Code: 1287)
2026-07-25T13:39:52.216Z  WARN 1152 --- [teacher-cert-platform] [           main] o.f.c.i.s.DefaultSqlScriptExecutor       : DB: 'VALUES function' is deprecated and will be removed in a future release. Please use an alias (INSERT INTO ... VALUES (...) AS alias) and replace VALUES(col) in the ON DUPLICATE KEY UPDATE clause with alias.col instead (SQL State: HY000 - Error Code: 1287)
2026-07-25T13:39:52.217Z  WARN 1152 --- [teacher-cert-platform] [           main] o.f.c.i.s.DefaultSqlScriptExecutor       : DB: 'VALUES function' is deprecated and will be removed in a future release. Please use an alias (INSERT INTO ... VALUES (...) AS alias) and replace VALUES(col) in the ON DUPLICATE KEY UPDATE clause with alias.col instead (SQL State: HY000 - Error Code: 1287)
2026-07-25T13:39:52.217Z  WARN 1152 --- [teacher-cert-platform] [           main] o.f.c.i.s.DefaultSqlScriptExecutor       : DB: 'VALUES function' is deprecated and will be removed in a future release. Please use an alias (INSERT INTO ... VALUES (...) AS alias) and replace VALUES(col) in the ON DUPLICATE KEY UPDATE clause with alias.col instead (SQL State: HY000 - Error Code: 1287)
2026-07-25T13:39:52.217Z  WARN 1152 --- [teacher-cert-platform] [           main] o.f.c.i.s.DefaultSqlScriptExecutor       : DB: 'VALUES function' is deprecated and will be removed in a future release. Please use an alias (INSERT INTO ... VALUES (...) AS alias) and replace VALUES(col) in the ON DUPLICATE KEY UPDATE clause with alias.col instead (SQL State: HY000 - Error Code: 1287)
2026-07-25T13:39:52.218Z  WARN 1152 --- [teacher-cert-platform] [           main] o.f.c.i.s.DefaultSqlScriptExecutor       : DB: 'VALUES function' is deprecated and will be removed in a future release. Please use an alias (INSERT INTO ... VALUES (...) AS alias) and replace VALUES(col) in the ON DUPLICATE KEY UPDATE clause with alias.col instead (SQL State: HY000 - Error Code: 1287)
2026-07-25T13:39:52.218Z  WARN 1152 --- [teacher-cert-platform] [           main] o.f.c.i.s.DefaultSqlScriptExecutor       : DB: 'VALUES function' is deprecated and will be removed in a future release. Please use an alias (INSERT INTO ... VALUES (...) AS alias) and replace VALUES(col) in the ON DUPLICATE KEY UPDATE clause with alias.col instead (SQL State: HY000 - Error Code: 1287)
2026-07-25T13:39:52.240Z  INFO 1152 --- [teacher-cert-platform] [           main] o.f.core.internal.command.DbMigrate      : Migrating schema `teacher_cert_p41_source_4889649d15f340aab3204587af9c67cf` to version "14 - test"
2026-07-25T13:39:52.324Z  WARN 1152 --- [teacher-cert-platform] [           main] o.f.c.i.s.DefaultSqlScriptExecutor       : DB: 'VALUES function' is deprecated and will be removed in a future release. Please use an alias (INSERT INTO ... VALUES (...) AS alias) and replace VALUES(col) in the ON DUPLICATE KEY UPDATE clause with alias.col instead (SQL State: HY000 - Error Code: 1287)
2026-07-25T13:39:52.325Z  WARN 1152 --- [teacher-cert-platform] [           main] o.f.c.i.s.DefaultSqlScriptExecutor       : DB: 'VALUES function' is deprecated and will be removed in a future release. Please use an alias (INSERT INTO ... VALUES (...) AS alias) and replace VALUES(col) in the ON DUPLICATE KEY UPDATE clause with alias.col instead (SQL State: HY000 - Error Code: 1287)
2026-07-25T13:39:52.325Z  WARN 1152 --- [teacher-cert-platform] [           main] o.f.c.i.s.DefaultSqlScriptExecutor       : DB: 'VALUES function' is deprecated and will be removed in a future release. Please use an alias (INSERT INTO ... VALUES (...) AS alias) and replace VALUES(col) in the ON DUPLICATE KEY UPDATE clause with alias.col instead (SQL State: HY000 - Error Code: 1287)
2026-07-25T13:39:52.325Z  WARN 1152 --- [teacher-cert-platform] [           main] o.f.c.i.s.DefaultSqlScriptExecutor       : DB: 'VALUES function' is deprecated and will be removed in a future release. Please use an alias (INSERT INTO ... VALUES (...) AS alias) and replace VALUES(col) in the ON DUPLICATE KEY UPDATE clause with alias.col instead (SQL State: HY000 - Error Code: 1287)
2026-07-25T13:39:52.326Z  WARN 1152 --- [teacher-cert-platform] [           main] o.f.c.i.s.DefaultSqlScriptExecutor       : DB: 'VALUES function' is deprecated and will be removed in a future release. Please use an alias (INSERT INTO ... VALUES (...) AS alias) and replace VALUES(col) in the ON DUPLICATE KEY UPDATE clause with alias.col instead (SQL State: HY000 - Error Code: 1287)
2026-07-25T13:39:52.327Z  WARN 1152 --- [teacher-cert-platform] [           main] o.f.c.i.s.DefaultSqlScriptExecutor       : DB: 'VALUES function' is deprecated and will be removed in a future release. Please use an alias (INSERT INTO ... VALUES (...) AS alias) and replace VALUES(col) in the ON DUPLICATE KEY UPDATE clause with alias.col instead (SQL State: HY000 - Error Code: 1287)
2026-07-25T13:39:52.327Z  WARN 1152 --- [teacher-cert-platform] [           main] o.f.c.i.s.DefaultSqlScriptExecutor       : DB: 'VALUES function' is deprecated and will be removed in a future release. Please use an alias (INSERT INTO ... VALUES (...) AS alias) and replace VALUES(col) in the ON DUPLICATE KEY UPDATE clause with alias.col instead (SQL State: HY000 - Error Code: 1287)
2026-07-25T13:39:52.327Z  WARN 1152 --- [teacher-cert-platform] [           main] o.f.c.i.s.DefaultSqlScriptExecutor       : DB: 'VALUES function' is deprecated and will be removed in a future release. Please use an alias (INSERT INTO ... VALUES (...) AS alias) and replace VALUES(col) in the ON DUPLICATE KEY UPDATE clause with alias.col instead (SQL State: HY000 - Error Code: 1287)
2026-07-25T13:39:52.327Z  WARN 1152 --- [teacher-cert-platform] [           main] o.f.c.i.s.DefaultSqlScriptExecutor       : DB: 'VALUES function' is deprecated and will be removed in a future release. Please use an alias (INSERT INTO ... VALUES (...) AS alias) and replace VALUES(col) in the ON DUPLICATE KEY UPDATE clause with alias.col instead (SQL State: HY000 - Error Code: 1287)
2026-07-25T13:39:52.327Z  WARN 1152 --- [teacher-cert-platform] [           main] o.f.c.i.s.DefaultSqlScriptExecutor       : DB: 'VALUES function' is deprecated and will be removed in a future release. Please use an alias (INSERT INTO ... VALUES (...) AS alias) and replace VALUES(col) in the ON DUPLICATE KEY UPDATE clause with alias.col instead (SQL State: HY000 - Error Code: 1287)
2026-07-25T13:39:52.329Z  WARN 1152 --- [teacher-cert-platform] [           main] o.f.c.i.s.DefaultSqlScriptExecutor       : DB: 'VALUES function' is deprecated and will be removed in a future release. Please use an alias (INSERT INTO ... VALUES (...) AS alias) and replace VALUES(col) in the ON DUPLICATE KEY UPDATE clause with alias.col instead (SQL State: HY000 - Error Code: 1287)
2026-07-25T13:39:52.329Z  WARN 1152 --- [teacher-cert-platform] [           main] o.f.c.i.s.DefaultSqlScriptExecutor       : DB: 'VALUES function' is deprecated and will be removed in a future release. Please use an alias (INSERT INTO ... VALUES (...) AS alias) and replace VALUES(col) in the ON DUPLICATE KEY UPDATE clause with alias.col instead (SQL State: HY000 - Error Code: 1287)
2026-07-25T13:39:52.329Z  WARN 1152 --- [teacher-cert-platform] [           main] o.f.c.i.s.DefaultSqlScriptExecutor       : DB: 'VALUES function' is deprecated and will be removed in a future release. Please use an alias (INSERT INTO ... VALUES (...) AS alias) and replace VALUES(col) in the ON DUPLICATE KEY UPDATE clause with alias.col instead (SQL State: HY000 - Error Code: 1287)
2026-07-25T13:39:52.329Z  WARN 1152 --- [teacher-cert-platform] [           main] o.f.c.i.s.DefaultSqlScriptExecutor       : DB: 'VALUES function' is deprecated and will be removed in a future release. Please use an alias (INSERT INTO ... VALUES (...) AS alias) and replace VALUES(col) in the ON DUPLICATE KEY UPDATE clause with alias.col instead (SQL State: HY000 - Error Code: 1287)
2026-07-25T13:39:52.329Z  WARN 1152 --- [teacher-cert-platform] [           main] o.f.c.i.s.DefaultSqlScriptExecutor       : DB: 'VALUES function' is deprecated and will be removed in a future release. Please use an alias (INSERT INTO ... VALUES (...) AS alias) and replace VALUES(col) in the ON DUPLICATE KEY UPDATE clause with alias.col instead (SQL State: HY000 - Error Code: 1287)
2026-07-25T13:39:52.330Z  WARN 1152 --- [teacher-cert-platform] [           main] o.f.c.i.s.DefaultSqlScriptExecutor       : DB: 'VALUES function' is deprecated and will be removed in a future release. Please use an alias (INSERT INTO ... VALUES (...) AS alias) and replace VALUES(col) in the ON DUPLICATE KEY UPDATE clause with alias.col instead (SQL State: HY000 - Error Code: 1287)
2026-07-25T13:39:52.331Z  WARN 1152 --- [teacher-cert-platform] [           main] o.f.c.i.s.DefaultSqlScriptExecutor       : DB: 'VALUES function' is deprecated and will be removed in a future release. Please use an alias (INSERT INTO ... VALUES (...) AS alias) and replace VALUES(col) in the ON DUPLICATE KEY UPDATE clause with alias.col instead (SQL State: HY000 - Error Code: 1287)
2026-07-25T13:39:52.332Z  WARN 1152 --- [teacher-cert-platform] [           main] o.f.c.i.s.DefaultSqlScriptExecutor       : DB: 'VALUES function' is deprecated and will be removed in a future release. Please use an alias (INSERT INTO ... VALUES (...) AS alias) and replace VALUES(col) in the ON DUPLICATE KEY UPDATE clause with alias.col instead (SQL State: HY000 - Error Code: 1287)
2026-07-25T13:39:52.332Z  WARN 1152 --- [teacher-cert-platform] [           main] o.f.c.i.s.DefaultSqlScriptExecutor       : DB: 'VALUES function' is deprecated and will be removed in a future release. Please use an alias (INSERT INTO ... VALUES (...) AS alias) and replace VALUES(col) in the ON DUPLICATE KEY UPDATE clause with alias.col instead (SQL State: HY000 - Error Code: 1287)
2026-07-25T13:39:52.358Z  INFO 1152 --- [teacher-cert-platform] [           main] o.f.core.internal.command.DbMigrate      : Migrating schema `teacher_cert_p41_source_4889649d15f340aab3204587af9c67cf` to version "15 - certificate"
2026-07-25T13:39:52.496Z  WARN 1152 --- [teacher-cert-platform] [           main] o.f.c.i.s.DefaultSqlScriptExecutor       : DB: 'VALUES function' is deprecated and will be removed in a future release. Please use an alias (INSERT INTO ... VALUES (...) AS alias) and replace VALUES(col) in the ON DUPLICATE KEY UPDATE clause with alias.col instead (SQL State: HY000 - Error Code: 1287)
2026-07-25T13:39:52.497Z  WARN 1152 --- [teacher-cert-platform] [           main] o.f.c.i.s.DefaultSqlScriptExecutor       : DB: 'VALUES function' is deprecated and will be removed in a future release. Please use an alias (INSERT INTO ... VALUES (...) AS alias) and replace VALUES(col) in the ON DUPLICATE KEY UPDATE clause with alias.col instead (SQL State: HY000 - Error Code: 1287)
2026-07-25T13:39:52.497Z  WARN 1152 --- [teacher-cert-platform] [           main] o.f.c.i.s.DefaultSqlScriptExecutor       : DB: 'VALUES function' is deprecated and will be removed in a future release. Please use an alias (INSERT INTO ... VALUES (...) AS alias) and replace VALUES(col) in the ON DUPLICATE KEY UPDATE clause with alias.col instead (SQL State: HY000 - Error Code: 1287)
2026-07-25T13:39:52.497Z  WARN 1152 --- [teacher-cert-platform] [           main] o.f.c.i.s.DefaultSqlScriptExecutor       : DB: 'VALUES function' is deprecated and will be removed in a future release. Please use an alias (INSERT INTO ... VALUES (...) AS alias) and replace VALUES(col) in the ON DUPLICATE KEY UPDATE clause with alias.col instead (SQL State: HY000 - Error Code: 1287)
2026-07-25T13:39:52.498Z  WARN 1152 --- [teacher-cert-platform] [           main] o.f.c.i.s.DefaultSqlScriptExecutor       : DB: 'VALUES function' is deprecated and will be removed in a future release. Please use an alias (INSERT INTO ... VALUES (...) AS alias) and replace VALUES(col) in the ON DUPLICATE KEY UPDATE clause with alias.col instead (SQL State: HY000 - Error Code: 1287)
2026-07-25T13:39:52.498Z  WARN 1152 --- [teacher-cert-platform] [           main] o.f.c.i.s.DefaultSqlScriptExecutor       : DB: 'VALUES function' is deprecated and will be removed in a future release. Please use an alias (INSERT INTO ... VALUES (...) AS alias) and replace VALUES(col) in the ON DUPLICATE KEY UPDATE clause with alias.col instead (SQL State: HY000 - Error Code: 1287)
2026-07-25T13:39:52.498Z  WARN 1152 --- [teacher-cert-platform] [           main] o.f.c.i.s.DefaultSqlScriptExecutor       : DB: 'VALUES function' is deprecated and will be removed in a future release. Please use an alias (INSERT INTO ... VALUES (...) AS alias) and replace VALUES(col) in the ON DUPLICATE KEY UPDATE clause with alias.col instead (SQL State: HY000 - Error Code: 1287)
2026-07-25T13:39:52.499Z  WARN 1152 --- [teacher-cert-platform] [           main] o.f.c.i.s.DefaultSqlScriptExecutor       : DB: 'VALUES function' is deprecated and will be removed in a future release. Please use an alias (INSERT INTO ... VALUES (...) AS alias) and replace VALUES(col) in the ON DUPLICATE KEY UPDATE clause with alias.col instead (SQL State: HY000 - Error Code: 1287)
2026-07-25T13:39:52.499Z  WARN 1152 --- [teacher-cert-platform] [           main] o.f.c.i.s.DefaultSqlScriptExecutor       : DB: 'VALUES function' is deprecated and will be removed in a future release. Please use an alias (INSERT INTO ... VALUES (...) AS alias) and replace VALUES(col) in the ON DUPLICATE KEY UPDATE clause with alias.col instead (SQL State: HY000 - Error Code: 1287)
2026-07-25T13:39:52.499Z  WARN 1152 --- [teacher-cert-platform] [           main] o.f.c.i.s.DefaultSqlScriptExecutor       : DB: 'VALUES function' is deprecated and will be removed in a future release. Please use an alias (INSERT INTO ... VALUES (...) AS alias) and replace VALUES(col) in the ON DUPLICATE KEY UPDATE clause with alias.col instead (SQL State: HY000 - Error Code: 1287)
2026-07-25T13:39:52.500Z  WARN 1152 --- [teacher-cert-platform] [           main] o.f.c.i.s.DefaultSqlScriptExecutor       : DB: 'VALUES function' is deprecated and will be removed in a future release. Please use an alias (INSERT INTO ... VALUES (...) AS alias) and replace VALUES(col) in the ON DUPLICATE KEY UPDATE clause with alias.col instead (SQL State: HY000 - Error Code: 1287)
2026-07-25T13:39:52.501Z  WARN 1152 --- [teacher-cert-platform] [           main] o.f.c.i.s.DefaultSqlScriptExecutor       : DB: 'VALUES function' is deprecated and will be removed in a future release. Please use an alias (INSERT INTO ... VALUES (...) AS alias) and replace VALUES(col) in the ON DUPLICATE KEY UPDATE clause with alias.col instead (SQL State: HY000 - Error Code: 1287)
2026-07-25T13:39:52.501Z  WARN 1152 --- [teacher-cert-platform] [           main] o.f.c.i.s.DefaultSqlScriptExecutor       : DB: 'VALUES function' is deprecated and will be removed in a future release. Please use an alias (INSERT INTO ... VALUES (...) AS alias) and replace VALUES(col) in the ON DUPLICATE KEY UPDATE clause with alias.col instead (SQL State: HY000 - Error Code: 1287)
2026-07-25T13:39:52.501Z  WARN 1152 --- [teacher-cert-platform] [           main] o.f.c.i.s.DefaultSqlScriptExecutor       : DB: 'VALUES function' is deprecated and will be removed in a future release. Please use an alias (INSERT INTO ... VALUES (...) AS alias) and replace VALUES(col) in the ON DUPLICATE KEY UPDATE clause with alias.col instead (SQL State: HY000 - Error Code: 1287)
2026-07-25T13:39:52.524Z  INFO 1152 --- [teacher-cert-platform] [           main] o.f.core.internal.command.DbMigrate      : Migrating schema `teacher_cert_p41_source_4889649d15f340aab3204587af9c67cf` to version "16 - certificate student view"
2026-07-25T13:39:52.526Z  WARN 1152 --- [teacher-cert-platform] [           main] o.f.c.i.s.DefaultSqlScriptExecutor       : DB: 'VALUES function' is deprecated and will be removed in a future release. Please use an alias (INSERT INTO ... VALUES (...) AS alias) and replace VALUES(col) in the ON DUPLICATE KEY UPDATE clause with alias.col instead (SQL State: HY000 - Error Code: 1287)
2026-07-25T13:39:52.526Z  WARN 1152 --- [teacher-cert-platform] [           main] o.f.c.i.s.DefaultSqlScriptExecutor       : DB: 'VALUES function' is deprecated and will be removed in a future release. Please use an alias (INSERT INTO ... VALUES (...) AS alias) and replace VALUES(col) in the ON DUPLICATE KEY UPDATE clause with alias.col instead (SQL State: HY000 - Error Code: 1287)
2026-07-25T13:39:52.526Z  WARN 1152 --- [teacher-cert-platform] [           main] o.f.c.i.s.DefaultSqlScriptExecutor       : DB: 'VALUES function' is deprecated and will be removed in a future release. Please use an alias (INSERT INTO ... VALUES (...) AS alias) and replace VALUES(col) in the ON DUPLICATE KEY UPDATE clause with alias.col instead (SQL State: HY000 - Error Code: 1287)
2026-07-25T13:39:52.551Z  INFO 1152 --- [teacher-cert-platform] [           main] o.f.core.internal.command.DbMigrate      : Migrating schema `teacher_cert_p41_source_4889649d15f340aab3204587af9c67cf` to version "17 - exchange"
2026-07-25T13:39:52.779Z  INFO 1152 --- [teacher-cert-platform] [           main] o.f.core.internal.command.DbMigrate      : Migrating schema `teacher_cert_p41_source_4889649d15f340aab3204587af9c67cf` to version "18 - notification"
2026-07-25T13:39:52.868Z  INFO 1152 --- [teacher-cert-platform] [           main] o.f.core.internal.command.DbMigrate      : Migrating schema `teacher_cert_p41_source_4889649d15f340aab3204587af9c67cf` to version "19 - system audit"
2026-07-25T13:39:52.951Z  INFO 1152 --- [teacher-cert-platform] [           main] o.f.core.internal.command.DbMigrate      : Migrating schema `teacher_cert_p41_source_4889649d15f340aab3204587af9c67cf` to version "20 - rbac regrant"
2026-07-25T13:39:52.956Z  WARN 1152 --- [teacher-cert-platform] [           main] o.f.c.i.s.DefaultSqlScriptExecutor       : DB: 'VALUES function' is deprecated and will be removed in a future release. Please use an alias (INSERT INTO ... VALUES (...) AS alias) and replace VALUES(col) in the ON DUPLICATE KEY UPDATE clause with alias.col instead (SQL State: HY000 - Error Code: 1287)
2026-07-25T13:39:52.956Z  WARN 1152 --- [teacher-cert-platform] [           main] o.f.c.i.s.DefaultSqlScriptExecutor       : DB: 'VALUES function' is deprecated and will be removed in a future release. Please use an alias (INSERT INTO ... VALUES (...) AS alias) and replace VALUES(col) in the ON DUPLICATE KEY UPDATE clause with alias.col instead (SQL State: HY000 - Error Code: 1287)
2026-07-25T13:39:52.956Z  WARN 1152 --- [teacher-cert-platform] [           main] o.f.c.i.s.DefaultSqlScriptExecutor       : DB: 'VALUES function' is deprecated and will be removed in a future release. Please use an alias (INSERT INTO ... VALUES (...) AS alias) and replace VALUES(col) in the ON DUPLICATE KEY UPDATE clause with alias.col instead (SQL State: HY000 - Error Code: 1287)
2026-07-25T13:39:52.956Z  WARN 1152 --- [teacher-cert-platform] [           main] o.f.c.i.s.DefaultSqlScriptExecutor       : DB: 'VALUES function' is deprecated and will be removed in a future release. Please use an alias (INSERT INTO ... VALUES (...) AS alias) and replace VALUES(col) in the ON DUPLICATE KEY UPDATE clause with alias.col instead (SQL State: HY000 - Error Code: 1287)
2026-07-25T13:39:52.959Z  WARN 1152 --- [teacher-cert-platform] [           main] o.f.c.i.s.DefaultSqlScriptExecutor       : DB: 'VALUES function' is deprecated and will be removed in a future release. Please use an alias (INSERT INTO ... VALUES (...) AS alias) and replace VALUES(col) in the ON DUPLICATE KEY UPDATE clause with alias.col instead (SQL State: HY000 - Error Code: 1287)
2026-07-25T13:39:52.959Z  WARN 1152 --- [teacher-cert-platform] [           main] o.f.c.i.s.DefaultSqlScriptExecutor       : DB: 'VALUES function' is deprecated and will be removed in a future release. Please use an alias (INSERT INTO ... VALUES (...) AS alias) and replace VALUES(col) in the ON DUPLICATE KEY UPDATE clause with alias.col instead (SQL State: HY000 - Error Code: 1287)
2026-07-25T13:39:52.959Z  WARN 1152 --- [teacher-cert-platform] [           main] o.f.c.i.s.DefaultSqlScriptExecutor       : DB: 'VALUES function' is deprecated and will be removed in a future release. Please use an alias (INSERT INTO ... VALUES (...) AS alias) and replace VALUES(col) in the ON DUPLICATE KEY UPDATE clause with alias.col instead (SQL State: HY000 - Error Code: 1287)
2026-07-25T13:39:52.959Z  WARN 1152 --- [teacher-cert-platform] [           main] o.f.c.i.s.DefaultSqlScriptExecutor       : DB: 'VALUES function' is deprecated and will be removed in a future release. Please use an alias (INSERT INTO ... VALUES (...) AS alias) and replace VALUES(col) in the ON DUPLICATE KEY UPDATE clause with alias.col instead (SQL State: HY000 - Error Code: 1287)
2026-07-25T13:39:52.960Z  WARN 1152 --- [teacher-cert-platform] [           main] o.f.c.i.s.DefaultSqlScriptExecutor       : DB: 'VALUES function' is deprecated and will be removed in a future release. Please use an alias (INSERT INTO ... VALUES (...) AS alias) and replace VALUES(col) in the ON DUPLICATE KEY UPDATE clause with alias.col instead (SQL State: HY000 - Error Code: 1287)
2026-07-25T13:39:52.960Z  WARN 1152 --- [teacher-cert-platform] [           main] o.f.c.i.s.DefaultSqlScriptExecutor       : DB: 'VALUES function' is deprecated and will be removed in a future release. Please use an alias (INSERT INTO ... VALUES (...) AS alias) and replace VALUES(col) in the ON DUPLICATE KEY UPDATE clause with alias.col instead (SQL State: HY000 - Error Code: 1287)
2026-07-25T13:39:52.962Z  WARN 1152 --- [teacher-cert-platform] [           main] o.f.c.i.s.DefaultSqlScriptExecutor       : DB: 'VALUES function' is deprecated and will be removed in a future release. Please use an alias (INSERT INTO ... VALUES (...) AS alias) and replace VALUES(col) in the ON DUPLICATE KEY UPDATE clause with alias.col instead (SQL State: HY000 - Error Code: 1287)
2026-07-25T13:39:52.962Z  WARN 1152 --- [teacher-cert-platform] [           main] o.f.c.i.s.DefaultSqlScriptExecutor       : DB: 'VALUES function' is deprecated and will be removed in a future release. Please use an alias (INSERT INTO ... VALUES (...) AS alias) and replace VALUES(col) in the ON DUPLICATE KEY UPDATE clause with alias.col instead (SQL State: HY000 - Error Code: 1287)
2026-07-25T13:39:52.988Z  INFO 1152 --- [teacher-cert-platform] [           main] o.f.core.internal.command.DbMigrate      : Migrating schema `teacher_cert_p41_source_4889649d15f340aab3204587af9c67cf` to version "21 - test confirm only"
2026-07-25T13:39:52.991Z  WARN 1152 --- [teacher-cert-platform] [           main] o.f.c.i.s.DefaultSqlScriptExecutor       : DB: 'VALUES function' is deprecated and will be removed in a future release. Please use an alias (INSERT INTO ... VALUES (...) AS alias) and replace VALUES(col) in the ON DUPLICATE KEY UPDATE clause with alias.col instead (SQL State: HY000 - Error Code: 1287)
2026-07-25T13:39:52.991Z  WARN 1152 --- [teacher-cert-platform] [           main] o.f.c.i.s.DefaultSqlScriptExecutor       : DB: 'VALUES function' is deprecated and will be removed in a future release. Please use an alias (INSERT INTO ... VALUES (...) AS alias) and replace VALUES(col) in the ON DUPLICATE KEY UPDATE clause with alias.col instead (SQL State: HY000 - Error Code: 1287)
2026-07-25T13:39:52.991Z  WARN 1152 --- [teacher-cert-platform] [           main] o.f.c.i.s.DefaultSqlScriptExecutor       : DB: 'VALUES function' is deprecated and will be removed in a future release. Please use an alias (INSERT INTO ... VALUES (...) AS alias) and replace VALUES(col) in the ON DUPLICATE KEY UPDATE clause with alias.col instead (SQL State: HY000 - Error Code: 1287)
2026-07-25T13:39:52.991Z  WARN 1152 --- [teacher-cert-platform] [           main] o.f.c.i.s.DefaultSqlScriptExecutor       : DB: 'VALUES function' is deprecated and will be removed in a future release. Please use an alias (INSERT INTO ... VALUES (...) AS alias) and replace VALUES(col) in the ON DUPLICATE KEY UPDATE clause with alias.col instead (SQL State: HY000 - Error Code: 1287)
2026-07-25T13:39:53.014Z  INFO 1152 --- [teacher-cert-platform] [           main] o.f.core.internal.command.DbMigrate      : Migrating schema `teacher_cert_p41_source_4889649d15f340aab3204587af9c67cf` to version "22 - reviewer group"
2026-07-25T13:39:53.171Z  INFO 1152 --- [teacher-cert-platform] [           main] o.f.core.internal.command.DbMigrate      : Migrating schema `teacher_cert_p41_source_4889649d15f340aab3204587af9c67cf` to version "23 - field acceptance"
2026-07-25T13:39:53.198Z  INFO 1152 --- [teacher-cert-platform] [           main] o.f.core.internal.command.DbMigrate      : Migrating schema `teacher_cert_p41_source_4889649d15f340aab3204587af9c67cf` to version "24 - unique active cert and student idcard"
2026-07-25T13:39:53.602Z  INFO 1152 --- [teacher-cert-platform] [           main] o.f.core.internal.command.DbMigrate      : Migrating schema `teacher_cert_p41_source_4889649d15f340aab3204587af9c67cf` to version "25 - backup record artifact"
2026-07-25T13:39:53.725Z  INFO 1152 --- [teacher-cert-platform] [           main] o.f.core.internal.command.DbMigrate      : Migrating schema `teacher_cert_p41_source_4889649d15f340aab3204587af9c67cf` to version "26 - remove test seed from prod"
2026-07-25T13:39:53.751Z  INFO 1152 --- [teacher-cert-platform] [           main] o.f.core.internal.command.DbMigrate      : Migrating schema `teacher_cert_p41_source_4889649d15f340aab3204587af9c67cf` to version "27 - ws02 credential hardening defaults"
2026-07-25T13:39:53.772Z  INFO 1152 --- [teacher-cert-platform] [           main] o.f.core.internal.command.DbMigrate      : Migrating schema `teacher_cert_p41_source_4889649d15f340aab3204587af9c67cf` to version "28 - minio presigned multipart"
2026-07-25T13:39:54.400Z  INFO 1152 --- [teacher-cert-platform] [           main] o.f.core.internal.command.DbMigrate      : Migrating schema `teacher_cert_p41_source_4889649d15f340aab3204587af9c67cf` to version "29 - trusted video media validation"
2026-07-25T13:39:55.143Z  WARN 1152 --- [teacher-cert-platform] [           main] o.f.c.i.s.DefaultSqlScriptExecutor       : DB: 'VALUES function' is deprecated and will be removed in a future release. Please use an alias (INSERT INTO ... VALUES (...) AS alias) and replace VALUES(col) in the ON DUPLICATE KEY UPDATE clause with alias.col instead (SQL State: HY000 - Error Code: 1287)
2026-07-25T13:39:55.143Z  WARN 1152 --- [teacher-cert-platform] [           main] o.f.c.i.s.DefaultSqlScriptExecutor       : DB: 'VALUES function' is deprecated and will be removed in a future release. Please use an alias (INSERT INTO ... VALUES (...) AS alias) and replace VALUES(col) in the ON DUPLICATE KEY UPDATE clause with alias.col instead (SQL State: HY000 - Error Code: 1287)
2026-07-25T13:39:55.144Z  WARN 1152 --- [teacher-cert-platform] [           main] o.f.c.i.s.DefaultSqlScriptExecutor       : DB: 'VALUES function' is deprecated and will be removed in a future release. Please use an alias (INSERT INTO ... VALUES (...) AS alias) and replace VALUES(col) in the ON DUPLICATE KEY UPDATE clause with alias.col instead (SQL State: HY000 - Error Code: 1287)
2026-07-25T13:39:55.144Z  WARN 1152 --- [teacher-cert-platform] [           main] o.f.c.i.s.DefaultSqlScriptExecutor       : DB: 'VALUES function' is deprecated and will be removed in a future release. Please use an alias (INSERT INTO ... VALUES (...) AS alias) and replace VALUES(col) in the ON DUPLICATE KEY UPDATE clause with alias.col instead (SQL State: HY000 - Error Code: 1287)
2026-07-25T13:39:55.144Z  WARN 1152 --- [teacher-cert-platform] [           main] o.f.c.i.s.DefaultSqlScriptExecutor       : DB: 'VALUES function' is deprecated and will be removed in a future release. Please use an alias (INSERT INTO ... VALUES (...) AS alias) and replace VALUES(col) in the ON DUPLICATE KEY UPDATE clause with alias.col instead (SQL State: HY000 - Error Code: 1287)
2026-07-25T13:39:55.164Z  INFO 1152 --- [teacher-cert-platform] [           main] o.f.core.internal.command.DbMigrate      : Migrating schema `teacher_cert_p41_source_4889649d15f340aab3204587af9c67cf` to version "30 - video finalization fencing"
2026-07-25T13:39:55.316Z  INFO 1152 --- [teacher-cert-platform] [           main] o.f.core.internal.command.DbMigrate      : Migrating schema `teacher_cert_p41_source_4889649d15f340aab3204587af9c67cf` to version "31 - video finalization high water"
2026-07-25T13:39:55.472Z  INFO 1152 --- [teacher-cert-platform] [           main] o.f.core.internal.command.DbMigrate      : Migrating schema `teacher_cert_p41_source_4889649d15f340aab3204587af9c67cf` to version "32 - video finalization object reconciliation"
2026-07-25T13:39:55.564Z  WARN 1152 --- [teacher-cert-platform] [           main] o.f.c.i.s.DefaultSqlScriptExecutor       : DB: 'VALUES function' is deprecated and will be removed in a future release. Please use an alias (INSERT INTO ... VALUES (...) AS alias) and replace VALUES(col) in the ON DUPLICATE KEY UPDATE clause with alias.col instead (SQL State: HY000 - Error Code: 1287)
[...]
2026-07-25T13:40:05.011Z  WARN 1152 --- [teacher-cert-platform] [           main] o.f.c.i.s.DefaultSqlScriptExecutor       : DB: 'VALUES function' is deprecated and will be removed in a future release. Please use an alias (INSERT INTO ... VALUES (...) AS alias) and replace VALUES(col) in the ON DUPLICATE KEY UPDATE clause with alias.col instead (SQL State: HY000 - Error Code: 1287)
2026-07-25T13:40:05.011Z  WARN 1152 --- [teacher-cert-platform] [           main] o.f.c.i.s.DefaultSqlScriptExecutor       : DB: 'VALUES function' is deprecated and will be removed in a future release. Please use an alias (INSERT INTO ... VALUES (...) AS alias) and replace VALUES(col) in the ON DUPLICATE KEY UPDATE clause with alias.col instead (SQL State: HY000 - Error Code: 1287)
2026-07-25T13:40:05.028Z  INFO 1152 --- [teacher-cert-platform] [           main] o.f.core.internal.command.DbMigrate      : Migrating schema `teacher_cert_p41_restore_4889649d15f340aab3204587af9c67cf` to version "22 - reviewer group"
2026-07-25T13:40:05.170Z  INFO 1152 --- [teacher-cert-platform] [           main] o.f.core.internal.command.DbMigrate      : Migrating schema `teacher_cert_p41_restore_4889649d15f340aab3204587af9c67cf` to version "23 - field acceptance"
2026-07-25T13:40:05.183Z  INFO 1152 --- [teacher-cert-platform] [           main] o.f.core.internal.command.DbMigrate      : Migrating schema `teacher_cert_p41_restore_4889649d15f340aab3204587af9c67cf` to version "24 - unique active cert and student idcard"
2026-07-25T13:40:05.594Z  INFO 1152 --- [teacher-cert-platform] [           main] o.f.core.internal.command.DbMigrate      : Migrating schema `teacher_cert_p41_restore_4889649d15f340aab3204587af9c67cf` to version "25 - backup record artifact"
2026-07-25T13:40:05.716Z  INFO 1152 --- [teacher-cert-platform] [           main] o.f.core.internal.command.DbMigrate      : Migrating schema `teacher_cert_p41_restore_4889649d15f340aab3204587af9c67cf` to version "26 - remove test seed from prod"
2026-07-25T13:40:05.739Z  INFO 1152 --- [teacher-cert-platform] [           main] o.f.core.internal.command.DbMigrate      : Migrating schema `teacher_cert_p41_restore_4889649d15f340aab3204587af9c67cf` to version "27 - ws02 credential hardening defaults"
2026-07-25T13:40:05.758Z  INFO 1152 --- [teacher-cert-platform] [           main] o.f.core.internal.command.DbMigrate      : Migrating schema `teacher_cert_p41_restore_4889649d15f340aab3204587af9c67cf` to version "28 - minio presigned multipart"
2026-07-25T13:40:06.379Z  INFO 1152 --- [teacher-cert-platform] [           main] o.f.core.internal.command.DbMigrate      : Migrating schema `teacher_cert_p41_restore_4889649d15f340aab3204587af9c67cf` to version "29 - trusted video media validation"
2026-07-25T13:40:07.157Z  WARN 1152 --- [teacher-cert-platform] [           main] o.f.c.i.s.DefaultSqlScriptExecutor       : DB: 'VALUES function' is deprecated and will be removed in a future release. Please use an alias (INSERT INTO ... VALUES (...) AS alias) and replace VALUES(col) in the ON DUPLICATE KEY UPDATE clause with alias.col instead (SQL State: HY000 - Error Code: 1287)
2026-07-25T13:40:07.157Z  WARN 1152 --- [teacher-cert-platform] [           main] o.f.c.i.s.DefaultSqlScriptExecutor       : DB: 'VALUES function' is deprecated and will be removed in a future release. Please use an alias (INSERT INTO ... VALUES (...) AS alias) and replace VALUES(col) in the ON DUPLICATE KEY UPDATE clause with alias.col instead (SQL State: HY000 - Error Code: 1287)
2026-07-25T13:40:07.157Z  WARN 1152 --- [teacher-cert-platform] [           main] o.f.c.i.s.DefaultSqlScriptExecutor       : DB: 'VALUES function' is deprecated and will be removed in a future release. Please use an alias (INSERT INTO ... VALUES (...) AS alias) and replace VALUES(col) in the ON DUPLICATE KEY UPDATE clause with alias.col instead (SQL State: HY000 - Error Code: 1287)
2026-07-25T13:40:07.157Z  WARN 1152 --- [teacher-cert-platform] [           main] o.f.c.i.s.DefaultSqlScriptExecutor       : DB: 'VALUES function' is deprecated and will be removed in a future release. Please use an alias (INSERT INTO ... VALUES (...) AS alias) and replace VALUES(col) in the ON DUPLICATE KEY UPDATE clause with alias.col instead (SQL State: HY000 - Error Code: 1287)
2026-07-25T13:40:07.157Z  WARN 1152 --- [teacher-cert-platform] [           main] o.f.c.i.s.DefaultSqlScriptExecutor       : DB: 'VALUES function' is deprecated and will be removed in a future release. Please use an alias (INSERT INTO ... VALUES (...) AS alias) and replace VALUES(col) in the ON DUPLICATE KEY UPDATE clause with alias.col instead (SQL State: HY000 - Error Code: 1287)
2026-07-25T13:40:07.175Z  INFO 1152 --- [teacher-cert-platform] [           main] o.f.core.internal.command.DbMigrate      : Migrating schema `teacher_cert_p41_restore_4889649d15f340aab3204587af9c67cf` to version "30 - video finalization fencing"
2026-07-25T13:40:07.334Z  INFO 1152 --- [teacher-cert-platform] [           main] o.f.core.internal.command.DbMigrate      : Migrating schema `teacher_cert_p41_restore_4889649d15f340aab3204587af9c67cf` to version "31 - video finalization high water"
2026-07-25T13:40:07.483Z  INFO 1152 --- [teacher-cert-platform] [           main] o.f.core.internal.command.DbMigrate      : Migrating schema `teacher_cert_p41_restore_4889649d15f340aab3204587af9c67cf` to version "32 - video finalization object reconciliation"
2026-07-25T13:40:07.557Z  WARN 1152 --- [teacher-cert-platform] [           main] o.f.c.i.s.DefaultSqlScriptExecutor       : DB: 'VALUES function' is deprecated and will be removed in a future release. Please use an alias (INSERT INTO ... VALUES (...) AS alias) and replace VALUES(col) in the ON DUPLICATE KEY UPDATE clause with alias.col instead (SQL State: HY000 - Error Code: 1287)
2026-07-25T13:40:07.557Z  WARN 1152 --- [teacher-cert-platform] [           main] o.f.c.i.s.DefaultSqlScriptExecutor       : DB: 'VALUES function' is deprecated and will be removed in a future release. Please use an alias (INSERT INTO ... VALUES (...) AS alias) and replace VALUES(col) in the ON DUPLICATE KEY UPDATE clause with alias.col instead (SQL State: HY000 - Error Code: 1287)
2026-07-25T13:40:07.557Z  WARN 1152 --- [teacher-cert-platform] [           main] o.f.c.i.s.DefaultSqlScriptExecutor       : DB: 'VALUES function' is deprecated and will be removed in a future release. Please use an alias (INSERT INTO ... VALUES (...) AS alias) and replace VALUES(col) in the ON DUPLICATE KEY UPDATE clause with alias.col instead (SQL State: HY000 - Error Code: 1287)
2026-07-25T13:40:07.557Z  WARN 1152 --- [teacher-cert-platform] [           main] o.f.c.i.s.DefaultSqlScriptExecutor       : DB: 'VALUES function' is deprecated and will be removed in a future release. Please use an alias (INSERT INTO ... VALUES (...) AS alias) and replace VALUES(col) in the ON DUPLICATE KEY UPDATE clause with alias.col instead (SQL State: HY000 - Error Code: 1287)
2026-07-25T13:40:07.557Z  WARN 1152 --- [teacher-cert-platform] [           main] o.f.c.i.s.DefaultSqlScriptExecutor       : DB: 'VALUES function' is deprecated and will be removed in a future release. Please use an alias (INSERT INTO ... VALUES (...) AS alias) and replace VALUES(col) in the ON DUPLICATE KEY UPDATE clause with alias.col instead (SQL State: HY000 - Error Code: 1287)
2026-07-25T13:40:07.570Z  INFO 1152 --- [teacher-cert-platform] [           main] o.f.core.internal.command.DbMigrate      : Successfully applied 32 migrations to schema `teacher_cert_p41_restore_4889649d15f340aab3204587af9c67cf`, now at version v32 (execution time 00:04.881s)
2026-07-25T13:40:10.337Z ERROR 1152 --- [teacher-cert-platform] [           main] c.e.g.p.s.s.impl.DatabaseBackupService   : ???? id=2081011628441968642

java.lang.IllegalStateException: ??? SQL ???????: table=import_export_batch rowOrdinal=1 minimumBytes=18175967 maxBytes=1048576
	at cn.edu.gpnu.platform.system.service.impl.DatabaseBackupService.statementTooLarge(DatabaseBackupService.java:497) ~[platform-system-1.0.0-SNAPSHOT.jar:1.0.0-SNAPSHOT]
	at cn.edu.gpnu.platform.system.service.impl.DatabaseBackupService.dumpTable(DatabaseBackupService.java:297) ~[platform-system-1.0.0-SNAPSHOT.jar:1.0.0-SNAPSHOT]
	at cn.edu.gpnu.platform.system.service.impl.DatabaseBackupService.exportToFile(DatabaseBackupService.java:225) ~[platform-system-1.0.0-SNAPSHOT.jar:1.0.0-SNAPSHOT]
	at cn.edu.gpnu.platform.system.service.impl.DatabaseBackupService.backup(DatabaseBackupService.java:140) ~[platform-system-1.0.0-SNAPSHOT.jar:1.0.0-SNAPSHOT]
	at cn.edu.gpnu.platform.boot.Phase41BackupIT.lambda$assertOversizedStatementFailsClosed$25(Phase41BackupIT.java:602) ~[test-classes/:na]
	at org.assertj.core.api.ThrowableAssert.catchThrowable(ThrowableAssert.java:63) ~[assertj-core-3.26.3.jar:na]
	at org.assertj.core.api.AssertionsForClassTypes.catchThrowable(AssertionsForClassTypes.java:904) ~[assertj-core-3.26.3.jar:na]
	at org.assertj.core.api.Assertions.catchThrowable(Assertions.java:1470) ~[assertj-core-3.26.3.jar:na]
	at org.assertj.core.api.Assertions.assertThatThrownBy(Assertions.java:1313) ~[assertj-core-3.26.3.jar:na]
	at cn.edu.gpnu.platform.boot.Phase41BackupIT.assertOversizedStatementFailsClosed(Phase41BackupIT.java:602) ~[test-classes/:na]
	at cn.edu.gpnu.platform.boot.Phase41BackupIT.fullArtifactReplacesFlywaySeedsAndRestoresExactSnapshotAtomically(Phase41BackupIT.java:284) ~[test-classes/:na]
	at java.base/jdk.internal.reflect.NativeMethodAccessorImpl.invoke0(Native Method) ~[na:na]
	at java.base/jdk.internal.reflect.NativeMethodAccessorImpl.invoke(NativeMethodAccessorImpl.java:77) ~[na:na]
	at java.base/jdk.internal.reflect.DelegatingMethodAccessorImpl.invoke(DelegatingMethodAccessorImpl.java:43) ~[na:na]
	at java.base/java.lang.reflect.Method.invoke(Method.java:569) ~[na:na]
	at org.junit.platform.commons.util.ReflectionUtils.invokeMethod(ReflectionUtils.java:767) ~[junit-platform-commons-1.11.4.jar:1.11.4]
	at org.junit.jupiter.engine.execution.MethodInvocation.proceed(MethodInvocation.java:60) ~[junit-jupiter-engine-5.11.4.jar:5.11.4]
	at org.junit.jupiter.engine.execution.InvocationInterceptorChain$ValidatingInvocation.proceed(InvocationInterceptorChain.java:131) ~[junit-jupiter-engine-5.11.4.jar:5.11.4]
	at org.junit.jupiter.engine.extension.TimeoutExtension.intercept(TimeoutExtension.java:156) ~[junit-jupiter-engine-5.11.4.jar:5.11.4]
	at org.junit.jupiter.engine.extension.TimeoutExtension.interceptTestableMethod(TimeoutExtension.java:147) ~[junit-jupiter-engine-5.11.4.jar:5.11.4]
	at org.junit.jupiter.engine.extension.TimeoutExtension.interceptTestMethod(TimeoutExtension.java:86) ~[junit-jupiter-engine-5.11.4.jar:5.11.4]
	at org.junit.jupiter.engine.execution.InterceptingExecutableInvoker$ReflectiveInterceptorCall.lambda$ofVoidMethod$0(InterceptingExecutableInvoker.java:103) ~[junit-jupiter-engine-5.11.4.jar:5.11.4]
	at org.junit.jupiter.engine.execution.InterceptingExecutableInvoker.lambda$invoke$0(InterceptingExecutableInvoker.java:93) ~[junit-jupiter-engine-5.11.4.jar:5.11.4]
	at org.junit.jupiter.engine.execution.InvocationInterceptorChain$InterceptedInvocation.proceed(InvocationInterceptorChain.java:106) ~[junit-jupiter-engine-5.11.4.jar:5.11.4]
	at org.junit.jupiter.engine.execution.InvocationInterceptorChain.proceed(InvocationInterceptorChain.java:64) ~[junit-jupiter-engine-5.11.4.jar:5.11.4]
	at org.junit.jupiter.engine.execution.InvocationInterceptorChain.chainAndInvoke(InvocationInterceptorChain.java:45) ~[junit-jupiter-engine-5.11.4.jar:5.11.4]
	at org.junit.jupiter.engine.execution.InvocationInterceptorChain.invoke(InvocationInterceptorChain.java:37) ~[junit-jupiter-engine-5.11.4.jar:5.11.4]
	at org.junit.jupiter.engine.execution.InterceptingExecutableInvoker.invoke(InterceptingExecutableInvoker.java:92) ~[junit-jupiter-engine-5.11.4.jar:5.11.4]
	at org.junit.jupiter.engine.execution.InterceptingExecutableInvoker.invoke(InterceptingExecutableInvoker.java:86) ~[junit-jupiter-engine-5.11.4.jar:5.11.4]
	at org.junit.jupiter.engine.descriptor.TestMethodTestDescriptor.lambda$invokeTestMethod$8(TestMethodTestDescriptor.java:217) ~[junit-jupiter-engine-5.11.4.jar:5.11.4]
	at org.junit.platform.engine.support.hierarchical.ThrowableCollector.execute(ThrowableCollector.java:73) ~[junit-platform-engine-1.11.4.jar:1.11.4]
	at org.junit.jupiter.engine.descriptor.TestMethodTestDescriptor.invokeTestMethod(TestMethodTestDescriptor.java:213) ~[junit-jupiter-engine-5.11.4.jar:5.11.4]
	at org.junit.jupiter.engine.descriptor.TestMethodTestDescriptor.execute(TestMethodTestDescriptor.java:138) ~[junit-jupiter-engine-5.11.4.jar:5.11.4]
	at org.junit.jupiter.engine.descriptor.TestMethodTestDescriptor.execute(TestMethodTestDescriptor.java:68) ~[junit-jupiter-engine-5.11.4.jar:5.11.4]
	at org.junit.platform.engine.support.hierarchical.NodeTestTask.lambda$executeRecursively$6(NodeTestTask.java:156) ~[junit-platform-engine-1.11.4.jar:1.11.4]
	at org.junit.platform.engine.support.hierarchical.ThrowableCollector.execute(ThrowableCollector.java:73) ~[junit-platform-engine-1.11.4.jar:1.11.4]
	at org.junit.platform.engine.support.hierarchical.NodeTestTask.lambda$executeRecursively$8(NodeTestTask.java:146) ~[junit-platform-engine-1.11.4.jar:1.11.4]
	at org.junit.platform.engine.support.hierarchical.Node.around(Node.java:137) ~[junit-platform-engine-1.11.4.jar:1.11.4]
	at org.junit.platform.engine.support.hierarchical.NodeTestTask.lambda$executeRecursively$9(NodeTestTask.java:144) ~[junit-platform-engine-1.11.4.jar:1.11.4]
	at org.junit.platform.engine.support.hierarchical.ThrowableCollector.execute(ThrowableCollector.java:73) ~[junit-platform-engine-1.11.4.jar:1.11.4]
	at org.junit.platform.engine.support.hierarchical.NodeTestTask.executeRecursively(NodeTestTask.java:143) ~[junit-platform-engine-1.11.4.jar:1.11.4]
	at org.junit.platform.engine.support.hierarchical.NodeTestTask.execute(NodeTestTask.java:100) ~[junit-platform-engine-1.11.4.jar:1.11.4]
	at java.base/java.util.ArrayList.forEach(ArrayList.java:1511) ~[na:na]
	at org.junit.platform.engine.support.hierarchical.SameThreadHierarchicalTestExecutorService.invokeAll(SameThreadHierarchicalTestExecutorService.java:41) ~[junit-platform-engine-1.11.4.jar:1.11.4]
	at org.junit.platform.engine.support.hierarchical.NodeTestTask.lambda$executeRecursively$6(NodeTestTask.java:160) ~[junit-platform-engine-1.11.4.jar:1.11.4]
	at org.junit.platform.engine.support.hierarchical.ThrowableCollector.execute(ThrowableCollector.java:73) ~[junit-platform-engine-1.11.4.jar:1.11.4]
	at org.junit.platform.engine.support.hierarchical.NodeTestTask.lambda$executeRecursively$8(NodeTestTask.java:146) ~[junit-platform-engine-1.11.4.jar:1.11.4]
	at org.junit.platform.engine.support.hierarchical.Node.around(Node.java:137) ~[junit-platform-engine-1.11.4.jar:1.11.4]
	at org.junit.platform.engine.support.hierarchical.NodeTestTask.lambda$executeRecursively$9(NodeTestTask.java:144) ~[junit-platform-engine-1.11.4.jar:1.11.4]
	at org.junit.platform.engine.support.hierarchical.ThrowableCollector.execute(ThrowableCollector.java:73) ~[junit-platform-engine-1.11.4.jar:1.11.4]
	at org.junit.platform.engine.support.hierarchical.NodeTestTask.executeRecursively(NodeTestTask.java:143) ~[junit-platform-engine-1.11.4.jar:1.11.4]
	at org.junit.platform.engine.support.hierarchical.NodeTestTask.execute(NodeTestTask.java:100) ~[junit-platform-engine-1.11.4.jar:1.11.4]
	at java.base/java.util.ArrayList.forEach(ArrayList.java:1511) ~[na:na]
	at org.junit.platform.engine.support.hierarchical.SameThreadHierarchicalTestExecutorService.invokeAll(SameThreadHierarchicalTestExecutorService.java:41) ~[junit-platform-engine-1.11.4.jar:1.11.4]
	at org.junit.platform.engine.support.hierarchical.NodeTestTask.lambda$executeRecursively$6(NodeTestTask.java:160) ~[junit-platform-engine-1.11.4.jar:1.11.4]
	at org.junit.platform.engine.support.hierarchical.ThrowableCollector.execute(ThrowableCollector.java:73) ~[junit-platform-engine-1.11.4.jar:1.11.4]
	at org.junit.platform.engine.support.hierarchical.NodeTestTask.lambda$executeRecursively$8(NodeTestTask.java:146) ~[junit-platform-engine-1.11.4.jar:1.11.4]
	at org.junit.platform.engine.support.hierarchical.Node.around(Node.java:137) ~[junit-platform-engine-1.11.4.jar:1.11.4]
	at org.junit.platform.engine.support.hierarchical.NodeTestTask.lambda$executeRecursively$9(NodeTestTask.java:144) ~[junit-platform-engine-1.11.4.jar:1.11.4]
	at org.junit.platform.engine.support.hierarchical.ThrowableCollector.execute(ThrowableCollector.java:73) ~[junit-platform-engine-1.11.4.jar:1.11.4]
	at org.junit.platform.engine.support.hierarchical.NodeTestTask.executeRecursively(NodeTestTask.java:143) ~[junit-platform-engine-1.11.4.jar:1.11.4]
	at org.junit.platform.engine.support.hierarchical.NodeTestTask.execute(NodeTestTask.java:100) ~[junit-platform-engine-1.11.4.jar:1.11.4]
	at org.junit.platform.engine.support.hierarchical.SameThreadHierarchicalTestExecutorService.submit(SameThreadHierarchicalTestExecutorService.java:35) ~[junit-platform-engine-1.11.4.jar:1.11.4]
	at org.junit.platform.engine.support.hierarchical.HierarchicalTestExecutor.execute(HierarchicalTestExecutor.java:57) ~[junit-platform-engine-1.11.4.jar:1.11.4]
	at org.junit.platform.engine.support.hierarchical.HierarchicalTestEngine.execute(HierarchicalTestEngine.java:54) ~[junit-platform-engine-1.11.4.jar:1.11.4]
	at org.junit.platform.launcher.core.EngineExecutionOrchestrator.execute(EngineExecutionOrchestrator.java:198) ~[junit-platform-launcher-1.11.4.jar:1.11.4]
	at org.junit.platform.launcher.core.EngineExecutionOrchestrator.execute(EngineExecutionOrchestrator.java:169) ~[junit-platform-launcher-1.11.4.jar:1.11.4]
	at org.junit.platform.launcher.core.EngineExecutionOrchestrator.execute(EngineExecutionOrchestrator.java:93) ~[junit-platform-launcher-1.11.4.jar:1.11.4]
	at org.junit.platform.launcher.core.EngineExecutionOrchestrator.lambda$execute$0(EngineExecutionOrchestrator.java:58) ~[junit-platform-launcher-1.11.4.jar:1.11.4]
	at org.junit.platform.launcher.core.EngineExecutionOrchestrator.withInterceptedStreams(EngineExecutionOrchestrator.java:141) ~[junit-platform-launcher-1.11.4.jar:1.11.4]
	at org.junit.platform.launcher.core.EngineExecutionOrchestrator.execute(EngineExecutionOrchestrator.java:57) ~[junit-platform-launcher-1.11.4.jar:1.11.4]
	at org.junit.platform.launcher.core.DefaultLauncher.execute(DefaultLauncher.java:103) ~[junit-platform-launcher-1.11.4.jar:1.11.4]
	at org.junit.platform.launcher.core.DefaultLauncher.execute(DefaultLauncher.java:85) ~[junit-platform-launcher-1.11.4.jar:1.11.4]
	at org.junit.platform.launcher.core.DelegatingLauncher.execute(DelegatingLauncher.java:47) ~[junit-platform-launcher-1.11.4.jar:1.11.4]
	at org.apache.maven.surefire.junitplatform.LauncherAdapter.executeWithoutCancellationToken(LauncherAdapter.java:60) ~[surefire-junit-platform-3.5.4.jar:3.5.4]
	at org.apache.maven.surefire.junitplatform.LauncherAdapter.execute(LauncherAdapter.java:52) ~[surefire-junit-platform-3.5.4.jar:3.5.4]
	at org.apache.maven.surefire.junitplatform.JUnitPlatformProvider.execute(JUnitPlatformProvider.java:203) ~[surefire-junit-platform-3.5.4.jar:3.5.4]
	at org.apache.maven.surefire.junitplatform.JUnitPlatformProvider.invokeAllTests(JUnitPlatformProvider.java:168) ~[surefire-junit-platform-3.5.4.jar:3.5.4]
	at org.apache.maven.surefire.junitplatform.JUnitPlatformProvider.invoke(JUnitPlatformProvider.java:136) ~[surefire-junit-platform-3.5.4.jar:3.5.4]
	at org.apache.maven.surefire.booter.ForkedBooter.runSuitesInProcess(ForkedBooter.java:385) ~[surefire-booter-3.5.4.jar:3.5.4]
	at org.apache.maven.surefire.booter.ForkedBooter.execute(ForkedBooter.java:162) ~[surefire-booter-3.5.4.jar:3.5.4]
	at org.apache.maven.surefire.booter.ForkedBooter.run(ForkedBooter.java:507) ~[surefire-booter-3.5.4.jar:3.5.4]
	at org.apache.maven.surefire.booter.ForkedBooter.main(ForkedBooter.java:495) ~[surefire-booter-3.5.4.jar:3.5.4]

]]></system-out>
  </testcase>
</testsuite>