<?xml version="1.0" encoding="UTF-8"?>
<testsuite xmlns:xsi="http://www.w3.org/2001/XMLSchema-instance" xsi:noNamespaceSchemaLocation="https://maven.apache.org/surefire/maven-failsafe-plugin/xsd/failsafe-test-report.xsd" version="3.0.2" name="cn.edu.gpnu.platform.boot.Phase41BackupIT" time="20.134" tests="1" errors="0" skipped="0" failures="0">
  <properties>
[...]
</properties>
  <testcase name="fullArtifactReplacesFlywaySeedsAndRestoresExactSnapshotAtomically" classname="cn.edu.gpnu.platform.boot.Phase41BackupIT" time="9.19">
    <system-out><![CDATA[Standard Commons Logging discovery in action with spring-jcl: please remove commons-logging.jar from classpath in order to avoid potential conflicts

  .   ____          _            __ _ _
 /\\ / ___'_ __ _ _(_)_ __  __ _ \ \ \ \
( ( )\___ | '_ | '_| | '_ \/ _` | \ \ \ \
 \\/  ___)| |_)| | | | | || (_| |  ) ) ) )
  '  |____| .__|_| |_|_| |_\__, | / / / /
 =========|_|==============|___/=/_/_/_/

 :: Spring Boot ::               (v3.4.13)

2026-07-29T08:25:04.350Z  INFO 1559 --- [teacher-cert-platform] [           main] c.e.gpnu.platform.boot.Phase41BackupIT   : Starting Phase41BackupIT using Java 17.0.19 with PID 1559 (started by root in /workspace/platform-boot)
2026-07-29T08:25:04.351Z  INFO 1559 --- [teacher-cert-platform] [           main] c.e.gpnu.platform.boot.Phase41BackupIT   : The following 1 profile is active: "dev"
2026-07-29T08:25:05.020Z  INFO 1559 --- [teacher-cert-platform] [           main] .s.d.r.c.RepositoryConfigurationDelegate : Multiple Spring Data modules found, entering strict repository configuration mode
2026-07-29T08:25:05.022Z  INFO 1559 --- [teacher-cert-platform] [           main] .s.d.r.c.RepositoryConfigurationDelegate : Bootstrapping Spring Data Redis repositories in DEFAULT mode.
2026-07-29T08:25:05.051Z  INFO 1559 --- [teacher-cert-platform] [           main] .s.d.r.c.RepositoryConfigurationDelegate : Finished Spring Data repository scanning in 19 ms. Found 0 Redis repository interfaces.
2026-07-29T08:25:05.685Z  INFO 1559 --- [teacher-cert-platform] [           main] o.s.b.w.embedded.tomcat.TomcatWebServer  : Tomcat initialized with port 0 (http)
2026-07-29T08:25:05.695Z  INFO 1559 --- [teacher-cert-platform] [           main] o.apache.catalina.core.StandardService   : Starting service [Tomcat]
2026-07-29T08:25:05.695Z  INFO 1559 --- [teacher-cert-platform] [           main] o.apache.catalina.core.StandardEngine    : Starting Servlet engine: [Apache Tomcat/10.1.50]
2026-07-29T08:25:05.733Z  INFO 1559 --- [teacher-cert-platform] [           main] o.a.c.c.C.[Tomcat].[localhost].[/]       : Initializing Spring embedded WebApplicationContext
2026-07-29T08:25:05.734Z  INFO 1559 --- [teacher-cert-platform] [           main] w.s.c.ServletWebServerApplicationContext : Root WebApplicationContext: initialization completed in 1372 ms
Standard Commons Logging discovery in action with spring-jcl: please remove commons-logging.jar from classpath in order to avoid potential conflicts
2026-07-29T08:25:05.968Z  INFO 1559 --- [teacher-cert-platform] [           main] com.zaxxer.hikari.HikariDataSource       : HikariPool-1 - Starting...
2026-07-29T08:25:05.978Z  INFO 1559 --- [teacher-cert-platform] [           main] com.zaxxer.hikari.pool.HikariPool        : HikariPool-1 - Added connection com.mysql.cj.jdbc.ConnectionImpl@2eb9c7ad
2026-07-29T08:25:05.979Z  INFO 1559 --- [teacher-cert-platform] [           main] com.zaxxer.hikari.HikariDataSource       : HikariPool-1 - Start completed.
2026-07-29T08:25:06.005Z  INFO 1559 --- [teacher-cert-platform] [           main] org.flywaydb.core.FlywayExecutor         : Database: jdbc:mysql://127.0.0.1:3306/teacher_cert_p41_source_edfe0e6dc49c41dd8c8fcf81324e9e76?useUnicode=true&characterEncoding=utf8&serverTimezone=Asia/Shanghai&allowPublicKeyRetrieval=true&useSSL=false (MySQL 8.4)
2026-07-29T08:25:06.015Z  WARN 1559 --- [teacher-cert-platform] [           main] o.f.c.internal.database.base.Database    : Flyway upgrade recommended: MySQL 8.4 is newer than this version of Flyway and support has not been tested. The latest supported version of MySQL is 8.1.
2026-07-29T08:25:06.040Z  INFO 1559 --- [teacher-cert-platform] [           main] o.f.c.i.s.JdbcTableSchemaHistory         : Schema history table `teacher_cert_p41_source_edfe0e6dc49c41dd8c8fcf81324e9e76`.`flyway_schema_history` does not exist yet
2026-07-29T08:25:06.042Z  INFO 1559 --- [teacher-cert-platform] [           main] o.f.core.internal.command.DbValidate     : Successfully validated 32 migrations (execution time 00:00.019s)
2026-07-29T08:25:06.056Z  INFO 1559 --- [teacher-cert-platform] [           main] o.f.c.i.s.JdbcTableSchemaHistory         : Creating Schema History table `teacher_cert_p41_source_edfe0e6dc49c41dd8c8fcf81324e9e76`.`flyway_schema_history` ...
2026-07-29T08:25:06.135Z  INFO 1559 --- [teacher-cert-platform] [           main] o.f.core.internal.command.DbMigrate      : Current version of schema `teacher_cert_p41_source_edfe0e6dc49c41dd8c8fcf81324e9e76`: << Empty Schema >>
2026-07-29T08:25:06.149Z  INFO 1559 --- [teacher-cert-platform] [           main] o.f.core.internal.command.DbMigrate      : Migrating schema `teacher_cert_p41_source_edfe0e6dc49c41dd8c8fcf81324e9e76` to version "1 - base"
2026-07-29T08:25:06.318Z  INFO 1559 --- [teacher-cert-platform] [           main] o.f.core.internal.command.DbMigrate      : Migrating schema `teacher_cert_p41_source_edfe0e6dc49c41dd8c8fcf81324e9e76` to version "2 - dict"
2026-07-29T08:25:06.791Z  INFO 1559 --- [teacher-cert-platform] [           main] o.f.core.internal.command.DbMigrate      : Migrating schema `teacher_cert_p41_source_edfe0e6dc49c41dd8c8fcf81324e9e76` to version "3 - dict seed"
2026-07-29T08:25:06.806Z  WARN 1559 --- [teacher-cert-platform] [           main] o.f.c.i.s.DefaultSqlScriptExecutor       : DB: 'VALUES function' is deprecated and will be removed in a future release. Please use an alias (INSERT INTO ... VALUES (...) AS alias) and replace VALUES(col) in the ON DUPLICATE KEY UPDATE clause with alias.col instead (SQL State: HY000 - Error Code: 1287)
2026-07-29T08:25:06.806Z  WARN 1559 --- [teacher-cert-platform] [           main] o.f.c.i.s.DefaultSqlScriptExecutor       : DB: 'VALUES function' is deprecated and will be removed in a future release. Please use an alias (INSERT INTO ... VALUES (...) AS alias) and replace VALUES(col) in the ON DUPLICATE KEY UPDATE clause with alias.col instead (SQL State: HY000 - Error Code: 1287)
2026-07-29T08:25:06.806Z  WARN 1559 --- [teacher-cert-platform] [           main] o.f.c.i.s.DefaultSqlScriptExecutor       : DB: 'VALUES function' is deprecated and will be removed in a future release. Please use an alias (INSERT INTO ... VALUES (...) AS alias) and replace VALUES(col) in the ON DUPLICATE KEY UPDATE clause with alias.col instead (SQL State: HY000 - Error Code: 1287)
2026-07-29T08:25:06.806Z  WARN 1559 --- [teacher-cert-platform] [           main] o.f.c.i.s.DefaultSqlScriptExecutor       : DB: 'VALUES function' is deprecated and will be removed in a future release. Please use an alias (INSERT INTO ... VALUES (...) AS alias) and replace VALUES(col) in the ON DUPLICATE KEY UPDATE clause with alias.col instead (SQL State: HY000 - Error Code: 1287)
2026-07-29T08:25:06.808Z  WARN 1559 --- [teacher-cert-platform] [           main] o.f.c.i.s.DefaultSqlScriptExecutor       : DB: 'VALUES function' is deprecated and will be removed in a future release. Please use an alias (INSERT INTO ... VALUES (...) AS alias) and replace VALUES(col) in the ON DUPLICATE KEY UPDATE clause with alias.col instead (SQL State: HY000 - Error Code: 1287)
2026-07-29T08:25:06.809Z  WARN 1559 --- [teacher-cert-platform] [           main] o.f.c.i.s.DefaultSqlScriptExecutor       : DB: 'VALUES function' is deprecated and will be removed in a future release. Please use an alias (INSERT INTO ... VALUES (...) AS alias) and replace VALUES(col) in the ON DUPLICATE KEY UPDATE clause with alias.col instead (SQL State: HY000 - Error Code: 1287)
2026-07-29T08:25:06.809Z  WARN 1559 --- [teacher-cert-platform] [           main] o.f.c.i.s.DefaultSqlScriptExecutor       : DB: 'VALUES function' is deprecated and will be removed in a future release. Please use an alias (INSERT INTO ... VALUES (...) AS alias) and replace VALUES(col) in the ON DUPLICATE KEY UPDATE clause with alias.col instead (SQL State: HY000 - Error Code: 1287)
2026-07-29T08:25:06.809Z  WARN 1559 --- [teacher-cert-platform] [           main] o.f.c.i.s.DefaultSqlScriptExecutor       : DB: 'VALUES function' is deprecated and will be removed in a future release. Please use an alias (INSERT INTO ... VALUES (...) AS alias) and replace VALUES(col) in the ON DUPLICATE KEY UPDATE clause with alias.col instead (SQL State: HY000 - Error Code: 1287)
2026-07-29T08:25:06.809Z  WARN 1559 --- [teacher-cert-platform] [           main] o.f.c.i.s.DefaultSqlScriptExecutor       : DB: 'VALUES function' is deprecated and will be removed in a future release. Please use an alias (INSERT INTO ... VALUES (...) AS alias) and replace VALUES(col) in the ON DUPLICATE KEY UPDATE clause with alias.col instead (SQL State: HY000 - Error Code: 1287)
2026-07-29T08:25:06.828Z  INFO 1559 --- [teacher-cert-platform] [           main] o.f.core.internal.command.DbMigrate      : Migrating schema `teacher_cert_p41_source_edfe0e6dc49c41dd8c8fcf81324e9e76` to version "4 - region seed"
2026-07-29T08:25:06.831Z  WARN 1559 --- [teacher-cert-platform] [           main] o.f.c.i.s.DefaultSqlScriptExecutor       : DB: 'VALUES function' is deprecated and will be removed in a future release. Please use an alias (INSERT INTO ... VALUES (...) AS alias) and replace VALUES(col) in the ON DUPLICATE KEY UPDATE clause with alias.col instead (SQL State: HY000 - Error Code: 1287)
2026-07-29T08:25:06.831Z  WARN 1559 --- [teacher-cert-platform] [           main] o.f.c.i.s.DefaultSqlScriptExecutor       : DB: 'VALUES function' is deprecated and will be removed in a future release. Please use an alias (INSERT INTO ... VALUES (...) AS alias) and replace VALUES(col) in the ON DUPLICATE KEY UPDATE clause with alias.col instead (SQL State: HY000 - Error Code: 1287)
2026-07-29T08:25:06.831Z  WARN 1559 --- [teacher-cert-platform] [           main] o.f.c.i.s.DefaultSqlScriptExecutor       : DB: 'VALUES function' is deprecated and will be removed in a future release. Please use an alias (INSERT INTO ... VALUES (...) AS alias) and replace VALUES(col) in the ON DUPLICATE KEY UPDATE clause with alias.col instead (SQL State: HY000 - Error Code: 1287)
2026-07-29T08:25:06.831Z  WARN 1559 --- [teacher-cert-platform] [           main] o.f.c.i.s.DefaultSqlScriptExecutor       : DB: 'VALUES function' is deprecated and will be removed in a future release. Please use an alias (INSERT INTO ... VALUES (...) AS alias) and replace VALUES(col) in the ON DUPLICATE KEY UPDATE clause with alias.col instead (SQL State: HY000 - Error Code: 1287)
2026-07-29T08:25:06.831Z  WARN 1559 --- [teacher-cert-platform] [           main] o.f.c.i.s.DefaultSqlScriptExecutor       : DB: 'VALUES function' is deprecated and will be removed in a future release. Please use an alias (INSERT INTO ... VALUES (...) AS alias) and replace VALUES(col) in the ON DUPLICATE KEY UPDATE clause with alias.col instead (SQL State: HY000 - Error Code: 1287)
2026-07-29T08:25:06.849Z  INFO 1559 --- [teacher-cert-platform] [           main] o.f.core.internal.command.DbMigrate      : Migrating schema `teacher_cert_p41_source_edfe0e6dc49c41dd8c8fcf81324e9e76` to version "5 - subject seed"
2026-07-29T08:25:06.852Z  WARN 1559 --- [teacher-cert-platform] [           main] o.f.c.i.s.DefaultSqlScriptExecutor       : DB: 'VALUES function' is deprecated and will be removed in a future release. Please use an alias (INSERT INTO ... VALUES (...) AS alias) and replace VALUES(col) in the ON DUPLICATE KEY UPDATE clause with alias.col instead (SQL State: HY000 - Error Code: 1287)
2026-07-29T08:25:06.852Z  WARN 1559 --- [teacher-cert-platform] [           main] o.f.c.i.s.DefaultSqlScriptExecutor       : DB: 'VALUES function' is deprecated and will be removed in a future release. Please use an alias (INSERT INTO ... VALUES (...) AS alias) and replace VALUES(col) in the ON DUPLICATE KEY UPDATE clause with alias.col instead (SQL State: HY000 - Error Code: 1287)
2026-07-29T08:25:06.852Z  WARN 1559 --- [teacher-cert-platform] [           main] o.f.c.i.s.DefaultSqlScriptExecutor       : DB: 'VALUES function' is deprecated and will be removed in a future release. Please use an alias (INSERT INTO ... VALUES (...) AS alias) and replace VALUES(col) in the ON DUPLICATE KEY UPDATE clause with alias.col instead (SQL State: HY000 - Error Code: 1287)
2026-07-29T08:25:06.852Z  WARN 1559 --- [teacher-cert-platform] [           main] o.f.c.i.s.DefaultSqlScriptExecutor       : DB: 'VALUES function' is deprecated and will be removed in a future release. Please use an alias (INSERT INTO ... VALUES (...) AS alias) and replace VALUES(col) in the ON DUPLICATE KEY UPDATE clause with alias.col instead (SQL State: HY000 - Error Code: 1287)
2026-07-29T08:25:06.852Z  WARN 1559 --- [teacher-cert-platform] [           main] o.f.c.i.s.DefaultSqlScriptExecutor       : DB: 'VALUES function' is deprecated and will be removed in a future release. Please use an alias (INSERT INTO ... VALUES (...) AS alias) and replace VALUES(col) in the ON DUPLICATE KEY UPDATE clause with alias.col instead (SQL State: HY000 - Error Code: 1287)
2026-07-29T08:25:06.852Z  WARN 1559 --- [teacher-cert-platform] [           main] o.f.c.i.s.DefaultSqlScriptExecutor       : DB: 'VALUES function' is deprecated and will be removed in a future release. Please use an alias (INSERT INTO ... VALUES (...) AS alias) and replace VALUES(col) in the ON DUPLICATE KEY UPDATE clause with alias.col instead (SQL State: HY000 - Error Code: 1287)
2026-07-29T08:25:06.868Z  INFO 1559 --- [teacher-cert-platform] [           main] o.f.core.internal.command.DbMigrate      : Migrating schema `teacher_cert_p41_source_edfe0e6dc49c41dd8c8fcf81324e9e76` to version "6 - confirmed params"
2026-07-29T08:25:06.885Z  INFO 1559 --- [teacher-cert-platform] [           main] o.f.core.internal.command.DbMigrate      : Migrating schema `teacher_cert_p41_source_edfe0e6dc49c41dd8c8fcf81324e9e76` to version "7 - rbac"
2026-07-29T08:25:07.322Z  INFO 1559 --- [teacher-cert-platform] [           main] o.f.core.internal.command.DbMigrate      : Migrating schema `teacher_cert_p41_source_edfe0e6dc49c41dd8c8fcf81324e9e76` to version "8 - rbac seed"
2026-07-29T08:25:07.324Z  WARN 1559 --- [teacher-cert-platform] [           main] o.f.c.i.s.DefaultSqlScriptExecutor       : DB: 'VALUES function' is deprecated and will be removed in a future release. Please use an alias (INSERT INTO ... VALUES (...) AS alias) and replace VALUES(col) in the ON DUPLICATE KEY UPDATE clause with alias.col instead (SQL State: HY000 - Error Code: 1287)
2026-07-29T08:25:07.324Z  WARN 1559 --- [teacher-cert-platform] [           main] o.f.c.i.s.DefaultSqlScriptExecutor       : DB: 'VALUES function' is deprecated and will be removed in a future release. Please use an alias (INSERT INTO ... VALUES (...) AS alias) and replace VALUES(col) in the ON DUPLICATE KEY UPDATE clause with alias.col instead (SQL State: HY000 - Error Code: 1287)
2026-07-29T08:25:07.324Z  WARN 1559 --- [teacher-cert-platform] [           main] o.f.c.i.s.DefaultSqlScriptExecutor       : DB: 'VALUES function' is deprecated and will be removed in a future release. Please use an alias (INSERT INTO ... VALUES (...) AS alias) and replace VALUES(col) in the ON DUPLICATE KEY UPDATE clause with alias.col instead (SQL State: HY000 - Error Code: 1287)
2026-07-29T08:25:07.324Z  WARN 1559 --- [teacher-cert-platform] [           main] o.f.c.i.s.DefaultSqlScriptExecutor       : DB: 'VALUES function' is deprecated and will be removed in a future release. Please use an alias (INSERT INTO ... VALUES (...) AS alias) and replace VALUES(col) in the ON DUPLICATE KEY UPDATE clause with alias.col instead (SQL State: HY000 - Error Code: 1287)
2026-07-29T08:25:07.324Z  WARN 1559 --- [teacher-cert-platform] [           main] o.f.c.i.s.DefaultSqlScriptExecutor       : DB: 'VALUES function' is deprecated and will be removed in a future release. Please use an alias (INSERT INTO ... VALUES (...) AS alias) and replace VALUES(col) in the ON DUPLICATE KEY UPDATE clause with alias.col instead (SQL State: HY000 - Error Code: 1287)
2026-07-29T08:25:07.325Z  WARN 1559 --- [teacher-cert-platform] [           main] o.f.c.i.s.DefaultSqlScriptExecutor       : DB: 'VALUES function' is deprecated and will be removed in a future release. Please use an alias (INSERT INTO ... VALUES (...) AS alias) and replace VALUES(col) in the ON DUPLICATE KEY UPDATE clause with alias.col instead (SQL State: HY000 - Error Code: 1287)
2026-07-29T08:25:07.326Z  WARN 1559 --- [teacher-cert-platform] [           main] o.f.c.i.s.DefaultSqlScriptExecutor       : DB: 'VALUES function' is deprecated and will be removed in a future release. Please use an alias (INSERT INTO ... VALUES (...) AS alias) and replace VALUES(col) in the ON DUPLICATE KEY UPDATE clause with alias.col instead (SQL State: HY000 - Error Code: 1287)
2026-07-29T08:25:07.326Z  WARN 1559 --- [teacher-cert-platform] [           main] o.f.c.i.s.DefaultSqlScriptExecutor       : DB: 'VALUES function' is deprecated and will be removed in a future release. Please use an alias (INSERT INTO ... VALUES (...) AS alias) and replace VALUES(col) in the ON DUPLICATE KEY UPDATE clause with alias.col instead (SQL State: HY000 - Error Code: 1287)
2026-07-29T08:25:07.327Z  WARN 1559 --- [teacher-cert-platform] [           main] o.f.c.i.s.DefaultSqlScriptExecutor       : DB: 'VALUES function' is deprecated and will be removed in a future release. Please use an alias (INSERT INTO ... VALUES (...) AS alias) and replace VALUES(col) in the ON DUPLICATE KEY UPDATE clause with alias.col instead (SQL State: HY000 - Error Code: 1287)
2026-07-29T08:25:07.327Z  WARN 1559 --- [teacher-cert-platform] [           main] o.f.c.i.s.DefaultSqlScriptExecutor       : DB: 'VALUES function' is deprecated and will be removed in a future release. Please use an alias (INSERT INTO ... VALUES (...) AS alias) and replace VALUES(col) in the ON DUPLICATE KEY UPDATE clause with alias.col instead (SQL State: HY000 - Error Code: 1287)
2026-07-29T08:25:07.327Z  WARN 1559 --- [teacher-cert-platform] [           main] o.f.c.i.s.DefaultSqlScriptExecutor       : DB: 'VALUES function' is deprecated and will be removed in a future release. Please use an alias (INSERT INTO ... VALUES (...) AS alias) and replace VALUES(col) in the ON DUPLICATE KEY UPDATE clause with alias.col instead (SQL State: HY000 - Error Code: 1287)
2026-07-29T08:25:07.327Z  WARN 1559 --- [teacher-cert-platform] [           main] o.f.c.i.s.DefaultSqlScriptExecutor       : DB: 'VALUES function' is deprecated and will be removed in a future release. Please use an alias (INSERT INTO ... VALUES (...) AS alias) and replace VALUES(col) in the ON DUPLICATE KEY UPDATE clause with alias.col instead (SQL State: HY000 - Error Code: 1287)
2026-07-29T08:25:07.329Z  WARN 1559 --- [teacher-cert-platform] [           main] o.f.c.i.s.DefaultSqlScriptExecutor       : DB: 'VALUES function' is deprecated and will be removed in a future release. Please use an alias (INSERT INTO ... VALUES (...) AS alias) and replace VALUES(col) in the ON DUPLICATE KEY UPDATE clause with alias.col instead (SQL State: HY000 - Error Code: 1287)
2026-07-29T08:25:07.329Z  WARN 1559 --- [teacher-cert-platform] [           main] o.f.c.i.s.DefaultSqlScriptExecutor       : DB: 'VALUES function' is deprecated and will be removed in a future release. Please use an alias (INSERT INTO ... VALUES (...) AS alias) and replace VALUES(col) in the ON DUPLICATE KEY UPDATE clause with alias.col instead (SQL State: HY000 - Error Code: 1287)
2026-07-29T08:25:07.329Z  WARN 1559 --- [teacher-cert-platform] [           main] o.f.c.i.s.DefaultSqlScriptExecutor       : DB: 'VALUES function' is deprecated and will be removed in a future release. Please use an alias (INSERT INTO ... VALUES (...) AS alias) and replace VALUES(col) in the ON DUPLICATE KEY UPDATE clause with alias.col instead (SQL State: HY000 - Error Code: 1287)
2026-07-29T08:25:07.329Z  WARN 1559 --- [teacher-cert-platform] [           main] o.f.c.i.s.DefaultSqlScriptExecutor       : DB: 'VALUES function' is deprecated and will be removed in a future release. Please use an alias (INSERT INTO ... VALUES (...) AS alias) and replace VALUES(col) in the ON DUPLICATE KEY UPDATE clause with alias.col instead (SQL State: HY000 - Error Code: 1287)
2026-07-29T08:25:07.329Z  WARN 1559 --- [teacher-cert-platform] [           main] o.f.c.i.s.DefaultSqlScriptExecutor       : DB: 'VALUES function' is deprecated and will be removed in a future release. Please use an alias (INSERT INTO ... VALUES (...) AS alias) and replace VALUES(col) in the ON DUPLICATE KEY UPDATE clause with alias.col instead (SQL State: HY000 - Error Code: 1287)
2026-07-29T08:25:07.329Z  WARN 1559 --- [teacher-cert-platform] [           main] o.f.c.i.s.DefaultSqlScriptExecutor       : DB: 'VALUES function' is deprecated and will be removed in a future release. Please use an alias (INSERT INTO ... VALUES (...) AS alias) and replace VALUES(col) in the ON DUPLICATE KEY UPDATE clause with alias.col instead (SQL State: HY000 - Error Code: 1287)
2026-07-29T08:25:07.332Z  WARN 1559 --- [teacher-cert-platform] [           main] o.f.c.i.s.DefaultSqlScriptExecutor       : DB: 'VALUES function' is deprecated and will be removed in a future release. Please use an alias (INSERT INTO ... VALUES (...) AS alias) and replace VALUES(col) in the ON DUPLICATE KEY UPDATE clause with alias.col instead (SQL State: HY000 - Error Code: 1287)
2026-07-29T08:25:07.332Z  WARN 1559 --- [teacher-cert-platform] [           main] o.f.c.i.s.DefaultSqlScriptExecutor       : DB: 'VALUES function' is deprecated and will be removed in a future release. Please use an alias (INSERT INTO ... VALUES (...) AS alias) and replace VALUES(col) in the ON DUPLICATE KEY UPDATE clause with alias.col instead (SQL State: HY000 - Error Code: 1287)
2026-07-29T08:25:07.332Z  WARN 1559 --- [teacher-cert-platform] [           main] o.f.c.i.s.DefaultSqlScriptExecutor       : DB: 'VALUES function' is deprecated and will be removed in a future release. Please use an alias (INSERT INTO ... VALUES (...) AS alias) and replace VALUES(col) in the ON DUPLICATE KEY UPDATE clause with alias.col instead (SQL State: HY000 - Error Code: 1287)
2026-07-29T08:25:07.334Z  WARN 1559 --- [teacher-cert-platform] [           main] o.f.c.i.s.DefaultSqlScriptExecutor       : DB: 'VALUES function' is deprecated and will be removed in a future release. Please use an alias (INSERT INTO ... VALUES (...) AS alias) and replace VALUES(col) in the ON DUPLICATE KEY UPDATE clause with alias.col instead (SQL State: HY000 - Error Code: 1287)
2026-07-29T08:25:07.334Z  WARN 1559 --- [teacher-cert-platform] [           main] o.f.c.i.s.DefaultSqlScriptExecutor       : DB: 'VALUES function' is deprecated and will be removed in a future release. Please use an alias (INSERT INTO ... VALUES (...) AS alias) and replace VALUES(col) in the ON DUPLICATE KEY UPDATE clause with alias.col instead (SQL State: HY000 - Error Code: 1287)
2026-07-29T08:25:07.334Z  WARN 1559 --- [teacher-cert-platform] [           main] o.f.c.i.s.DefaultSqlScriptExecutor       : DB: 'VALUES function' is deprecated and will be removed in a future release. Please use an alias (INSERT INTO ... VALUES (...) AS alias) and replace VALUES(col) in the ON DUPLICATE KEY UPDATE clause with alias.col instead (SQL State: HY000 - Error Code: 1287)
2026-07-29T08:25:07.334Z  WARN 1559 --- [teacher-cert-platform] [           main] o.f.c.i.s.DefaultSqlScriptExecutor       : DB: 'VALUES function' is deprecated and will be removed in a future release. Please use an alias (INSERT INTO ... VALUES (...) AS alias) and replace VALUES(col) in the ON DUPLICATE KEY UPDATE clause with alias.col instead (SQL State: HY000 - Error Code: 1287)
2026-07-29T08:25:07.334Z  WARN 1559 --- [teacher-cert-platform] [           main] o.f.c.i.s.DefaultSqlScriptExecutor       : DB: 'VALUES function' is deprecated and will be removed in a future release. Please use an alias (INSERT INTO ... VALUES (...) AS alias) and replace VALUES(col) in the ON DUPLICATE KEY UPDATE clause with alias.col instead (SQL State: HY000 - Error Code: 1287)
2026-07-29T08:25:07.334Z  WARN 1559 --- [teacher-cert-platform] [           main] o.f.c.i.s.DefaultSqlScriptExecutor       : DB: 'VALUES function' is deprecated and will be removed in a future release. Please use an alias (INSERT INTO ... VALUES (...) AS alias) and replace VALUES(col) in the ON DUPLICATE KEY UPDATE clause with alias.col instead (SQL State: HY000 - Error Code: 1287)
2026-07-29T08:25:07.334Z  WARN 1559 --- [teacher-cert-platform] [           main] o.f.c.i.s.DefaultSqlScriptExecutor       : DB: 'VALUES function' is deprecated and will be removed in a future release. Please use an alias (INSERT INTO ... VALUES (...) AS alias) and replace VALUES(col) in the ON DUPLICATE KEY UPDATE clause with alias.col instead (SQL State: HY000 - Error Code: 1287)
2026-07-29T08:25:07.334Z  WARN 1559 --- [teacher-cert-platform] [           main] o.f.c.i.s.DefaultSqlScriptExecutor       : DB: 'VALUES function' is deprecated and will be removed in a future release. Please use an alias (INSERT INTO ... VALUES (...) AS alias) and replace VALUES(col) in the ON DUPLICATE KEY UPDATE clause with alias.col instead (SQL State: HY000 - Error Code: 1287)
2026-07-29T08:25:07.334Z  WARN 1559 --- [teacher-cert-platform] [           main] o.f.c.i.s.DefaultSqlScriptExecutor       : DB: 'VALUES function' is deprecated and will be removed in a future release. Please use an alias (INSERT INTO ... VALUES (...) AS alias) and replace VALUES(col) in the ON DUPLICATE KEY UPDATE clause with alias.col instead (SQL State: HY000 - Error Code: 1287)
2026-07-29T08:25:07.334Z  WARN 1559 --- [teacher-cert-platform] [           main] o.f.c.i.s.DefaultSqlScriptExecutor       : DB: 'VALUES function' is deprecated and will be removed in a future release. Please use an alias (INSERT INTO ... VALUES (...) AS alias) and replace VALUES(col) in the ON DUPLICATE KEY UPDATE clause with alias.col instead (SQL State: HY000 - Error Code: 1287)
2026-07-29T08:25:07.334Z  WARN 1559 --- [teacher-cert-platform] [           main] o.f.c.i.s.DefaultSqlScriptExecutor       : DB: 'VALUES function' is deprecated and will be removed in a future release. Please use an alias (INSERT INTO ... VALUES (...) AS alias) and replace VALUES(col) in the ON DUPLICATE KEY UPDATE clause with alias.col instead (SQL State: HY000 - Error Code: 1287)
2026-07-29T08:25:07.334Z  WARN 1559 --- [teacher-cert-platform] [           main] o.f.c.i.s.DefaultSqlScriptExecutor       : DB: 'VALUES function' is deprecated and will be removed in a future release. Please use an alias (INSERT INTO ... VALUES (...) AS alias) and replace VALUES(col) in the ON DUPLICATE KEY UPDATE clause with alias.col instead (SQL State: HY000 - Error Code: 1287)
2026-07-29T08:25:07.336Z  WARN 1559 --- [teacher-cert-platform] [           main] o.f.c.i.s.DefaultSqlScriptExecutor       : DB: 'VALUES function' is deprecated and will be removed in a future release. Please use an alias (INSERT INTO ... VALUES (...) AS alias) and replace VALUES(col) in the ON DUPLICATE KEY UPDATE clause with alias.col instead (SQL State: HY000 - Error Code: 1287)
2026-07-29T08:25:07.336Z  WARN 1559 --- [teacher-cert-platform] [           main] o.f.c.i.s.DefaultSqlScriptExecutor       : DB: 'VALUES function' is deprecated and will be removed in a future release. Please use an alias (INSERT INTO ... VALUES (...) AS alias) and replace VALUES(col) in the ON DUPLICATE KEY UPDATE clause with alias.col instead (SQL State: HY000 - Error Code: 1287)
2026-07-29T08:25:07.337Z  WARN 1559 --- [teacher-cert-platform] [           main] o.f.c.i.s.DefaultSqlScriptExecutor       : DB: 'VALUES function' is deprecated and will be removed in a future release. Please use an alias (INSERT INTO ... VALUES (...) AS alias) and replace VALUES(col) in the ON DUPLICATE KEY UPDATE clause with alias.col instead (SQL State: HY000 - Error Code: 1287)
2026-07-29T08:25:07.337Z  WARN 1559 --- [teacher-cert-platform] [           main] o.f.c.i.s.DefaultSqlScriptExecutor       : DB: 'VALUES function' is deprecated and will be removed in a future release. Please use an alias (INSERT INTO ... VALUES (...) AS alias) and replace VALUES(col) in the ON DUPLICATE KEY UPDATE clause with alias.col instead (SQL State: HY000 - Error Code: 1287)
2026-07-29T08:25:07.338Z  WARN 1559 --- [teacher-cert-platform] [           main] o.f.c.i.s.DefaultSqlScriptExecutor       : DB: 'VALUES function' is deprecated and will be removed in a future release. Please use an alias (INSERT INTO ... VALUES (...) AS alias) and replace VALUES(col) in the ON DUPLICATE KEY UPDATE clause with alias.col instead (SQL State: HY000 - Error Code: 1287)
2026-07-29T08:25:07.355Z  INFO 1559 --- [teacher-cert-platform] [           main] o.f.core.internal.command.DbMigrate      : Migrating schema `teacher_cert_p41_source_edfe0e6dc49c41dd8c8fcf81324e9e76` to version "9 - student"
2026-07-29T08:25:07.420Z  WARN 1559 --- [teacher-cert-platform] [           main] o.f.c.i.s.DefaultSqlScriptExecutor       : DB: 'VALUES function' is deprecated and will be removed in a future release. Please use an alias (INSERT INTO ... VALUES (...) AS alias) and replace VALUES(col) in the ON DUPLICATE KEY UPDATE clause with alias.col instead (SQL State: HY000 - Error Code: 1287)
2026-07-29T08:25:07.420Z  WARN 1559 --- [teacher-cert-platform] [           main] o.f.c.i.s.DefaultSqlScriptExecutor       : DB: 'VALUES function' is deprecated and will be removed in a future release. Please use an alias (INSERT INTO ... VALUES (...) AS alias) and replace VALUES(col) in the ON DUPLICATE KEY UPDATE clause with alias.col instead (SQL State: HY000 - Error Code: 1287)
2026-07-29T08:25:07.420Z  WARN 1559 --- [teacher-cert-platform] [           main] o.f.c.i.s.DefaultSqlScriptExecutor       : DB: 'VALUES function' is deprecated and will be removed in a future release. Please use an alias (INSERT INTO ... VALUES (...) AS alias) and replace VALUES(col) in the ON DUPLICATE KEY UPDATE clause with alias.col instead (SQL State: HY000 - Error Code: 1287)
2026-07-29T08:25:07.420Z  WARN 1559 --- [teacher-cert-platform] [           main] o.f.c.i.s.DefaultSqlScriptExecutor       : DB: 'VALUES function' is deprecated and will be removed in a future release. Please use an alias (INSERT INTO ... VALUES (...) AS alias) and replace VALUES(col) in the ON DUPLICATE KEY UPDATE clause with alias.col instead (SQL State: HY000 - Error Code: 1287)
2026-07-29T08:25:07.420Z  WARN 1559 --- [teacher-cert-platform] [           main] o.f.c.i.s.DefaultSqlScriptExecutor       : DB: 'VALUES function' is deprecated and will be removed in a future release. Please use an alias (INSERT INTO ... VALUES (...) AS alias) and replace VALUES(col) in the ON DUPLICATE KEY UPDATE clause with alias.col instead (SQL State: HY000 - Error Code: 1287)
2026-07-29T08:25:07.420Z  WARN 1559 --- [teacher-cert-platform] [           main] o.f.c.i.s.DefaultSqlScriptExecutor       : DB: 'VALUES function' is deprecated and will be removed in a future release. Please use an alias (INSERT INTO ... VALUES (...) AS alias) and replace VALUES(col) in the ON DUPLICATE KEY UPDATE clause with alias.col instead (SQL State: HY000 - Error Code: 1287)
2026-07-29T08:25:07.421Z  WARN 1559 --- [teacher-cert-platform] [           main] o.f.c.i.s.DefaultSqlScriptExecutor       : DB: 'VALUES function' is deprecated and will be removed in a future release. Please use an alias (INSERT INTO ... VALUES (...) AS alias) and replace VALUES(col) in the ON DUPLICATE KEY UPDATE clause with alias.col instead (SQL State: HY000 - Error Code: 1287)
2026-07-29T08:25:07.421Z  WARN 1559 --- [teacher-cert-platform] [           main] o.f.c.i.s.DefaultSqlScriptExecutor       : DB: 'VALUES function' is deprecated and will be removed in a future release. Please use an alias (INSERT INTO ... VALUES (...) AS alias) and replace VALUES(col) in the ON DUPLICATE KEY UPDATE clause with alias.col instead (SQL State: HY000 - Error Code: 1287)
2026-07-29T08:25:07.421Z  WARN 1559 --- [teacher-cert-platform] [           main] o.f.c.i.s.DefaultSqlScriptExecutor       : DB: 'VALUES function' is deprecated and will be removed in a future release. Please use an alias (INSERT INTO ... VALUES (...) AS alias) and replace VALUES(col) in the ON DUPLICATE KEY UPDATE clause with alias.col instead (SQL State: HY000 - Error Code: 1287)
2026-07-29T08:25:07.421Z  WARN 1559 --- [teacher-cert-platform] [           main] o.f.c.i.s.DefaultSqlScriptExecutor       : DB: 'VALUES function' is deprecated and will be removed in a future release. Please use an alias (INSERT INTO ... VALUES (...) AS alias) and replace VALUES(col) in the ON DUPLICATE KEY UPDATE clause with alias.col instead (SQL State: HY000 - Error Code: 1287)
2026-07-29T08:25:07.421Z  WARN 1559 --- [teacher-cert-platform] [           main] o.f.c.i.s.DefaultSqlScriptExecutor       : DB: 'VALUES function' is deprecated and will be removed in a future release. Please use an alias (INSERT INTO ... VALUES (...) AS alias) and replace VALUES(col) in the ON DUPLICATE KEY UPDATE clause with alias.col instead (SQL State: HY000 - Error Code: 1287)
2026-07-29T08:25:07.421Z  WARN 1559 --- [teacher-cert-platform] [           main] o.f.c.i.s.DefaultSqlScriptExecutor       : DB: 'VALUES function' is deprecated and will be removed in a future release. Please use an alias (INSERT INTO ... VALUES (...) AS alias) and replace VALUES(col) in the ON DUPLICATE KEY UPDATE clause with alias.col instead (SQL State: HY000 - Error Code: 1287)
2026-07-29T08:25:07.421Z  WARN 1559 --- [teacher-cert-platform] [           main] o.f.c.i.s.DefaultSqlScriptExecutor       : DB: 'VALUES function' is deprecated and will be removed in a future release. Please use an alias (INSERT INTO ... VALUES (...) AS alias) and replace VALUES(col) in the ON DUPLICATE KEY UPDATE clause with alias.col instead (SQL State: HY000 - Error Code: 1287)
2026-07-29T08:25:07.421Z  WARN 1559 --- [teacher-cert-platform] [           main] o.f.c.i.s.DefaultSqlScriptExecutor       : DB: 'VALUES function' is deprecated and will be removed in a future release. Please use an alias (INSERT INTO ... VALUES (...) AS alias) and replace VALUES(col) in the ON DUPLICATE KEY UPDATE clause with alias.col instead (SQL State: HY000 - Error Code: 1287)
2026-07-29T08:25:07.438Z  INFO 1559 --- [teacher-cert-platform] [           main] o.f.core.internal.command.DbMigrate      : Migrating schema `teacher_cert_p41_source_edfe0e6dc49c41dd8c8fcf81324e9e76` to version "10 - training profile"
2026-07-29T08:25:07.519Z  WARN 1559 --- [teacher-cert-platform] [           main] o.f.c.i.s.DefaultSqlScriptExecutor       : DB: 'VALUES function' is deprecated and will be removed in a future release. Please use an alias (INSERT INTO ... VALUES (...) AS alias) and replace VALUES(col) in the ON DUPLICATE KEY UPDATE clause with alias.col instead (SQL State: HY000 - Error Code: 1287)
2026-07-29T08:25:07.519Z  WARN 1559 --- [teacher-cert-platform] [           main] o.f.c.i.s.DefaultSqlScriptExecutor       : DB: 'VALUES function' is deprecated and will be removed in a future release. Please use an alias (INSERT INTO ... VALUES (...) AS alias) and replace VALUES(col) in the ON DUPLICATE KEY UPDATE clause with alias.col instead (SQL State: HY000 - Error Code: 1287)
2026-07-29T08:25:07.519Z  WARN 1559 --- [teacher-cert-platform] [           main] o.f.c.i.s.DefaultSqlScriptExecutor       : DB: 'VALUES function' is deprecated and will be removed in a future release. Please use an alias (INSERT INTO ... VALUES (...) AS alias) and replace VALUES(col) in the ON DUPLICATE KEY UPDATE clause with alias.col instead (SQL State: HY000 - Error Code: 1287)
2026-07-29T08:25:07.519Z  WARN 1559 --- [teacher-cert-platform] [           main] o.f.c.i.s.DefaultSqlScriptExecutor       : DB: 'VALUES function' is deprecated and will be removed in a future release. Please use an alias (INSERT INTO ... VALUES (...) AS alias) and replace VALUES(col) in the ON DUPLICATE KEY UPDATE clause with alias.col instead (SQL State: HY000 - Error Code: 1287)
2026-07-29T08:25:07.519Z  WARN 1559 --- [teacher-cert-platform] [           main] o.f.c.i.s.DefaultSqlScriptExecutor       : DB: 'VALUES function' is deprecated and will be removed in a future release. Please use an alias (INSERT INTO ... VALUES (...) AS alias) and replace VALUES(col) in the ON DUPLICATE KEY UPDATE clause with alias.col instead (SQL State: HY000 - Error Code: 1287)
2026-07-29T08:25:07.519Z  WARN 1559 --- [teacher-cert-platform] [           main] o.f.c.i.s.DefaultSqlScriptExecutor       : DB: 'VALUES function' is deprecated and will be removed in a future release. Please use an alias (INSERT INTO ... VALUES (...) AS alias) and replace VALUES(col) in the ON DUPLICATE KEY UPDATE clause with alias.col instead (SQL State: HY000 - Error Code: 1287)
2026-07-29T08:25:07.519Z  WARN 1559 --- [teacher-cert-platform] [           main] o.f.c.i.s.DefaultSqlScriptExecutor       : DB: 'VALUES function' is deprecated and will be removed in a future release. Please use an alias (INSERT INTO ... VALUES (...) AS alias) and replace VALUES(col) in the ON DUPLICATE KEY UPDATE clause with alias.col instead (SQL State: HY000 - Error Code: 1287)
2026-07-29T08:25:07.521Z  WARN 1559 --- [teacher-cert-platform] [           main] o.f.c.i.s.DefaultSqlScriptExecutor       : DB: 'VALUES function' is deprecated and will be removed in a future release. Please use an alias (INSERT INTO ... VALUES (...) AS alias) and replace VALUES(col) in the ON DUPLICATE KEY UPDATE clause with alias.col instead (SQL State: HY000 - Error Code: 1287)
2026-07-29T08:25:07.521Z  WARN 1559 --- [teacher-cert-platform] [           main] o.f.c.i.s.DefaultSqlScriptExecutor       : DB: 'VALUES function' is deprecated and will be removed in a future release. Please use an alias (INSERT INTO ... VALUES (...) AS alias) and replace VALUES(col) in the ON DUPLICATE KEY UPDATE clause with alias.col instead (SQL State: HY000 - Error Code: 1287)
2026-07-29T08:25:07.522Z  WARN 1559 --- [teacher-cert-platform] [           main] o.f.c.i.s.DefaultSqlScriptExecutor       : DB: 'VALUES function' is deprecated and will be removed in a future release. Please use an alias (INSERT INTO ... VALUES (...) AS alias) and replace VALUES(col) in the ON DUPLICATE KEY UPDATE clause with alias.col instead (SQL State: HY000 - Error Code: 1287)
2026-07-29T08:25:07.522Z  WARN 1559 --- [teacher-cert-platform] [           main] o.f.c.i.s.DefaultSqlScriptExecutor       : DB: 'VALUES function' is deprecated and will be removed in a future release. Please use an alias (INSERT INTO ... VALUES (...) AS alias) and replace VALUES(col) in the ON DUPLICATE KEY UPDATE clause with alias.col instead (SQL State: HY000 - Error Code: 1287)
2026-07-29T08:25:07.522Z  WARN 1559 --- [teacher-cert-platform] [           main] o.f.c.i.s.DefaultSqlScriptExecutor       : DB: 'VALUES function' is deprecated and will be removed in a future release. Please use an alias (INSERT INTO ... VALUES (...) AS alias) and replace VALUES(col) in the ON DUPLICATE KEY UPDATE clause with alias.col instead (SQL State: HY000 - Error Code: 1287)
2026-07-29T08:25:07.523Z  WARN 1559 --- [teacher-cert-platform] [           main] o.f.c.i.s.DefaultSqlScriptExecutor       : DB: 'VALUES function' is deprecated and will be removed in a future release. Please use an alias (INSERT INTO ... VALUES (...) AS alias) and replace VALUES(col) in the ON DUPLICATE KEY UPDATE clause with alias.col instead (SQL State: HY000 - Error Code: 1287)
2026-07-29T08:25:07.523Z  WARN 1559 --- [teacher-cert-platform] [           main] o.f.c.i.s.DefaultSqlScriptExecutor       : DB: 'VALUES function' is deprecated and will be removed in a future release. Please use an alias (INSERT INTO ... VALUES (...) AS alias) and replace VALUES(col) in the ON DUPLICATE KEY UPDATE clause with alias.col instead (SQL State: HY000 - Error Code: 1287)
2026-07-29T08:25:07.541Z  INFO 1559 --- [teacher-cert-platform] [           main] o.f.core.internal.command.DbMigrate      : Migrating schema `teacher_cert_p41_source_edfe0e6dc49c41dd8c8fcf81324e9e76` to version "11 - process material"
2026-07-29T08:25:07.608Z  WARN 1559 --- [teacher-cert-platform] [           main] o.f.c.i.s.DefaultSqlScriptExecutor       : DB: 'VALUES function' is deprecated and will be removed in a future release. Please use an alias (INSERT INTO ... VALUES (...) AS alias) and replace VALUES(col) in the ON DUPLICATE KEY UPDATE clause with alias.col instead (SQL State: HY000 - Error Code: 1287)
2026-07-29T08:25:07.608Z  WARN 1559 --- [teacher-cert-platform] [           main] o.f.c.i.s.DefaultSqlScriptExecutor       : DB: 'VALUES function' is deprecated and will be removed in a future release. Please use an alias (INSERT INTO ... VALUES (...) AS alias) and replace VALUES(col) in the ON DUPLICATE KEY UPDATE clause with alias.col instead (SQL State: HY000 - Error Code: 1287)
2026-07-29T08:25:07.608Z  WARN 1559 --- [teacher-cert-platform] [           main] o.f.c.i.s.DefaultSqlScriptExecutor       : DB: 'VALUES function' is deprecated and will be removed in a future release. Please use an alias (INSERT INTO ... VALUES (...) AS alias) and replace VALUES(col) in the ON DUPLICATE KEY UPDATE clause with alias.col instead (SQL State: HY000 - Error Code: 1287)
2026-07-29T08:25:07.608Z  WARN 1559 --- [teacher-cert-platform] [           main] o.f.c.i.s.DefaultSqlScriptExecutor       : DB: 'VALUES function' is deprecated and will be removed in a future release. Please use an alias (INSERT INTO ... VALUES (...) AS alias) and replace VALUES(col) in the ON DUPLICATE KEY UPDATE clause with alias.col instead (SQL State: HY000 - Error Code: 1287)
2026-07-29T08:25:07.609Z  WARN 1559 --- [teacher-cert-platform] [           main] o.f.c.i.s.DefaultSqlScriptExecutor       : DB: 'VALUES function' is deprecated and will be removed in a future release. Please use an alias (INSERT INTO ... VALUES (...) AS alias) and replace VALUES(col) in the ON DUPLICATE KEY UPDATE clause with alias.col instead (SQL State: HY000 - Error Code: 1287)
2026-07-29T08:25:07.624Z  INFO 1559 --- [teacher-cert-platform] [           main] o.f.core.internal.command.DbMigrate      : Migrating schema `teacher_cert_p41_source_edfe0e6dc49c41dd8c8fcf81324e9e76` to version "12 - exemption"
2026-07-29T08:25:07.763Z  WARN 1559 --- [teacher-cert-platform] [           main] o.f.c.i.s.DefaultSqlScriptExecutor       : DB: 'VALUES function' is deprecated and will be removed in a future release. Please use an alias (INSERT INTO ... VALUES (...) AS alias) and replace VALUES(col) in the ON DUPLICATE KEY UPDATE clause with alias.col instead (SQL State: HY000 - Error Code: 1287)
2026-07-29T08:25:07.763Z  WARN 1559 --- [teacher-cert-platform] [           main] o.f.c.i.s.DefaultSqlScriptExecutor       : DB: 'VALUES function' is deprecated and will be removed in a future release. Please use an alias (INSERT INTO ... VALUES (...) AS alias) and replace VALUES(col) in the ON DUPLICATE KEY UPDATE clause with alias.col instead (SQL State: HY000 - Error Code: 1287)
2026-07-29T08:25:07.763Z  WARN 1559 --- [teacher-cert-platform] [           main] o.f.c.i.s.DefaultSqlScriptExecutor       : DB: 'VALUES function' is deprecated and will be removed in a future release. Please use an alias (INSERT INTO ... VALUES (...) AS alias) and replace VALUES(col) in the ON DUPLICATE KEY UPDATE clause with alias.col instead (SQL State: HY000 - Error Code: 1287)
2026-07-29T08:25:07.763Z  WARN 1559 --- [teacher-cert-platform] [           main] o.f.c.i.s.DefaultSqlScriptExecutor       : DB: 'VALUES function' is deprecated and will be removed in a future release. Please use an alias (INSERT INTO ... VALUES (...) AS alias) and replace VALUES(col) in the ON DUPLICATE KEY UPDATE clause with alias.col instead (SQL State: HY000 - Error Code: 1287)
2026-07-29T08:25:07.763Z  WARN 1559 --- [teacher-cert-platform] [           main] o.f.c.i.s.DefaultSqlScriptExecutor       : DB: 'VALUES function' is deprecated and will be removed in a future release. Please use an alias (INSERT INTO ... VALUES (...) AS alias) and replace VALUES(col) in the ON DUPLICATE KEY UPDATE clause with alias.col instead (SQL State: HY000 - Error Code: 1287)
2026-07-29T08:25:07.764Z  WARN 1559 --- [teacher-cert-platform] [           main] o.f.c.i.s.DefaultSqlScriptExecutor       : DB: 'VALUES function' is deprecated and will be removed in a future release. Please use an alias (INSERT INTO ... VALUES (...) AS alias) and replace VALUES(col) in the ON DUPLICATE KEY UPDATE clause with alias.col instead (SQL State: HY000 - Error Code: 1287)
2026-07-29T08:25:07.764Z  WARN 1559 --- [teacher-cert-platform] [           main] o.f.c.i.s.DefaultSqlScriptExecutor       : DB: 'VALUES function' is deprecated and will be removed in a future release. Please use an alias (INSERT INTO ... VALUES (...) AS alias) and replace VALUES(col) in the ON DUPLICATE KEY UPDATE clause with alias.col instead (SQL State: HY000 - Error Code: 1287)
2026-07-29T08:25:07.765Z  WARN 1559 --- [teacher-cert-platform] [           main] o.f.c.i.s.DefaultSqlScriptExecutor       : DB: 'VALUES function' is deprecated and will be removed in a future release. Please use an alias (INSERT INTO ... VALUES (...) AS alias) and replace VALUES(col) in the ON DUPLICATE KEY UPDATE clause with alias.col instead (SQL State: HY000 - Error Code: 1287)
2026-07-29T08:25:07.765Z  WARN 1559 --- [teacher-cert-platform] [           main] o.f.c.i.s.DefaultSqlScriptExecutor       : DB: 'VALUES function' is deprecated and will be removed in a future release. Please use an alias (INSERT INTO ... VALUES (...) AS alias) and replace VALUES(col) in the ON DUPLICATE KEY UPDATE clause with alias.col instead (SQL State: HY000 - Error Code: 1287)
2026-07-29T08:25:07.765Z  WARN 1559 --- [teacher-cert-platform] [           main] o.f.c.i.s.DefaultSqlScriptExecutor       : DB: 'VALUES function' is deprecated and will be removed in a future release. Please use an alias (INSERT INTO ... VALUES (...) AS alias) and replace VALUES(col) in the ON DUPLICATE KEY UPDATE clause with alias.col instead (SQL State: HY000 - Error Code: 1287)
2026-07-29T08:25:07.765Z  WARN 1559 --- [teacher-cert-platform] [           main] o.f.c.i.s.DefaultSqlScriptExecutor       : DB: 'VALUES function' is deprecated and will be removed in a future release. Please use an alias (INSERT INTO ... VALUES (...) AS alias) and replace VALUES(col) in the ON DUPLICATE KEY UPDATE clause with alias.col instead (SQL State: HY000 - Error Code: 1287)
2026-07-29T08:25:07.765Z  WARN 1559 --- [teacher-cert-platform] [           main] o.f.c.i.s.DefaultSqlScriptExecutor       : DB: 'VALUES function' is deprecated and will be removed in a future release. Please use an alias (INSERT INTO ... VALUES (...) AS alias) and replace VALUES(col) in the ON DUPLICATE KEY UPDATE clause with alias.col instead (SQL State: HY000 - Error Code: 1287)
2026-07-29T08:25:07.765Z  WARN 1559 --- [teacher-cert-platform] [           main] o.f.c.i.s.DefaultSqlScriptExecutor       : DB: 'VALUES function' is deprecated and will be removed in a future release. Please use an alias (INSERT INTO ... VALUES (...) AS alias) and replace VALUES(col) in the ON DUPLICATE KEY UPDATE clause with alias.col instead (SQL State: HY000 - Error Code: 1287)
2026-07-29T08:25:07.765Z  WARN 1559 --- [teacher-cert-platform] [           main] o.f.c.i.s.DefaultSqlScriptExecutor       : DB: 'VALUES function' is deprecated and will be removed in a future release. Please use an alias (INSERT INTO ... VALUES (...) AS alias) and replace VALUES(col) in the ON DUPLICATE KEY UPDATE clause with alias.col instead (SQL State: HY000 - Error Code: 1287)
2026-07-29T08:25:07.765Z  WARN 1559 --- [teacher-cert-platform] [           main] o.f.c.i.s.DefaultSqlScriptExecutor       : DB: 'VALUES function' is deprecated and will be removed in a future release. Please use an alias (INSERT INTO ... VALUES (...) AS alias) and replace VALUES(col) in the ON DUPLICATE KEY UPDATE clause with alias.col instead (SQL State: HY000 - Error Code: 1287)
2026-07-29T08:25:07.766Z  WARN 1559 --- [teacher-cert-platform] [           main] o.f.c.i.s.DefaultSqlScriptExecutor       : DB: 'VALUES function' is deprecated and will be removed in a future release. Please use an alias (INSERT INTO ... VALUES (...) AS alias) and replace VALUES(col) in the ON DUPLICATE KEY UPDATE clause with alias.col instead (SQL State: HY000 - Error Code: 1287)
2026-07-29T08:25:07.782Z  INFO 1559 --- [teacher-cert-platform] [           main] o.f.core.internal.command.DbMigrate      : Migrating schema `teacher_cert_p41_source_edfe0e6dc49c41dd8c8fcf81324e9e76` to version "13 - video"
2026-07-29T08:25:08.040Z  WARN 1559 --- [teacher-cert-platform] [           main] o.f.c.i.s.DefaultSqlScriptExecutor       : DB: 'VALUES function' is deprecated and will be removed in a future release. Please use an alias (INSERT INTO ... VALUES (...) AS alias) and replace VALUES(col) in the ON DUPLICATE KEY UPDATE clause with alias.col instead (SQL State: HY000 - Error Code: 1287)
2026-07-29T08:25:08.040Z  WARN 1559 --- [teacher-cert-platform] [           main] o.f.c.i.s.DefaultSqlScriptExecutor       : DB: 'VALUES function' is deprecated and will be removed in a future release. Please use an alias (INSERT INTO ... VALUES (...) AS alias) and replace VALUES(col) in the ON DUPLICATE KEY UPDATE clause with alias.col instead (SQL State: HY000 - Error Code: 1287)
2026-07-29T08:25:08.040Z  WARN 1559 --- [teacher-cert-platform] [           main] o.f.c.i.s.DefaultSqlScriptExecutor       : DB: 'VALUES function' is deprecated and will be removed in a future release. Please use an alias (INSERT INTO ... VALUES (...) AS alias) and replace VALUES(col) in the ON DUPLICATE KEY UPDATE clause with alias.col instead (SQL State: HY000 - Error Code: 1287)
2026-07-29T08:25:08.040Z  WARN 1559 --- [teacher-cert-platform] [           main] o.f.c.i.s.DefaultSqlScriptExecutor       : DB: 'VALUES function' is deprecated and will be removed in a future release. Please use an alias (INSERT INTO ... VALUES (...) AS alias) and replace VALUES(col) in the ON DUPLICATE KEY UPDATE clause with alias.col instead (SQL State: HY000 - Error Code: 1287)
2026-07-29T08:25:08.040Z  WARN 1559 --- [teacher-cert-platform] [           main] o.f.c.i.s.DefaultSqlScriptExecutor       : DB: 'VALUES function' is deprecated and will be removed in a future release. Please use an alias (INSERT INTO ... VALUES (...) AS alias) and replace VALUES(col) in the ON DUPLICATE KEY UPDATE clause with alias.col instead (SQL State: HY000 - Error Code: 1287)
2026-07-29T08:25:08.041Z  WARN 1559 --- [teacher-cert-platform] [           main] o.f.c.i.s.DefaultSqlScriptExecutor       : DB: 'VALUES function' is deprecated and will be removed in a future release. Please use an alias (INSERT INTO ... VALUES (...) AS alias) and replace VALUES(col) in the ON DUPLICATE KEY UPDATE clause with alias.col instead (SQL State: HY000 - Error Code: 1287)
2026-07-29T08:25:08.042Z  WARN 1559 --- [teacher-cert-platform] [           main] o.f.c.i.s.DefaultSqlScriptExecutor       : DB: 'VALUES function' is deprecated and will be removed in a future release. Please use an alias (INSERT INTO ... VALUES (...) AS alias) and replace VALUES(col) in the ON DUPLICATE KEY UPDATE clause with alias.col instead (SQL State: HY000 - Error Code: 1287)
2026-07-29T08:25:08.042Z  WARN 1559 --- [teacher-cert-platform] [           main] o.f.c.i.s.DefaultSqlScriptExecutor       : DB: 'VALUES function' is deprecated and will be removed in a future release. Please use an alias (INSERT INTO ... VALUES (...) AS alias) and replace VALUES(col) in the ON DUPLICATE KEY UPDATE clause with alias.col instead (SQL State: HY000 - Error Code: 1287)
2026-07-29T08:25:08.042Z  WARN 1559 --- [teacher-cert-platform] [           main] o.f.c.i.s.DefaultSqlScriptExecutor       : DB: 'VALUES function' is deprecated and will be removed in a future release. Please use an alias (INSERT INTO ... VALUES (...) AS alias) and replace VALUES(col) in the ON DUPLICATE KEY UPDATE clause with alias.col instead (SQL State: HY000 - Error Code: 1287)
2026-07-29T08:25:08.042Z  WARN 1559 --- [teacher-cert-platform] [           main] o.f.c.i.s.DefaultSqlScriptExecutor       : DB: 'VALUES function' is deprecated and will be removed in a future release. Please use an alias (INSERT INTO ... VALUES (...) AS alias) and replace VALUES(col) in the ON DUPLICATE KEY UPDATE clause with alias.col instead (SQL State: HY000 - Error Code: 1287)
2026-07-29T08:25:08.055Z  INFO 1559 --- [teacher-cert-platform] [           main] o.f.core.internal.command.DbMigrate      : Migrating schema `teacher_cert_p41_source_edfe0e6dc49c41dd8c8fcf81324e9e76` to version "14 - test"
2026-07-29T08:25:08.124Z  WARN 1559 --- [teacher-cert-platform] [           main] o.f.c.i.s.DefaultSqlScriptExecutor       : DB: 'VALUES function' is deprecated and will be removed in a future release. Please use an alias (INSERT INTO ... VALUES (...) AS alias) and replace VALUES(col) in the ON DUPLICATE KEY UPDATE clause with alias.col instead (SQL State: HY000 - Error Code: 1287)
2026-07-29T08:25:08.124Z  WARN 1559 --- [teacher-cert-platform] [           main] o.f.c.i.s.DefaultSqlScriptExecutor       : DB: 'VALUES function' is deprecated and will be removed in a future release. Please use an alias (INSERT INTO ... VALUES (...) AS alias) and replace VALUES(col) in the ON DUPLICATE KEY UPDATE clause with alias.col instead (SQL State: HY000 - Error Code: 1287)
2026-07-29T08:25:08.124Z  WARN 1559 --- [teacher-cert-platform] [           main] o.f.c.i.s.DefaultSqlScriptExecutor       : DB: 'VALUES function' is deprecated and will be removed in a future release. Please use an alias (INSERT INTO ... VALUES (...) AS alias) and replace VALUES(col) in the ON DUPLICATE KEY UPDATE clause with alias.col instead (SQL State: HY000 - Error Code: 1287)
2026-07-29T08:25:08.124Z  WARN 1559 --- [teacher-cert-platform] [           main] o.f.c.i.s.DefaultSqlScriptExecutor       : DB: 'VALUES function' is deprecated and will be removed in a future release. Please use an alias (INSERT INTO ... VALUES (...) AS alias) and replace VALUES(col) in the ON DUPLICATE KEY UPDATE clause with alias.col instead (SQL State: HY000 - Error Code: 1287)
2026-07-29T08:25:08.125Z  WARN 1559 --- [teacher-cert-platform] [           main] o.f.c.i.s.DefaultSqlScriptExecutor       : DB: 'VALUES function' is deprecated and will be removed in a future release. Please use an alias (INSERT INTO ... VALUES (...) AS alias) and replace VALUES(col) in the ON DUPLICATE KEY UPDATE clause with alias.col instead (SQL State: HY000 - Error Code: 1287)
2026-07-29T08:25:08.125Z  WARN 1559 --- [teacher-cert-platform] [           main] o.f.c.i.s.DefaultSqlScriptExecutor       : DB: 'VALUES function' is deprecated and will be removed in a future release. Please use an alias (INSERT INTO ... VALUES (...) AS alias) and replace VALUES(col) in the ON DUPLICATE KEY UPDATE clause with alias.col instead (SQL State: HY000 - Error Code: 1287)
2026-07-29T08:25:08.125Z  WARN 1559 --- [teacher-cert-platform] [           main] o.f.c.i.s.DefaultSqlScriptExecutor       : DB: 'VALUES function' is deprecated and will be removed in a future release. Please use an alias (INSERT INTO ... VALUES (...) AS alias) and replace VALUES(col) in the ON DUPLICATE KEY UPDATE clause with alias.col instead (SQL State: HY000 - Error Code: 1287)
2026-07-29T08:25:08.125Z  WARN 1559 --- [teacher-cert-platform] [           main] o.f.c.i.s.DefaultSqlScriptExecutor       : DB: 'VALUES function' is deprecated and will be removed in a future release. Please use an alias (INSERT INTO ... VALUES (...) AS alias) and replace VALUES(col) in the ON DUPLICATE KEY UPDATE clause with alias.col instead (SQL State: HY000 - Error Code: 1287)
2026-07-29T08:25:08.125Z  WARN 1559 --- [teacher-cert-platform] [           main] o.f.c.i.s.DefaultSqlScriptExecutor       : DB: 'VALUES function' is deprecated and will be removed in a future release. Please use an alias (INSERT INTO ... VALUES (...) AS alias) and replace VALUES(col) in the ON DUPLICATE KEY UPDATE clause with alias.col instead (SQL State: HY000 - Error Code: 1287)
2026-07-29T08:25:08.125Z  WARN 1559 --- [teacher-cert-platform] [           main] o.f.c.i.s.DefaultSqlScriptExecutor       : DB: 'VALUES function' is deprecated and will be removed in a future release. Please use an alias (INSERT INTO ... VALUES (...) AS alias) and replace VALUES(col) in the ON DUPLICATE KEY UPDATE clause with alias.col instead (SQL State: HY000 - Error Code: 1287)
2026-07-29T08:25:08.125Z  WARN 1559 --- [teacher-cert-platform] [           main] o.f.c.i.s.DefaultSqlScriptExecutor       : DB: 'VALUES function' is deprecated and will be removed in a future release. Please use an alias (INSERT INTO ... VALUES (...) AS alias) and replace VALUES(col) in the ON DUPLICATE KEY UPDATE clause with alias.col instead (SQL State: HY000 - Error Code: 1287)
2026-07-29T08:25:08.125Z  WARN 1559 --- [teacher-cert-platform] [           main] o.f.c.i.s.DefaultSqlScriptExecutor       : DB: 'VALUES function' is deprecated and will be removed in a future release. Please use an alias (INSERT INTO ... VALUES (...) AS alias) and replace VALUES(col) in the ON DUPLICATE KEY UPDATE clause with alias.col instead (SQL State: HY000 - Error Code: 1287)
2026-07-29T08:25:08.125Z  WARN 1559 --- [teacher-cert-platform] [           main] o.f.c.i.s.DefaultSqlScriptExecutor       : DB: 'VALUES function' is deprecated and will be removed in a future release. Please use an alias (INSERT INTO ... VALUES (...) AS alias) and replace VALUES(col) in the ON DUPLICATE KEY UPDATE clause with alias.col instead (SQL State: HY000 - Error Code: 1287)
2026-07-29T08:25:08.125Z  WARN 1559 --- [teacher-cert-platform] [           main] o.f.c.i.s.DefaultSqlScriptExecutor       : DB: 'VALUES function' is deprecated and will be removed in a future release. Please use an alias (INSERT INTO ... VALUES (...) AS alias) and replace VALUES(col) in the ON DUPLICATE KEY UPDATE clause with alias.col instead (SQL State: HY000 - Error Code: 1287)
2026-07-29T08:25:08.125Z  WARN 1559 --- [teacher-cert-platform] [           main] o.f.c.i.s.DefaultSqlScriptExecutor       : DB: 'VALUES function' is deprecated and will be removed in a future release. Please use an alias (INSERT INTO ... VALUES (...) AS alias) and replace VALUES(col) in the ON DUPLICATE KEY UPDATE clause with alias.col instead (SQL State: HY000 - Error Code: 1287)
2026-07-29T08:25:08.125Z  WARN 1559 --- [teacher-cert-platform] [           main] o.f.c.i.s.DefaultSqlScriptExecutor       : DB: 'VALUES function' is deprecated and will be removed in a future release. Please use an alias (INSERT INTO ... VALUES (...) AS alias) and replace VALUES(col) in the ON DUPLICATE KEY UPDATE clause with alias.col instead (SQL State: HY000 - Error Code: 1287)
2026-07-29T08:25:08.126Z  WARN 1559 --- [teacher-cert-platform] [           main] o.f.c.i.s.DefaultSqlScriptExecutor       : DB: 'VALUES function' is deprecated and will be removed in a future release. Please use an alias (INSERT INTO ... VALUES (...) AS alias) and replace VALUES(col) in the ON DUPLICATE KEY UPDATE clause with alias.col instead (SQL State: HY000 - Error Code: 1287)
2026-07-29T08:25:08.126Z  WARN 1559 --- [teacher-cert-platform] [           main] o.f.c.i.s.DefaultSqlScriptExecutor       : DB: 'VALUES function' is deprecated and will be removed in a future release. Please use an alias (INSERT INTO ... VALUES (...) AS alias) and replace VALUES(col) in the ON DUPLICATE KEY UPDATE clause with alias.col instead (SQL State: HY000 - Error Code: 1287)
2026-07-29T08:25:08.127Z  WARN 1559 --- [teacher-cert-platform] [           main] o.f.c.i.s.DefaultSqlScriptExecutor       : DB: 'VALUES function' is deprecated and will be removed in a future release. Please use an alias (INSERT INTO ... VALUES (...) AS alias) and replace VALUES(col) in the ON DUPLICATE KEY UPDATE clause with alias.col instead (SQL State: HY000 - Error Code: 1287)
2026-07-29T08:25:08.143Z  INFO 1559 --- [teacher-cert-platform] [           main] o.f.core.internal.command.DbMigrate      : Migrating schema `teacher_cert_p41_source_edfe0e6dc49c41dd8c8fcf81324e9e76` to version "15 - certificate"
2026-07-29T08:25:08.268Z  WARN 1559 --- [teacher-cert-platform] [           main] o.f.c.i.s.DefaultSqlScriptExecutor       : DB: 'VALUES function' is deprecated and will be removed in a future release. Please use an alias (INSERT INTO ... VALUES (...) AS alias) and replace VALUES(col) in the ON DUPLICATE KEY UPDATE clause with alias.col instead (SQL State: HY000 - Error Code: 1287)
2026-07-29T08:25:08.268Z  WARN 1559 --- [teacher-cert-platform] [           main] o.f.c.i.s.DefaultSqlScriptExecutor       : DB: 'VALUES function' is deprecated and will be removed in a future release. Please use an alias (INSERT INTO ... VALUES (...) AS alias) and replace VALUES(col) in the ON DUPLICATE KEY UPDATE clause with alias.col instead (SQL State: HY000 - Error Code: 1287)
2026-07-29T08:25:08.268Z  WARN 1559 --- [teacher-cert-platform] [           main] o.f.c.i.s.DefaultSqlScriptExecutor       : DB: 'VALUES function' is deprecated and will be removed in a future release. Please use an alias (INSERT INTO ... VALUES (...) AS alias) and replace VALUES(col) in the ON DUPLICATE KEY UPDATE clause with alias.col instead (SQL State: HY000 - Error Code: 1287)
2026-07-29T08:25:08.268Z  WARN 1559 --- [teacher-cert-platform] [           main] o.f.c.i.s.DefaultSqlScriptExecutor       : DB: 'VALUES function' is deprecated and will be removed in a future release. Please use an alias (INSERT INTO ... VALUES (...) AS alias) and replace VALUES(col) in the ON DUPLICATE KEY UPDATE clause with alias.col instead (SQL State: HY000 - Error Code: 1287)
2026-07-29T08:25:08.269Z  WARN 1559 --- [teacher-cert-platform] [           main] o.f.c.i.s.DefaultSqlScriptExecutor       : DB: 'VALUES function' is deprecated and will be removed in a future release. Please use an alias (INSERT INTO ... VALUES (...) AS alias) and replace VALUES(col) in the ON DUPLICATE KEY UPDATE clause with alias.col instead (SQL State: HY000 - Error Code: 1287)
2026-07-29T08:25:08.269Z  WARN 1559 --- [teacher-cert-platform] [           main] o.f.c.i.s.DefaultSqlScriptExecutor       : DB: 'VALUES function' is deprecated and will be removed in a future release. Please use an alias (INSERT INTO ... VALUES (...) AS alias) and replace VALUES(col) in the ON DUPLICATE KEY UPDATE clause with alias.col instead (SQL State: HY000 - Error Code: 1287)
2026-07-29T08:25:08.269Z  WARN 1559 --- [teacher-cert-platform] [           main] o.f.c.i.s.DefaultSqlScriptExecutor       : DB: 'VALUES function' is deprecated and will be removed in a future release. Please use an alias (INSERT INTO ... VALUES (...) AS alias) and replace VALUES(col) in the ON DUPLICATE KEY UPDATE clause with alias.col instead (SQL State: HY000 - Error Code: 1287)
2026-07-29T08:25:08.269Z  WARN 1559 --- [teacher-cert-platform] [           main] o.f.c.i.s.DefaultSqlScriptExecutor       : DB: 'VALUES function' is deprecated and will be removed in a future release. Please use an alias (INSERT INTO ... VALUES (...) AS alias) and replace VALUES(col) in the ON DUPLICATE KEY UPDATE clause with alias.col instead (SQL State: HY000 - Error Code: 1287)
2026-07-29T08:25:08.269Z  WARN 1559 --- [teacher-cert-platform] [           main] o.f.c.i.s.DefaultSqlScriptExecutor       : DB: 'VALUES function' is deprecated and will be removed in a future release. Please use an alias (INSERT INTO ... VALUES (...) AS alias) and replace VALUES(col) in the ON DUPLICATE KEY UPDATE clause with alias.col instead (SQL State: HY000 - Error Code: 1287)
2026-07-29T08:25:08.269Z  WARN 1559 --- [teacher-cert-platform] [           main] o.f.c.i.s.DefaultSqlScriptExecutor       : DB: 'VALUES function' is deprecated and will be removed in a future release. Please use an alias (INSERT INTO ... VALUES (...) AS alias) and replace VALUES(col) in the ON DUPLICATE KEY UPDATE clause with alias.col instead (SQL State: HY000 - Error Code: 1287)
2026-07-29T08:25:08.270Z  WARN 1559 --- [teacher-cert-platform] [           main] o.f.c.i.s.DefaultSqlScriptExecutor       : DB: 'VALUES function' is deprecated and will be removed in a future release. Please use an alias (INSERT INTO ... VALUES (...) AS alias) and replace VALUES(col) in the ON DUPLICATE KEY UPDATE clause with alias.col instead (SQL State: HY000 - Error Code: 1287)
2026-07-29T08:25:08.270Z  WARN 1559 --- [teacher-cert-platform] [           main] o.f.c.i.s.DefaultSqlScriptExecutor       : DB: 'VALUES function' is deprecated and will be removed in a future release. Please use an alias (INSERT INTO ... VALUES (...) AS alias) and replace VALUES(col) in the ON DUPLICATE KEY UPDATE clause with alias.col instead (SQL State: HY000 - Error Code: 1287)
2026-07-29T08:25:08.270Z  WARN 1559 --- [teacher-cert-platform] [           main] o.f.c.i.s.DefaultSqlScriptExecutor       : DB: 'VALUES function' is deprecated and will be removed in a future release. Please use an alias (INSERT INTO ... VALUES (...) AS alias) and replace VALUES(col) in the ON DUPLICATE KEY UPDATE clause with alias.col instead (SQL State: HY000 - Error Code: 1287)
2026-07-29T08:25:08.270Z  WARN 1559 --- [teacher-cert-platform] [           main] o.f.c.i.s.DefaultSqlScriptExecutor       : DB: 'VALUES function' is deprecated and will be removed in a future release. Please use an alias (INSERT INTO ... VALUES (...) AS alias) and replace VALUES(col) in the ON DUPLICATE KEY UPDATE clause with alias.col instead (SQL State: HY000 - Error Code: 1287)
2026-07-29T08:25:08.285Z  INFO 1559 --- [teacher-cert-platform] [           main] o.f.core.internal.command.DbMigrate      : Migrating schema `teacher_cert_p41_source_edfe0e6dc49c41dd8c8fcf81324e9e76` to version "16 - certificate student view"
2026-07-29T08:25:08.286Z  WARN 1559 --- [teacher-cert-platform] [           main] o.f.c.i.s.DefaultSqlScriptExecutor       : DB: 'VALUES function' is deprecated and will be removed in a future release. Please use an alias (INSERT INTO ... VALUES (...) AS alias) and replace VALUES(col) in the ON DUPLICATE KEY UPDATE clause with alias.col instead (SQL State: HY000 - Error Code: 1287)
2026-07-29T08:25:08.286Z  WARN 1559 --- [teacher-cert-platform] [           main] o.f.c.i.s.DefaultSqlScriptExecutor       : DB: 'VALUES function' is deprecated and will be removed in a future release. Please use an alias (INSERT INTO ... VALUES (...) AS alias) and replace VALUES(col) in the ON DUPLICATE KEY UPDATE clause with alias.col instead (SQL State: HY000 - Error Code: 1287)
2026-07-29T08:25:08.286Z  WARN 1559 --- [teacher-cert-platform] [           main] o.f.c.i.s.DefaultSqlScriptExecutor       : DB: 'VALUES function' is deprecated and will be removed in a future release. Please use an alias (INSERT INTO ... VALUES (...) AS alias) and replace VALUES(col) in the ON DUPLICATE KEY UPDATE clause with alias.col instead (SQL State: HY000 - Error Code: 1287)
2026-07-29T08:25:08.301Z  INFO 1559 --- [teacher-cert-platform] [           main] o.f.core.internal.command.DbMigrate      : Migrating schema `teacher_cert_p41_source_edfe0e6dc49c41dd8c8fcf81324e9e76` to version "17 - exchange"
2026-07-29T08:25:08.484Z  INFO 1559 --- [teacher-cert-platform] [           main] o.f.core.internal.command.DbMigrate      : Migrating schema `teacher_cert_p41_source_edfe0e6dc49c41dd8c8fcf81324e9e76` to version "18 - notification"
2026-07-29T08:25:08.560Z  INFO 1559 --- [teacher-cert-platform] [           main] o.f.core.internal.command.DbMigrate      : Migrating schema `teacher_cert_p41_source_edfe0e6dc49c41dd8c8fcf81324e9e76` to version "19 - system audit"
2026-07-29T08:25:08.628Z  INFO 1559 --- [teacher-cert-platform] [           main] o.f.core.internal.command.DbMigrate      : Migrating schema `teacher_cert_p41_source_edfe0e6dc49c41dd8c8fcf81324e9e76` to version "20 - rbac regrant"
2026-07-29T08:25:08.630Z  WARN 1559 --- [teacher-cert-platform] [           main] o.f.c.i.s.DefaultSqlScriptExecutor       : DB: 'VALUES function' is deprecated and will be removed in a future release. Please use an alias (INSERT INTO ... VALUES (...) AS alias) and replace VALUES(col) in the ON DUPLICATE KEY UPDATE clause with alias.col instead (SQL State: HY000 - Error Code: 1287)
2026-07-29T08:25:08.630Z  WARN 1559 --- [teacher-cert-platform] [           main] o.f.c.i.s.DefaultSqlScriptExecutor       : DB: 'VALUES function' is deprecated and will be removed in a future release. Please use an alias (INSERT INTO ... VALUES (...) AS alias) and replace VALUES(col) in the ON DUPLICATE KEY UPDATE clause with alias.col instead (SQL State: HY000 - Error Code: 1287)
2026-07-29T08:25:08.630Z  WARN 1559 --- [teacher-cert-platform] [           main] o.f.c.i.s.DefaultSqlScriptExecutor       : DB: 'VALUES function' is deprecated and will be removed in a future release. Please use an alias (INSERT INTO ... VALUES (...) AS alias) and replace VALUES(col) in the ON DUPLICATE KEY UPDATE clause with alias.col instead (SQL State: HY000 - Error Code: 1287)
2026-07-29T08:25:08.630Z  WARN 1559 --- [teacher-cert-platform] [           main] o.f.c.i.s.DefaultSqlScriptExecutor       : DB: 'VALUES function' is deprecated and will be removed in a future release. Please use an alias (INSERT INTO ... VALUES (...) AS alias) and replace VALUES(col) in the ON DUPLICATE KEY UPDATE clause with alias.col instead (SQL State: HY000 - Error Code: 1287)
2026-07-29T08:25:08.632Z  WARN 1559 --- [teacher-cert-platform] [           main] o.f.c.i.s.DefaultSqlScriptExecutor       : DB: 'VALUES function' is deprecated and will be removed in a future release. Please use an alias (INSERT INTO ... VALUES (...) AS alias) and replace VALUES(col) in the ON DUPLICATE KEY UPDATE clause with alias.col instead (SQL State: HY000 - Error Code: 1287)
2026-07-29T08:25:08.632Z  WARN 1559 --- [teacher-cert-platform] [           main] o.f.c.i.s.DefaultSqlScriptExecutor       : DB: 'VALUES function' is deprecated and will be removed in a future release. Please use an alias (INSERT INTO ... VALUES (...) AS alias) and replace VALUES(col) in the ON DUPLICATE KEY UPDATE clause with alias.col instead (SQL State: HY000 - Error Code: 1287)
2026-07-29T08:25:08.632Z  WARN 1559 --- [teacher-cert-platform] [           main] o.f.c.i.s.DefaultSqlScriptExecutor       : DB: 'VALUES function' is deprecated and will be removed in a future release. Please use an alias (INSERT INTO ... VALUES (...) AS alias) and replace VALUES(col) in the ON DUPLICATE KEY UPDATE clause with alias.col instead (SQL State: HY000 - Error Code: 1287)
2026-07-29T08:25:08.632Z  WARN 1559 --- [teacher-cert-platform] [           main] o.f.c.i.s.DefaultSqlScriptExecutor       : DB: 'VALUES function' is deprecated and will be removed in a future release. Please use an alias (INSERT INTO ... VALUES (...) AS alias) and replace VALUES(col) in the ON DUPLICATE KEY UPDATE clause with alias.col instead (SQL State: HY000 - Error Code: 1287)
2026-07-29T08:25:08.633Z  WARN 1559 --- [teacher-cert-platform] [           main] o.f.c.i.s.DefaultSqlScriptExecutor       : DB: 'VALUES function' is deprecated and will be removed in a future release. Please use an alias (INSERT INTO ... VALUES (...) AS alias) and replace VALUES(col) in the ON DUPLICATE KEY UPDATE clause with alias.col instead (SQL State: HY000 - Error Code: 1287)
2026-07-29T08:25:08.633Z  WARN 1559 --- [teacher-cert-platform] [           main] o.f.c.i.s.DefaultSqlScriptExecutor       : DB: 'VALUES function' is deprecated and will be removed in a future release. Please use an alias (INSERT INTO ... VALUES (...) AS alias) and replace VALUES(col) in the ON DUPLICATE KEY UPDATE clause with alias.col instead (SQL State: HY000 - Error Code: 1287)
2026-07-29T08:25:08.635Z  WARN 1559 --- [teacher-cert-platform] [           main] o.f.c.i.s.DefaultSqlScriptExecutor       : DB: 'VALUES function' is deprecated and will be removed in a future release. Please use an alias (INSERT INTO ... VALUES (...) AS alias) and replace VALUES(col) in the ON DUPLICATE KEY UPDATE clause with alias.col instead (SQL State: HY000 - Error Code: 1287)
2026-07-29T08:25:08.635Z  WARN 1559 --- [teacher-cert-platform] [           main] o.f.c.i.s.DefaultSqlScriptExecutor       : DB: 'VALUES function' is deprecated and will be removed in a future release. Please use an alias (INSERT INTO ... VALUES (...) AS alias) and replace VALUES(col) in the ON DUPLICATE KEY UPDATE clause with alias.col instead (SQL State: HY000 - Error Code: 1287)
2026-07-29T08:25:08.652Z  INFO 1559 --- [teacher-cert-platform] [           main] o.f.core.internal.command.DbMigrate      : Migrating schema `teacher_cert_p41_source_edfe0e6dc49c41dd8c8fcf81324e9e76` to version "21 - test confirm only"
2026-07-29T08:25:08.654Z  WARN 1559 --- [teacher-cert-platform] [           main] o.f.c.i.s.DefaultSqlScriptExecutor       : DB: 'VALUES function' is deprecated and will be removed in a future release. Please use an alias (INSERT INTO ... VALUES (...) AS alias) and replace VALUES(col) in the ON DUPLICATE KEY UPDATE clause with alias.col instead (SQL State: HY000 - Error Code: 1287)
2026-07-29T08:25:08.654Z  WARN 1559 --- [teacher-cert-platform] [           main] o.f.c.i.s.DefaultSqlScriptExecutor       : DB: 'VALUES function' is deprecated and will be removed in a future release. Please use an alias (INSERT INTO ... VALUES (...) AS alias) and replace VALUES(col) in the ON DUPLICATE KEY UPDATE clause with alias.col instead (SQL State: HY000 - Error Code: 1287)
2026-07-29T08:25:08.654Z  WARN 1559 --- [teacher-cert-platform] [           main] o.f.c.i.s.DefaultSqlScriptExecutor       : DB: 'VALUES function' is deprecated and will be removed in a future release. Please use an alias (INSERT INTO ... VALUES (...) AS alias) and replace VALUES(col) in the ON DUPLICATE KEY UPDATE clause with alias.col instead (SQL State: HY000 - Error Code: 1287)
2026-07-29T08:25:08.654Z  WARN 1559 --- [teacher-cert-platform] [           main] o.f.c.i.s.DefaultSqlScriptExecutor       : DB: 'VALUES function' is deprecated and will be removed in a future release. Please use an alias (INSERT INTO ... VALUES (...) AS alias) and replace VALUES(col) in the ON DUPLICATE KEY UPDATE clause with alias.col instead (SQL State: HY000 - Error Code: 1287)
2026-07-29T08:25:08.667Z  INFO 1559 --- [teacher-cert-platform] [           main] o.f.core.internal.command.DbMigrate      : Migrating schema `teacher_cert_p41_source_edfe0e6dc49c41dd8c8fcf81324e9e76` to version "22 - reviewer group"
2026-07-29T08:25:08.796Z  INFO 1559 --- [teacher-cert-platform] [           main] o.f.core.internal.command.DbMigrate      : Migrating schema `teacher_cert_p41_source_edfe0e6dc49c41dd8c8fcf81324e9e76` to version "23 - field acceptance"
2026-07-29T08:25:08.809Z  INFO 1559 --- [teacher-cert-platform] [           main] o.f.core.internal.command.DbMigrate      : Migrating schema `teacher_cert_p41_source_edfe0e6dc49c41dd8c8fcf81324e9e76` to version "24 - unique active cert and student idcard"
2026-07-29T08:25:09.177Z  INFO 1559 --- [teacher-cert-platform] [           main] o.f.core.internal.command.DbMigrate      : Migrating schema `teacher_cert_p41_source_edfe0e6dc49c41dd8c8fcf81324e9e76` to version "25 - backup record artifact"
2026-07-29T08:25:09.284Z  INFO 1559 --- [teacher-cert-platform] [           main] o.f.core.internal.command.DbMigrate      : Migrating schema `teacher_cert_p41_source_edfe0e6dc49c41dd8c8fcf81324e9e76` to version "26 - remove test seed from prod"
2026-07-29T08:25:09.303Z  INFO 1559 --- [teacher-cert-platform] [           main] o.f.core.internal.command.DbMigrate      : Migrating schema `teacher_cert_p41_source_edfe0e6dc49c41dd8c8fcf81324e9e76` to version "27 - ws02 credential hardening defaults"
2026-07-29T08:25:09.322Z  INFO 1559 --- [teacher-cert-platform] [           main] o.f.core.internal.command.DbMigrate      : Migrating schema `teacher_cert_p41_source_edfe0e6dc49c41dd8c8fcf81324e9e76` to version "28 - minio presigned multipart"
2026-07-29T08:25:09.816Z  INFO 1559 --- [teacher-cert-platform] [           main] o.f.core.internal.command.DbMigrate      : Migrating schema `teacher_cert_p41_source_edfe0e6dc49c41dd8c8fcf81324e9e76` to version "29 - trusted video media validation"
2026-07-29T08:25:10.458Z  WARN 1559 --- [teacher-cert-platform] [           main] o.f.c.i.s.DefaultSqlScriptExecutor       : DB: 'VALUES function' is deprecated and will be removed in a future release. Please use an alias (INSERT INTO ... VALUES (...) AS alias) and replace VALUES(col) in the ON DUPLICATE KEY UPDATE clause with alias.col instead (SQL State: HY000 - Error Code: 1287)
2026-07-29T08:25:10.458Z  WARN 1559 --- [teacher-cert-platform] [           main] o.f.c.i.s.DefaultSqlScriptExecutor       : DB: 'VALUES function' is deprecated and will be removed in a future release. Please use an alias (INSERT INTO ... VALUES (...) AS alias) and replace VALUES(col) in the ON DUPLICATE KEY UPDATE clause with alias.col instead (SQL State: HY000 - Error Code: 1287)
2026-07-29T08:25:10.458Z  WARN 1559 --- [teacher-cert-platform] [           main] o.f.c.i.s.DefaultSqlScriptExecutor       : DB: 'VALUES function' is deprecated and will be removed in a future release. Please use an alias (INSERT INTO ... VALUES (...) AS alias) and replace VALUES(col) in the ON DUPLICATE KEY UPDATE clause with alias.col instead (SQL State: HY000 - Error Code: 1287)
2026-07-29T08:25:10.459Z  WARN 1559 --- [teacher-cert-platform] [           main] o.f.c.i.s.DefaultSqlScriptExecutor       : DB: 'VALUES function' is deprecated and will be removed in a future release. Please use an alias (INSERT INTO ... VALUES (...) AS alias) and replace VALUES(col) in the ON DUPLICATE KEY UPDATE clause with alias.col instead (SQL State: HY000 - Error Code: 1287)
2026-07-29T08:25:10.459Z  WARN 1559 --- [teacher-cert-platform] [           main] o.f.c.i.s.DefaultSqlScriptExecutor       : DB: 'VALUES function' is deprecated and will be removed in a future release. Please use an alias (INSERT INTO ... VALUES (...) AS alias) and replace VALUES(col) in the ON DUPLICATE KEY UPDATE clause with alias.col instead (SQL State: HY000 - Error Code: 1287)
2026-07-29T08:25:10.473Z  INFO 1559 --- [teacher-cert-platform] [           main] o.f.core.internal.command.DbMigrate      : Migrating schema `teacher_cert_p41_source_edfe0e6dc49c41dd8c8fcf81324e9e76` to version "30 - video finalization fencing"
2026-07-29T08:25:10.607Z  INFO 1559 --- [teacher-cert-platform] [           main] o.f.core.internal.command.DbMigrate      : Migrating schema `teacher_cert_p41_source_edfe0e6dc49c41dd8c8fcf81324e9e76` to version "31 - video finalization high water"
2026-07-29T08:25:10.730Z  INFO 1559 --- [teacher-cert-platform] [           main] o.f.core.internal.command.DbMigrate      : Migrating schema `teacher_cert_p41_source_edfe0e6dc49c41dd8c8fcf81324e9e76` to version "32 - video finalization object reconciliation"
2026-07-29T08:25:10.798Z  WARN 1559 --- [teacher-cert-platform] [           main] o.f.c.i.s.DefaultSqlScriptExecutor       : DB: 'VALUES function' is deprecated and will be removed in a future release. Please use an alias (INSERT INTO ... VALUES (...) AS alias) and replace VALUES(col) in the ON DUPLICATE KEY UPDATE clause with alias.col instead (SQL State: HY000 - Error Code: 1287)
[...]
2026-07-29T08:25:17.280Z  WARN 1559 --- [teacher-cert-platform] [           main] o.f.c.i.s.DefaultSqlScriptExecutor       : DB: 'VALUES function' is deprecated and will be removed in a future release. Please use an alias (INSERT INTO ... VALUES (...) AS alias) and replace VALUES(col) in the ON DUPLICATE KEY UPDATE clause with alias.col instead (SQL State: HY000 - Error Code: 1287)
2026-07-29T08:25:17.294Z  INFO 1559 --- [teacher-cert-platform] [           main] o.f.core.internal.command.DbMigrate      : Migrating schema `teacher_cert_p41_restore_edfe0e6dc49c41dd8c8fcf81324e9e76` to version "22 - reviewer group"
2026-07-29T08:25:17.426Z  INFO 1559 --- [teacher-cert-platform] [           main] o.f.core.internal.command.DbMigrate      : Migrating schema `teacher_cert_p41_restore_edfe0e6dc49c41dd8c8fcf81324e9e76` to version "23 - field acceptance"
2026-07-29T08:25:17.439Z  INFO 1559 --- [teacher-cert-platform] [           main] o.f.core.internal.command.DbMigrate      : Migrating schema `teacher_cert_p41_restore_edfe0e6dc49c41dd8c8fcf81324e9e76` to version "24 - unique active cert and student idcard"
2026-07-29T08:25:17.775Z  INFO 1559 --- [teacher-cert-platform] [           main] o.f.core.internal.command.DbMigrate      : Migrating schema `teacher_cert_p41_restore_edfe0e6dc49c41dd8c8fcf81324e9e76` to version "25 - backup record artifact"
2026-07-29T08:25:17.871Z  INFO 1559 --- [teacher-cert-platform] [           main] o.f.core.internal.command.DbMigrate      : Migrating schema `teacher_cert_p41_restore_edfe0e6dc49c41dd8c8fcf81324e9e76` to version "26 - remove test seed from prod"
2026-07-29T08:25:17.889Z  INFO 1559 --- [teacher-cert-platform] [           main] o.f.core.internal.command.DbMigrate      : Migrating schema `teacher_cert_p41_restore_edfe0e6dc49c41dd8c8fcf81324e9e76` to version "27 - ws02 credential hardening defaults"
2026-07-29T08:25:17.903Z  INFO 1559 --- [teacher-cert-platform] [           main] o.f.core.internal.command.DbMigrate      : Migrating schema `teacher_cert_p41_restore_edfe0e6dc49c41dd8c8fcf81324e9e76` to version "28 - minio presigned multipart"
2026-07-29T08:25:18.436Z  INFO 1559 --- [teacher-cert-platform] [           main] o.f.core.internal.command.DbMigrate      : Migrating schema `teacher_cert_p41_restore_edfe0e6dc49c41dd8c8fcf81324e9e76` to version "29 - trusted video media validation"
2026-07-29T08:25:19.105Z  WARN 1559 --- [teacher-cert-platform] [           main] o.f.c.i.s.DefaultSqlScriptExecutor       : DB: 'VALUES function' is deprecated and will be removed in a future release. Please use an alias (INSERT INTO ... VALUES (...) AS alias) and replace VALUES(col) in the ON DUPLICATE KEY UPDATE clause with alias.col instead (SQL State: HY000 - Error Code: 1287)
2026-07-29T08:25:19.106Z  WARN 1559 --- [teacher-cert-platform] [           main] o.f.c.i.s.DefaultSqlScriptExecutor       : DB: 'VALUES function' is deprecated and will be removed in a future release. Please use an alias (INSERT INTO ... VALUES (...) AS alias) and replace VALUES(col) in the ON DUPLICATE KEY UPDATE clause with alias.col instead (SQL State: HY000 - Error Code: 1287)
2026-07-29T08:25:19.106Z  WARN 1559 --- [teacher-cert-platform] [           main] o.f.c.i.s.DefaultSqlScriptExecutor       : DB: 'VALUES function' is deprecated and will be removed in a future release. Please use an alias (INSERT INTO ... VALUES (...) AS alias) and replace VALUES(col) in the ON DUPLICATE KEY UPDATE clause with alias.col instead (SQL State: HY000 - Error Code: 1287)
2026-07-29T08:25:19.106Z  WARN 1559 --- [teacher-cert-platform] [           main] o.f.c.i.s.DefaultSqlScriptExecutor       : DB: 'VALUES function' is deprecated and will be removed in a future release. Please use an alias (INSERT INTO ... VALUES (...) AS alias) and replace VALUES(col) in the ON DUPLICATE KEY UPDATE clause with alias.col instead (SQL State: HY000 - Error Code: 1287)
2026-07-29T08:25:19.106Z  WARN 1559 --- [teacher-cert-platform] [           main] o.f.c.i.s.DefaultSqlScriptExecutor       : DB: 'VALUES function' is deprecated and will be removed in a future release. Please use an alias (INSERT INTO ... VALUES (...) AS alias) and replace VALUES(col) in the ON DUPLICATE KEY UPDATE clause with alias.col instead (SQL State: HY000 - Error Code: 1287)
2026-07-29T08:25:19.118Z  INFO 1559 --- [teacher-cert-platform] [           main] o.f.core.internal.command.DbMigrate      : Migrating schema `teacher_cert_p41_restore_edfe0e6dc49c41dd8c8fcf81324e9e76` to version "30 - video finalization fencing"
2026-07-29T08:25:19.239Z  INFO 1559 --- [teacher-cert-platform] [           main] o.f.core.internal.command.DbMigrate      : Migrating schema `teacher_cert_p41_restore_edfe0e6dc49c41dd8c8fcf81324e9e76` to version "31 - video finalization high water"
2026-07-29T08:25:19.363Z  INFO 1559 --- [teacher-cert-platform] [           main] o.f.core.internal.command.DbMigrate      : Migrating schema `teacher_cert_p41_restore_edfe0e6dc49c41dd8c8fcf81324e9e76` to version "32 - video finalization object reconciliation"
2026-07-29T08:25:19.426Z  WARN 1559 --- [teacher-cert-platform] [           main] o.f.c.i.s.DefaultSqlScriptExecutor       : DB: 'VALUES function' is deprecated and will be removed in a future release. Please use an alias (INSERT INTO ... VALUES (...) AS alias) and replace VALUES(col) in the ON DUPLICATE KEY UPDATE clause with alias.col instead (SQL State: HY000 - Error Code: 1287)
2026-07-29T08:25:19.426Z  WARN 1559 --- [teacher-cert-platform] [           main] o.f.c.i.s.DefaultSqlScriptExecutor       : DB: 'VALUES function' is deprecated and will be removed in a future release. Please use an alias (INSERT INTO ... VALUES (...) AS alias) and replace VALUES(col) in the ON DUPLICATE KEY UPDATE clause with alias.col instead (SQL State: HY000 - Error Code: 1287)
2026-07-29T08:25:19.426Z  WARN 1559 --- [teacher-cert-platform] [           main] o.f.c.i.s.DefaultSqlScriptExecutor       : DB: 'VALUES function' is deprecated and will be removed in a future release. Please use an alias (INSERT INTO ... VALUES (...) AS alias) and replace VALUES(col) in the ON DUPLICATE KEY UPDATE clause with alias.col instead (SQL State: HY000 - Error Code: 1287)
2026-07-29T08:25:19.426Z  WARN 1559 --- [teacher-cert-platform] [           main] o.f.c.i.s.DefaultSqlScriptExecutor       : DB: 'VALUES function' is deprecated and will be removed in a future release. Please use an alias (INSERT INTO ... VALUES (...) AS alias) and replace VALUES(col) in the ON DUPLICATE KEY UPDATE clause with alias.col instead (SQL State: HY000 - Error Code: 1287)
2026-07-29T08:25:19.426Z  WARN 1559 --- [teacher-cert-platform] [           main] o.f.c.i.s.DefaultSqlScriptExecutor       : DB: 'VALUES function' is deprecated and will be removed in a future release. Please use an alias (INSERT INTO ... VALUES (...) AS alias) and replace VALUES(col) in the ON DUPLICATE KEY UPDATE clause with alias.col instead (SQL State: HY000 - Error Code: 1287)
2026-07-29T08:25:19.438Z  INFO 1559 --- [teacher-cert-platform] [           main] o.f.core.internal.command.DbMigrate      : Successfully applied 32 migrations to schema `teacher_cert_p41_restore_edfe0e6dc49c41dd8c8fcf81324e9e76`, now at version v32 (execution time 00:04.158s)
2026-07-29T08:25:22.199Z ERROR 1559 --- [teacher-cert-platform] [           main] c.e.g.p.s.s.impl.DatabaseBackupService   : 备份失败 id=2082381957271965698

java.lang.IllegalStateException: 备份行 SQL 超出单语句上限: table=import_export_batch rowOrdinal=1 minimumBytes=18175967 maxBytes=1048576
	at cn.edu.gpnu.platform.system.service.impl.DatabaseBackupService.statementTooLarge(DatabaseBackupService.java:542) ~[platform-system-1.0.0-SNAPSHOT.jar:1.0.0-SNAPSHOT]
	at cn.edu.gpnu.platform.system.service.impl.DatabaseBackupService.dumpTable(DatabaseBackupService.java:348) ~[platform-system-1.0.0-SNAPSHOT.jar:1.0.0-SNAPSHOT]
	at cn.edu.gpnu.platform.system.service.impl.DatabaseBackupService.exportToFile(DatabaseBackupService.java:276) ~[platform-system-1.0.0-SNAPSHOT.jar:1.0.0-SNAPSHOT]
	at cn.edu.gpnu.platform.system.service.impl.DatabaseBackupService.backupUnderLease(DatabaseBackupService.java:152) ~[platform-system-1.0.0-SNAPSHOT.jar:1.0.0-SNAPSHOT]
	at cn.edu.gpnu.platform.system.service.impl.DatabaseBackupService.backup(DatabaseBackupService.java:127) ~[platform-system-1.0.0-SNAPSHOT.jar:1.0.0-SNAPSHOT]
	at cn.edu.gpnu.platform.boot.Phase41BackupIT.lambda$assertOversizedStatementFailsClosed$25(Phase41BackupIT.java:607) ~[test-classes/:na]
	at org.assertj.core.api.ThrowableAssert.catchThrowable(ThrowableAssert.java:63) ~[assertj-core-3.26.3.jar:na]
	at org.assertj.core.api.AssertionsForClassTypes.catchThrowable(AssertionsForClassTypes.java:904) ~[assertj-core-3.26.3.jar:na]
	at org.assertj.core.api.Assertions.catchThrowable(Assertions.java:1470) ~[assertj-core-3.26.3.jar:na]
	at org.assertj.core.api.Assertions.assertThatThrownBy(Assertions.java:1313) ~[assertj-core-3.26.3.jar:na]
	at cn.edu.gpnu.platform.boot.Phase41BackupIT.assertOversizedStatementFailsClosed(Phase41BackupIT.java:607) ~[test-classes/:na]
	at cn.edu.gpnu.platform.boot.Phase41BackupIT.fullArtifactReplacesFlywaySeedsAndRestoresExactSnapshotAtomically(Phase41BackupIT.java:288) ~[test-classes/:na]
	at java.base/jdk.internal.reflect.NativeMethodAccessorImpl.invoke0(Native Method) ~[na:na]
	at java.base/jdk.internal.reflect.NativeMethodAccessorImpl.invoke(NativeMethodAccessorImpl.java:77) ~[na:na]
	at java.base/jdk.internal.reflect.DelegatingMethodAccessorImpl.invoke(DelegatingMethodAccessorImpl.java:43) ~[na:na]
	at java.base/java.lang.reflect.Method.invoke(Method.java:569) ~[na:na]
	at org.junit.platform.commons.util.ReflectionUtils.invokeMethod(ReflectionUtils.java:767) ~[junit-platform-commons-1.11.4.jar:1.11.4]
	at org.junit.jupiter.engine.execution.MethodInvocation.proceed(MethodInvocation.java:60) ~[junit-jupiter-engine-5.11.4.jar:5.11.4]
	at org.junit.jupiter.engine.execution.InvocationInterceptorChain$ValidatingInvocation.proceed(InvocationInterceptorChain.java:131) ~[junit-jupiter-engine-5.11.4.jar:5.11.4]
	at org.junit.jupiter.engine.extension.TimeoutExtension.intercept(TimeoutExtension.java:156) ~[junit-jupiter-engine-5.11.4.jar:5.11.4]
	at org.junit.jupiter.engine.extension.TimeoutExtension.interceptTestableMethod(TimeoutExtension.java:147) ~[junit-jupiter-engine-5.11.4.jar:5.11.4]
	at org.junit.jupiter.engine.extension.TimeoutExtension.interceptTestMethod(TimeoutExtension.java:86) ~[junit-jupiter-engine-5.11.4.jar:5.11.4]
	at org.junit.jupiter.engine.execution.InterceptingExecutableInvoker$ReflectiveInterceptorCall.lambda$ofVoidMethod$0(InterceptingExecutableInvoker.java:103) ~[junit-jupiter-engine-5.11.4.jar:5.11.4]
	at org.junit.jupiter.engine.execution.InterceptingExecutableInvoker.lambda$invoke$0(InterceptingExecutableInvoker.java:93) ~[junit-jupiter-engine-5.11.4.jar:5.11.4]
	at org.junit.jupiter.engine.execution.InvocationInterceptorChain$InterceptedInvocation.proceed(InvocationInterceptorChain.java:106) ~[junit-jupiter-engine-5.11.4.jar:5.11.4]
	at org.junit.jupiter.engine.execution.InvocationInterceptorChain.proceed(InvocationInterceptorChain.java:64) ~[junit-jupiter-engine-5.11.4.jar:5.11.4]
	at org.junit.jupiter.engine.execution.InvocationInterceptorChain.chainAndInvoke(InvocationInterceptorChain.java:45) ~[junit-jupiter-engine-5.11.4.jar:5.11.4]
	at org.junit.jupiter.engine.execution.InvocationInterceptorChain.invoke(InvocationInterceptorChain.java:37) ~[junit-jupiter-engine-5.11.4.jar:5.11.4]
	at org.junit.jupiter.engine.execution.InterceptingExecutableInvoker.invoke(InterceptingExecutableInvoker.java:92) ~[junit-jupiter-engine-5.11.4.jar:5.11.4]
	at org.junit.jupiter.engine.execution.InterceptingExecutableInvoker.invoke(InterceptingExecutableInvoker.java:86) ~[junit-jupiter-engine-5.11.4.jar:5.11.4]
	at org.junit.jupiter.engine.descriptor.TestMethodTestDescriptor.lambda$invokeTestMethod$8(TestMethodTestDescriptor.java:217) ~[junit-jupiter-engine-5.11.4.jar:5.11.4]
	at org.junit.platform.engine.support.hierarchical.ThrowableCollector.execute(ThrowableCollector.java:73) ~[junit-platform-engine-1.11.4.jar:1.11.4]
	at org.junit.jupiter.engine.descriptor.TestMethodTestDescriptor.invokeTestMethod(TestMethodTestDescriptor.java:213) ~[junit-jupiter-engine-5.11.4.jar:5.11.4]
	at org.junit.jupiter.engine.descriptor.TestMethodTestDescriptor.execute(TestMethodTestDescriptor.java:138) ~[junit-jupiter-engine-5.11.4.jar:5.11.4]
	at org.junit.jupiter.engine.descriptor.TestMethodTestDescriptor.execute(TestMethodTestDescriptor.java:68) ~[junit-jupiter-engine-5.11.4.jar:5.11.4]
	at org.junit.platform.engine.support.hierarchical.NodeTestTask.lambda$executeRecursively$6(NodeTestTask.java:156) ~[junit-platform-engine-1.11.4.jar:1.11.4]
	at org.junit.platform.engine.support.hierarchical.ThrowableCollector.execute(ThrowableCollector.java:73) ~[junit-platform-engine-1.11.4.jar:1.11.4]
	at org.junit.platform.engine.support.hierarchical.NodeTestTask.lambda$executeRecursively$8(NodeTestTask.java:146) ~[junit-platform-engine-1.11.4.jar:1.11.4]
	at org.junit.platform.engine.support.hierarchical.Node.around(Node.java:137) ~[junit-platform-engine-1.11.4.jar:1.11.4]
	at org.junit.platform.engine.support.hierarchical.NodeTestTask.lambda$executeRecursively$9(NodeTestTask.java:144) ~[junit-platform-engine-1.11.4.jar:1.11.4]
	at org.junit.platform.engine.support.hierarchical.ThrowableCollector.execute(ThrowableCollector.java:73) ~[junit-platform-engine-1.11.4.jar:1.11.4]
	at org.junit.platform.engine.support.hierarchical.NodeTestTask.executeRecursively(NodeTestTask.java:143) ~[junit-platform-engine-1.11.4.jar:1.11.4]
	at org.junit.platform.engine.support.hierarchical.NodeTestTask.execute(NodeTestTask.java:100) ~[junit-platform-engine-1.11.4.jar:1.11.4]
	at java.base/java.util.ArrayList.forEach(ArrayList.java:1511) ~[na:na]
	at org.junit.platform.engine.support.hierarchical.SameThreadHierarchicalTestExecutorService.invokeAll(SameThreadHierarchicalTestExecutorService.java:41) ~[junit-platform-engine-1.11.4.jar:1.11.4]
	at org.junit.platform.engine.support.hierarchical.NodeTestTask.lambda$executeRecursively$6(NodeTestTask.java:160) ~[junit-platform-engine-1.11.4.jar:1.11.4]
	at org.junit.platform.engine.support.hierarchical.ThrowableCollector.execute(ThrowableCollector.java:73) ~[junit-platform-engine-1.11.4.jar:1.11.4]
	at org.junit.platform.engine.support.hierarchical.NodeTestTask.lambda$executeRecursively$8(NodeTestTask.java:146) ~[junit-platform-engine-1.11.4.jar:1.11.4]
	at org.junit.platform.engine.support.hierarchical.Node.around(Node.java:137) ~[junit-platform-engine-1.11.4.jar:1.11.4]
	at org.junit.platform.engine.support.hierarchical.NodeTestTask.lambda$executeRecursively$9(NodeTestTask.java:144) ~[junit-platform-engine-1.11.4.jar:1.11.4]
	at org.junit.platform.engine.support.hierarchical.ThrowableCollector.execute(ThrowableCollector.java:73) ~[junit-platform-engine-1.11.4.jar:1.11.4]
	at org.junit.platform.engine.support.hierarchical.NodeTestTask.executeRecursively(NodeTestTask.java:143) ~[junit-platform-engine-1.11.4.jar:1.11.4]
	at org.junit.platform.engine.support.hierarchical.NodeTestTask.execute(NodeTestTask.java:100) ~[junit-platform-engine-1.11.4.jar:1.11.4]
	at java.base/java.util.ArrayList.forEach(ArrayList.java:1511) ~[na:na]
	at org.junit.platform.engine.support.hierarchical.SameThreadHierarchicalTestExecutorService.invokeAll(SameThreadHierarchicalTestExecutorService.java:41) ~[junit-platform-engine-1.11.4.jar:1.11.4]
	at org.junit.platform.engine.support.hierarchical.NodeTestTask.lambda$executeRecursively$6(NodeTestTask.java:160) ~[junit-platform-engine-1.11.4.jar:1.11.4]
	at org.junit.platform.engine.support.hierarchical.ThrowableCollector.execute(ThrowableCollector.java:73) ~[junit-platform-engine-1.11.4.jar:1.11.4]
	at org.junit.platform.engine.support.hierarchical.NodeTestTask.lambda$executeRecursively$8(NodeTestTask.java:146) ~[junit-platform-engine-1.11.4.jar:1.11.4]
	at org.junit.platform.engine.support.hierarchical.Node.around(Node.java:137) ~[junit-platform-engine-1.11.4.jar:1.11.4]
	at org.junit.platform.engine.support.hierarchical.NodeTestTask.lambda$executeRecursively$9(NodeTestTask.java:144) ~[junit-platform-engine-1.11.4.jar:1.11.4]
	at org.junit.platform.engine.support.hierarchical.ThrowableCollector.execute(ThrowableCollector.java:73) ~[junit-platform-engine-1.11.4.jar:1.11.4]
	at org.junit.platform.engine.support.hierarchical.NodeTestTask.executeRecursively(NodeTestTask.java:143) ~[junit-platform-engine-1.11.4.jar:1.11.4]
	at org.junit.platform.engine.support.hierarchical.NodeTestTask.execute(NodeTestTask.java:100) ~[junit-platform-engine-1.11.4.jar:1.11.4]
	at org.junit.platform.engine.support.hierarchical.SameThreadHierarchicalTestExecutorService.submit(SameThreadHierarchicalTestExecutorService.java:35) ~[junit-platform-engine-1.11.4.jar:1.11.4]
	at org.junit.platform.engine.support.hierarchical.HierarchicalTestExecutor.execute(HierarchicalTestExecutor.java:57) ~[junit-platform-engine-1.11.4.jar:1.11.4]
	at org.junit.platform.engine.support.hierarchical.HierarchicalTestEngine.execute(HierarchicalTestEngine.java:54) ~[junit-platform-engine-1.11.4.jar:1.11.4]
	at org.junit.platform.launcher.core.EngineExecutionOrchestrator.execute(EngineExecutionOrchestrator.java:198) ~[junit-platform-launcher-1.11.4.jar:1.11.4]
	at org.junit.platform.launcher.core.EngineExecutionOrchestrator.execute(EngineExecutionOrchestrator.java:169) ~[junit-platform-launcher-1.11.4.jar:1.11.4]
	at org.junit.platform.launcher.core.EngineExecutionOrchestrator.execute(EngineExecutionOrchestrator.java:93) ~[junit-platform-launcher-1.11.4.jar:1.11.4]
	at org.junit.platform.launcher.core.EngineExecutionOrchestrator.lambda$execute$0(EngineExecutionOrchestrator.java:58) ~[junit-platform-launcher-1.11.4.jar:1.11.4]
	at org.junit.platform.launcher.core.EngineExecutionOrchestrator.withInterceptedStreams(EngineExecutionOrchestrator.java:141) ~[junit-platform-launcher-1.11.4.jar:1.11.4]
	at org.junit.platform.launcher.core.EngineExecutionOrchestrator.execute(EngineExecutionOrchestrator.java:57) ~[junit-platform-launcher-1.11.4.jar:1.11.4]
	at org.junit.platform.launcher.core.DefaultLauncher.execute(DefaultLauncher.java:103) ~[junit-platform-launcher-1.11.4.jar:1.11.4]
	at org.junit.platform.launcher.core.DefaultLauncher.execute(DefaultLauncher.java:85) ~[junit-platform-launcher-1.11.4.jar:1.11.4]
	at org.junit.platform.launcher.core.DelegatingLauncher.execute(DelegatingLauncher.java:47) ~[junit-platform-launcher-1.11.4.jar:1.11.4]
	at org.apache.maven.surefire.junitplatform.LauncherAdapter.executeWithoutCancellationToken(LauncherAdapter.java:60) ~[surefire-junit-platform-3.5.4.jar:3.5.4]
	at org.apache.maven.surefire.junitplatform.LauncherAdapter.execute(LauncherAdapter.java:52) ~[surefire-junit-platform-3.5.4.jar:3.5.4]
	at org.apache.maven.surefire.junitplatform.JUnitPlatformProvider.execute(JUnitPlatformProvider.java:203) ~[surefire-junit-platform-3.5.4.jar:3.5.4]
	at org.apache.maven.surefire.junitplatform.JUnitPlatformProvider.invokeAllTests(JUnitPlatformProvider.java:168) ~[surefire-junit-platform-3.5.4.jar:3.5.4]
	at org.apache.maven.surefire.junitplatform.JUnitPlatformProvider.invoke(JUnitPlatformProvider.java:136) ~[surefire-junit-platform-3.5.4.jar:3.5.4]
	at org.apache.maven.surefire.booter.ForkedBooter.runSuitesInProcess(ForkedBooter.java:385) ~[surefire-booter-3.5.4.jar:3.5.4]
	at org.apache.maven.surefire.booter.ForkedBooter.execute(ForkedBooter.java:162) ~[surefire-booter-3.5.4.jar:3.5.4]
	at org.apache.maven.surefire.booter.ForkedBooter.run(ForkedBooter.java:507) ~[surefire-booter-3.5.4.jar:3.5.4]
	at org.apache.maven.surefire.booter.ForkedBooter.main(ForkedBooter.java:495) ~[surefire-booter-3.5.4.jar:3.5.4]

]]></system-out>
  </testcase>
</testsuite>