<?xml version="1.0" encoding="UTF-8"?>
<testsuite xmlns:xsi="http://www.w3.org/2001/XMLSchema-instance" xsi:noNamespaceSchemaLocation="https://maven.apache.org/surefire/maven-failsafe-plugin/xsd/failsafe-test-report.xsd" version="3.0.2" name="cn.edu.gpnu.platform.boot.Phase2SecurityIT" time="21.032" tests="4" errors="0" skipped="0" failures="0">
  <properties>
[...]
</properties>
  <testcase name="phase2AuthRbacAndDataScope" classname="cn.edu.gpnu.platform.boot.Phase2SecurityIT" time="6.4">
    <system-out><![CDATA[Standard Commons Logging discovery in action with spring-jcl: please remove commons-logging.jar from classpath in order to avoid potential conflicts

  .   ____          _            __ _ _
 /\\ / ___'_ __ _ _(_)_ __  __ _ \ \ \ \
( ( )\___ | '_ | '_| | '_ \/ _` | \ \ \ \
 \\/  ___)| |_)| | | | | || (_| |  ) ) ) )
  '  |____| .__|_| |_|_| |_\__, | / / / /
 =========|_|==============|___/=/_/_/_/

 :: Spring Boot ::               (v3.4.13)

2026-07-29T08:23:26.351Z  INFO 759 --- [teacher-cert-platform] [           main] c.e.gpnu.platform.boot.Phase2SecurityIT  : Starting Phase2SecurityIT using Java 17.0.19 with PID 759 (started by root in /workspace/platform-boot)
2026-07-29T08:23:26.353Z  INFO 759 --- [teacher-cert-platform] [           main] c.e.gpnu.platform.boot.Phase2SecurityIT  : The following 1 profile is active: "dev"
2026-07-29T08:23:27.072Z  INFO 759 --- [teacher-cert-platform] [           main] .s.d.r.c.RepositoryConfigurationDelegate : Multiple Spring Data modules found, entering strict repository configuration mode
2026-07-29T08:23:27.074Z  INFO 759 --- [teacher-cert-platform] [           main] .s.d.r.c.RepositoryConfigurationDelegate : Bootstrapping Spring Data Redis repositories in DEFAULT mode.
2026-07-29T08:23:27.110Z  INFO 759 --- [teacher-cert-platform] [           main] .s.d.r.c.RepositoryConfigurationDelegate : Finished Spring Data repository scanning in 25 ms. Found 0 Redis repository interfaces.
2026-07-29T08:23:27.744Z  INFO 759 --- [teacher-cert-platform] [           main] o.s.b.w.embedded.tomcat.TomcatWebServer  : Tomcat initialized with port 0 (http)
2026-07-29T08:23:27.755Z  INFO 759 --- [teacher-cert-platform] [           main] o.apache.catalina.core.StandardService   : Starting service [Tomcat]
2026-07-29T08:23:27.756Z  INFO 759 --- [teacher-cert-platform] [           main] o.apache.catalina.core.StandardEngine    : Starting Servlet engine: [Apache Tomcat/10.1.50]
2026-07-29T08:23:27.800Z  INFO 759 --- [teacher-cert-platform] [           main] o.a.c.c.C.[Tomcat].[localhost].[/]       : Initializing Spring embedded WebApplicationContext
2026-07-29T08:23:27.801Z  INFO 759 --- [teacher-cert-platform] [           main] w.s.c.ServletWebServerApplicationContext : Root WebApplicationContext: initialization completed in 1439 ms
Standard Commons Logging discovery in action with spring-jcl: please remove commons-logging.jar from classpath in order to avoid potential conflicts
2026-07-29T08:23:28.019Z  INFO 759 --- [teacher-cert-platform] [           main] com.zaxxer.hikari.HikariDataSource       : HikariPool-1 - Starting...
2026-07-29T08:23:28.119Z  INFO 759 --- [teacher-cert-platform] [           main] com.zaxxer.hikari.pool.HikariPool        : HikariPool-1 - Added connection com.mysql.cj.jdbc.ConnectionImpl@7263b0c4
2026-07-29T08:23:28.121Z  INFO 759 --- [teacher-cert-platform] [           main] com.zaxxer.hikari.HikariDataSource       : HikariPool-1 - Start completed.
2026-07-29T08:23:28.159Z  INFO 759 --- [teacher-cert-platform] [           main] org.flywaydb.core.FlywayExecutor         : Database: jdbc:mysql://127.0.0.1:3306/teacher_cert?useUnicode=true&characterEncoding=utf8&serverTimezone=Asia/Shanghai&allowPublicKeyRetrieval=true&useSSL=false (MySQL 8.4)
2026-07-29T08:23:28.180Z  WARN 759 --- [teacher-cert-platform] [           main] o.f.c.internal.database.base.Database    : Flyway upgrade recommended: MySQL 8.4 is newer than this version of Flyway and support has not been tested. The latest supported version of MySQL is 8.1.
2026-07-29T08:23:28.218Z  INFO 759 --- [teacher-cert-platform] [           main] o.f.c.i.s.JdbcTableSchemaHistory         : Schema history table `teacher_cert`.`flyway_schema_history` does not exist yet
2026-07-29T08:23:28.221Z  INFO 759 --- [teacher-cert-platform] [           main] o.f.core.internal.command.DbValidate     : Successfully validated 33 migrations (execution time 00:00.032s)
2026-07-29T08:23:28.235Z  INFO 759 --- [teacher-cert-platform] [           main] o.f.c.i.s.JdbcTableSchemaHistory         : Creating Schema History table `teacher_cert`.`flyway_schema_history` ...
2026-07-29T08:23:28.325Z  INFO 759 --- [teacher-cert-platform] [           main] o.f.core.internal.command.DbMigrate      : Current version of schema `teacher_cert`: << Empty Schema >>
2026-07-29T08:23:28.338Z  INFO 759 --- [teacher-cert-platform] [           main] o.f.core.internal.command.DbMigrate      : Migrating schema `teacher_cert` to version "1 - base"
2026-07-29T08:23:28.519Z  INFO 759 --- [teacher-cert-platform] [           main] o.f.core.internal.command.DbMigrate      : Migrating schema `teacher_cert` to version "2 - dict"
2026-07-29T08:23:29.041Z  INFO 759 --- [teacher-cert-platform] [           main] o.f.core.internal.command.DbMigrate      : Migrating schema `teacher_cert` to version "3 - dict seed"
2026-07-29T08:23:29.056Z  WARN 759 --- [teacher-cert-platform] [           main] o.f.c.i.s.DefaultSqlScriptExecutor       : DB: 'VALUES function' is deprecated and will be removed in a future release. Please use an alias (INSERT INTO ... VALUES (...) AS alias) and replace VALUES(col) in the ON DUPLICATE KEY UPDATE clause with alias.col instead (SQL State: HY000 - Error Code: 1287)
2026-07-29T08:23:29.056Z  WARN 759 --- [teacher-cert-platform] [           main] o.f.c.i.s.DefaultSqlScriptExecutor       : DB: 'VALUES function' is deprecated and will be removed in a future release. Please use an alias (INSERT INTO ... VALUES (...) AS alias) and replace VALUES(col) in the ON DUPLICATE KEY UPDATE clause with alias.col instead (SQL State: HY000 - Error Code: 1287)
2026-07-29T08:23:29.056Z  WARN 759 --- [teacher-cert-platform] [           main] o.f.c.i.s.DefaultSqlScriptExecutor       : DB: 'VALUES function' is deprecated and will be removed in a future release. Please use an alias (INSERT INTO ... VALUES (...) AS alias) and replace VALUES(col) in the ON DUPLICATE KEY UPDATE clause with alias.col instead (SQL State: HY000 - Error Code: 1287)
2026-07-29T08:23:29.056Z  WARN 759 --- [teacher-cert-platform] [           main] o.f.c.i.s.DefaultSqlScriptExecutor       : DB: 'VALUES function' is deprecated and will be removed in a future release. Please use an alias (INSERT INTO ... VALUES (...) AS alias) and replace VALUES(col) in the ON DUPLICATE KEY UPDATE clause with alias.col instead (SQL State: HY000 - Error Code: 1287)
2026-07-29T08:23:29.058Z  WARN 759 --- [teacher-cert-platform] [           main] o.f.c.i.s.DefaultSqlScriptExecutor       : DB: 'VALUES function' is deprecated and will be removed in a future release. Please use an alias (INSERT INTO ... VALUES (...) AS alias) and replace VALUES(col) in the ON DUPLICATE KEY UPDATE clause with alias.col instead (SQL State: HY000 - Error Code: 1287)
2026-07-29T08:23:29.059Z  WARN 759 --- [teacher-cert-platform] [           main] o.f.c.i.s.DefaultSqlScriptExecutor       : DB: 'VALUES function' is deprecated and will be removed in a future release. Please use an alias (INSERT INTO ... VALUES (...) AS alias) and replace VALUES(col) in the ON DUPLICATE KEY UPDATE clause with alias.col instead (SQL State: HY000 - Error Code: 1287)
2026-07-29T08:23:29.059Z  WARN 759 --- [teacher-cert-platform] [           main] o.f.c.i.s.DefaultSqlScriptExecutor       : DB: 'VALUES function' is deprecated and will be removed in a future release. Please use an alias (INSERT INTO ... VALUES (...) AS alias) and replace VALUES(col) in the ON DUPLICATE KEY UPDATE clause with alias.col instead (SQL State: HY000 - Error Code: 1287)
2026-07-29T08:23:29.059Z  WARN 759 --- [teacher-cert-platform] [           main] o.f.c.i.s.DefaultSqlScriptExecutor       : DB: 'VALUES function' is deprecated and will be removed in a future release. Please use an alias (INSERT INTO ... VALUES (...) AS alias) and replace VALUES(col) in the ON DUPLICATE KEY UPDATE clause with alias.col instead (SQL State: HY000 - Error Code: 1287)
2026-07-29T08:23:29.059Z  WARN 759 --- [teacher-cert-platform] [           main] o.f.c.i.s.DefaultSqlScriptExecutor       : DB: 'VALUES function' is deprecated and will be removed in a future release. Please use an alias (INSERT INTO ... VALUES (...) AS alias) and replace VALUES(col) in the ON DUPLICATE KEY UPDATE clause with alias.col instead (SQL State: HY000 - Error Code: 1287)
2026-07-29T08:23:29.078Z  INFO 759 --- [teacher-cert-platform] [           main] o.f.core.internal.command.DbMigrate      : Migrating schema `teacher_cert` to version "4 - region seed"
2026-07-29T08:23:29.080Z  WARN 759 --- [teacher-cert-platform] [           main] o.f.c.i.s.DefaultSqlScriptExecutor       : DB: 'VALUES function' is deprecated and will be removed in a future release. Please use an alias (INSERT INTO ... VALUES (...) AS alias) and replace VALUES(col) in the ON DUPLICATE KEY UPDATE clause with alias.col instead (SQL State: HY000 - Error Code: 1287)
2026-07-29T08:23:29.080Z  WARN 759 --- [teacher-cert-platform] [           main] o.f.c.i.s.DefaultSqlScriptExecutor       : DB: 'VALUES function' is deprecated and will be removed in a future release. Please use an alias (INSERT INTO ... VALUES (...) AS alias) and replace VALUES(col) in the ON DUPLICATE KEY UPDATE clause with alias.col instead (SQL State: HY000 - Error Code: 1287)
2026-07-29T08:23:29.080Z  WARN 759 --- [teacher-cert-platform] [           main] o.f.c.i.s.DefaultSqlScriptExecutor       : DB: 'VALUES function' is deprecated and will be removed in a future release. Please use an alias (INSERT INTO ... VALUES (...) AS alias) and replace VALUES(col) in the ON DUPLICATE KEY UPDATE clause with alias.col instead (SQL State: HY000 - Error Code: 1287)
2026-07-29T08:23:29.080Z  WARN 759 --- [teacher-cert-platform] [           main] o.f.c.i.s.DefaultSqlScriptExecutor       : DB: 'VALUES function' is deprecated and will be removed in a future release. Please use an alias (INSERT INTO ... VALUES (...) AS alias) and replace VALUES(col) in the ON DUPLICATE KEY UPDATE clause with alias.col instead (SQL State: HY000 - Error Code: 1287)
2026-07-29T08:23:29.080Z  WARN 759 --- [teacher-cert-platform] [           main] o.f.c.i.s.DefaultSqlScriptExecutor       : DB: 'VALUES function' is deprecated and will be removed in a future release. Please use an alias (INSERT INTO ... VALUES (...) AS alias) and replace VALUES(col) in the ON DUPLICATE KEY UPDATE clause with alias.col instead (SQL State: HY000 - Error Code: 1287)
2026-07-29T08:23:29.098Z  INFO 759 --- [teacher-cert-platform] [           main] o.f.core.internal.command.DbMigrate      : Migrating schema `teacher_cert` to version "5 - subject seed"
2026-07-29T08:23:29.100Z  WARN 759 --- [teacher-cert-platform] [           main] o.f.c.i.s.DefaultSqlScriptExecutor       : DB: 'VALUES function' is deprecated and will be removed in a future release. Please use an alias (INSERT INTO ... VALUES (...) AS alias) and replace VALUES(col) in the ON DUPLICATE KEY UPDATE clause with alias.col instead (SQL State: HY000 - Error Code: 1287)
2026-07-29T08:23:29.100Z  WARN 759 --- [teacher-cert-platform] [           main] o.f.c.i.s.DefaultSqlScriptExecutor       : DB: 'VALUES function' is deprecated and will be removed in a future release. Please use an alias (INSERT INTO ... VALUES (...) AS alias) and replace VALUES(col) in the ON DUPLICATE KEY UPDATE clause with alias.col instead (SQL State: HY000 - Error Code: 1287)
2026-07-29T08:23:29.100Z  WARN 759 --- [teacher-cert-platform] [           main] o.f.c.i.s.DefaultSqlScriptExecutor       : DB: 'VALUES function' is deprecated and will be removed in a future release. Please use an alias (INSERT INTO ... VALUES (...) AS alias) and replace VALUES(col) in the ON DUPLICATE KEY UPDATE clause with alias.col instead (SQL State: HY000 - Error Code: 1287)
2026-07-29T08:23:29.100Z  WARN 759 --- [teacher-cert-platform] [           main] o.f.c.i.s.DefaultSqlScriptExecutor       : DB: 'VALUES function' is deprecated and will be removed in a future release. Please use an alias (INSERT INTO ... VALUES (...) AS alias) and replace VALUES(col) in the ON DUPLICATE KEY UPDATE clause with alias.col instead (SQL State: HY000 - Error Code: 1287)
2026-07-29T08:23:29.100Z  WARN 759 --- [teacher-cert-platform] [           main] o.f.c.i.s.DefaultSqlScriptExecutor       : DB: 'VALUES function' is deprecated and will be removed in a future release. Please use an alias (INSERT INTO ... VALUES (...) AS alias) and replace VALUES(col) in the ON DUPLICATE KEY UPDATE clause with alias.col instead (SQL State: HY000 - Error Code: 1287)
2026-07-29T08:23:29.101Z  WARN 759 --- [teacher-cert-platform] [           main] o.f.c.i.s.DefaultSqlScriptExecutor       : DB: 'VALUES function' is deprecated and will be removed in a future release. Please use an alias (INSERT INTO ... VALUES (...) AS alias) and replace VALUES(col) in the ON DUPLICATE KEY UPDATE clause with alias.col instead (SQL State: HY000 - Error Code: 1287)
2026-07-29T08:23:29.116Z  INFO 759 --- [teacher-cert-platform] [           main] o.f.core.internal.command.DbMigrate      : Migrating schema `teacher_cert` to version "6 - confirmed params"
2026-07-29T08:23:29.133Z  INFO 759 --- [teacher-cert-platform] [           main] o.f.core.internal.command.DbMigrate      : Migrating schema `teacher_cert` to version "7 - rbac"
2026-07-29T08:23:29.541Z  INFO 759 --- [teacher-cert-platform] [           main] o.f.core.internal.command.DbMigrate      : Migrating schema `teacher_cert` to version "8 - rbac seed"
2026-07-29T08:23:29.542Z  WARN 759 --- [teacher-cert-platform] [           main] o.f.c.i.s.DefaultSqlScriptExecutor       : DB: 'VALUES function' is deprecated and will be removed in a future release. Please use an alias (INSERT INTO ... VALUES (...) AS alias) and replace VALUES(col) in the ON DUPLICATE KEY UPDATE clause with alias.col instead (SQL State: HY000 - Error Code: 1287)
2026-07-29T08:23:29.542Z  WARN 759 --- [teacher-cert-platform] [           main] o.f.c.i.s.DefaultSqlScriptExecutor       : DB: 'VALUES function' is deprecated and will be removed in a future release. Please use an alias (INSERT INTO ... VALUES (...) AS alias) and replace VALUES(col) in the ON DUPLICATE KEY UPDATE clause with alias.col instead (SQL State: HY000 - Error Code: 1287)
2026-07-29T08:23:29.542Z  WARN 759 --- [teacher-cert-platform] [           main] o.f.c.i.s.DefaultSqlScriptExecutor       : DB: 'VALUES function' is deprecated and will be removed in a future release. Please use an alias (INSERT INTO ... VALUES (...) AS alias) and replace VALUES(col) in the ON DUPLICATE KEY UPDATE clause with alias.col instead (SQL State: HY000 - Error Code: 1287)
2026-07-29T08:23:29.542Z  WARN 759 --- [teacher-cert-platform] [           main] o.f.c.i.s.DefaultSqlScriptExecutor       : DB: 'VALUES function' is deprecated and will be removed in a future release. Please use an alias (INSERT INTO ... VALUES (...) AS alias) and replace VALUES(col) in the ON DUPLICATE KEY UPDATE clause with alias.col instead (SQL State: HY000 - Error Code: 1287)
2026-07-29T08:23:29.542Z  WARN 759 --- [teacher-cert-platform] [           main] o.f.c.i.s.DefaultSqlScriptExecutor       : DB: 'VALUES function' is deprecated and will be removed in a future release. Please use an alias (INSERT INTO ... VALUES (...) AS alias) and replace VALUES(col) in the ON DUPLICATE KEY UPDATE clause with alias.col instead (SQL State: HY000 - Error Code: 1287)
2026-07-29T08:23:29.543Z  WARN 759 --- [teacher-cert-platform] [           main] o.f.c.i.s.DefaultSqlScriptExecutor       : DB: 'VALUES function' is deprecated and will be removed in a future release. Please use an alias (INSERT INTO ... VALUES (...) AS alias) and replace VALUES(col) in the ON DUPLICATE KEY UPDATE clause with alias.col instead (SQL State: HY000 - Error Code: 1287)
2026-07-29T08:23:29.543Z  WARN 759 --- [teacher-cert-platform] [           main] o.f.c.i.s.DefaultSqlScriptExecutor       : DB: 'VALUES function' is deprecated and will be removed in a future release. Please use an alias (INSERT INTO ... VALUES (...) AS alias) and replace VALUES(col) in the ON DUPLICATE KEY UPDATE clause with alias.col instead (SQL State: HY000 - Error Code: 1287)
2026-07-29T08:23:29.543Z  WARN 759 --- [teacher-cert-platform] [           main] o.f.c.i.s.DefaultSqlScriptExecutor       : DB: 'VALUES function' is deprecated and will be removed in a future release. Please use an alias (INSERT INTO ... VALUES (...) AS alias) and replace VALUES(col) in the ON DUPLICATE KEY UPDATE clause with alias.col instead (SQL State: HY000 - Error Code: 1287)
2026-07-29T08:23:29.544Z  WARN 759 --- [teacher-cert-platform] [           main] o.f.c.i.s.DefaultSqlScriptExecutor       : DB: 'VALUES function' is deprecated and will be removed in a future release. Please use an alias (INSERT INTO ... VALUES (...) AS alias) and replace VALUES(col) in the ON DUPLICATE KEY UPDATE clause with alias.col instead (SQL State: HY000 - Error Code: 1287)
2026-07-29T08:23:29.545Z  WARN 759 --- [teacher-cert-platform] [           main] o.f.c.i.s.DefaultSqlScriptExecutor       : DB: 'VALUES function' is deprecated and will be removed in a future release. Please use an alias (INSERT INTO ... VALUES (...) AS alias) and replace VALUES(col) in the ON DUPLICATE KEY UPDATE clause with alias.col instead (SQL State: HY000 - Error Code: 1287)
2026-07-29T08:23:29.545Z  WARN 759 --- [teacher-cert-platform] [           main] o.f.c.i.s.DefaultSqlScriptExecutor       : DB: 'VALUES function' is deprecated and will be removed in a future release. Please use an alias (INSERT INTO ... VALUES (...) AS alias) and replace VALUES(col) in the ON DUPLICATE KEY UPDATE clause with alias.col instead (SQL State: HY000 - Error Code: 1287)
2026-07-29T08:23:29.545Z  WARN 759 --- [teacher-cert-platform] [           main] o.f.c.i.s.DefaultSqlScriptExecutor       : DB: 'VALUES function' is deprecated and will be removed in a future release. Please use an alias (INSERT INTO ... VALUES (...) AS alias) and replace VALUES(col) in the ON DUPLICATE KEY UPDATE clause with alias.col instead (SQL State: HY000 - Error Code: 1287)
2026-07-29T08:23:29.546Z  WARN 759 --- [teacher-cert-platform] [           main] o.f.c.i.s.DefaultSqlScriptExecutor       : DB: 'VALUES function' is deprecated and will be removed in a future release. Please use an alias (INSERT INTO ... VALUES (...) AS alias) and replace VALUES(col) in the ON DUPLICATE KEY UPDATE clause with alias.col instead (SQL State: HY000 - Error Code: 1287)
2026-07-29T08:23:29.546Z  WARN 759 --- [teacher-cert-platform] [           main] o.f.c.i.s.DefaultSqlScriptExecutor       : DB: 'VALUES function' is deprecated and will be removed in a future release. Please use an alias (INSERT INTO ... VALUES (...) AS alias) and replace VALUES(col) in the ON DUPLICATE KEY UPDATE clause with alias.col instead (SQL State: HY000 - Error Code: 1287)
2026-07-29T08:23:29.546Z  WARN 759 --- [teacher-cert-platform] [           main] o.f.c.i.s.DefaultSqlScriptExecutor       : DB: 'VALUES function' is deprecated and will be removed in a future release. Please use an alias (INSERT INTO ... VALUES (...) AS alias) and replace VALUES(col) in the ON DUPLICATE KEY UPDATE clause with alias.col instead (SQL State: HY000 - Error Code: 1287)
2026-07-29T08:23:29.546Z  WARN 759 --- [teacher-cert-platform] [           main] o.f.c.i.s.DefaultSqlScriptExecutor       : DB: 'VALUES function' is deprecated and will be removed in a future release. Please use an alias (INSERT INTO ... VALUES (...) AS alias) and replace VALUES(col) in the ON DUPLICATE KEY UPDATE clause with alias.col instead (SQL State: HY000 - Error Code: 1287)
2026-07-29T08:23:29.546Z  WARN 759 --- [teacher-cert-platform] [           main] o.f.c.i.s.DefaultSqlScriptExecutor       : DB: 'VALUES function' is deprecated and will be removed in a future release. Please use an alias (INSERT INTO ... VALUES (...) AS alias) and replace VALUES(col) in the ON DUPLICATE KEY UPDATE clause with alias.col instead (SQL State: HY000 - Error Code: 1287)
2026-07-29T08:23:29.546Z  WARN 759 --- [teacher-cert-platform] [           main] o.f.c.i.s.DefaultSqlScriptExecutor       : DB: 'VALUES function' is deprecated and will be removed in a future release. Please use an alias (INSERT INTO ... VALUES (...) AS alias) and replace VALUES(col) in the ON DUPLICATE KEY UPDATE clause with alias.col instead (SQL State: HY000 - Error Code: 1287)
2026-07-29T08:23:29.549Z  WARN 759 --- [teacher-cert-platform] [           main] o.f.c.i.s.DefaultSqlScriptExecutor       : DB: 'VALUES function' is deprecated and will be removed in a future release. Please use an alias (INSERT INTO ... VALUES (...) AS alias) and replace VALUES(col) in the ON DUPLICATE KEY UPDATE clause with alias.col instead (SQL State: HY000 - Error Code: 1287)
2026-07-29T08:23:29.549Z  WARN 759 --- [teacher-cert-platform] [           main] o.f.c.i.s.DefaultSqlScriptExecutor       : DB: 'VALUES function' is deprecated and will be removed in a future release. Please use an alias (INSERT INTO ... VALUES (...) AS alias) and replace VALUES(col) in the ON DUPLICATE KEY UPDATE clause with alias.col instead (SQL State: HY000 - Error Code: 1287)
2026-07-29T08:23:29.549Z  WARN 759 --- [teacher-cert-platform] [           main] o.f.c.i.s.DefaultSqlScriptExecutor       : DB: 'VALUES function' is deprecated and will be removed in a future release. Please use an alias (INSERT INTO ... VALUES (...) AS alias) and replace VALUES(col) in the ON DUPLICATE KEY UPDATE clause with alias.col instead (SQL State: HY000 - Error Code: 1287)
2026-07-29T08:23:29.551Z  WARN 759 --- [teacher-cert-platform] [           main] o.f.c.i.s.DefaultSqlScriptExecutor       : DB: 'VALUES function' is deprecated and will be removed in a future release. Please use an alias (INSERT INTO ... VALUES (...) AS alias) and replace VALUES(col) in the ON DUPLICATE KEY UPDATE clause with alias.col instead (SQL State: HY000 - Error Code: 1287)
2026-07-29T08:23:29.551Z  WARN 759 --- [teacher-cert-platform] [           main] o.f.c.i.s.DefaultSqlScriptExecutor       : DB: 'VALUES function' is deprecated and will be removed in a future release. Please use an alias (INSERT INTO ... VALUES (...) AS alias) and replace VALUES(col) in the ON DUPLICATE KEY UPDATE clause with alias.col instead (SQL State: HY000 - Error Code: 1287)
2026-07-29T08:23:29.551Z  WARN 759 --- [teacher-cert-platform] [           main] o.f.c.i.s.DefaultSqlScriptExecutor       : DB: 'VALUES function' is deprecated and will be removed in a future release. Please use an alias (INSERT INTO ... VALUES (...) AS alias) and replace VALUES(col) in the ON DUPLICATE KEY UPDATE clause with alias.col instead (SQL State: HY000 - Error Code: 1287)
2026-07-29T08:23:29.551Z  WARN 759 --- [teacher-cert-platform] [           main] o.f.c.i.s.DefaultSqlScriptExecutor       : DB: 'VALUES function' is deprecated and will be removed in a future release. Please use an alias (INSERT INTO ... VALUES (...) AS alias) and replace VALUES(col) in the ON DUPLICATE KEY UPDATE clause with alias.col instead (SQL State: HY000 - Error Code: 1287)
2026-07-29T08:23:29.551Z  WARN 759 --- [teacher-cert-platform] [           main] o.f.c.i.s.DefaultSqlScriptExecutor       : DB: 'VALUES function' is deprecated and will be removed in a future release. Please use an alias (INSERT INTO ... VALUES (...) AS alias) and replace VALUES(col) in the ON DUPLICATE KEY UPDATE clause with alias.col instead (SQL State: HY000 - Error Code: 1287)
2026-07-29T08:23:29.551Z  WARN 759 --- [teacher-cert-platform] [           main] o.f.c.i.s.DefaultSqlScriptExecutor       : DB: 'VALUES function' is deprecated and will be removed in a future release. Please use an alias (INSERT INTO ... VALUES (...) AS alias) and replace VALUES(col) in the ON DUPLICATE KEY UPDATE clause with alias.col instead (SQL State: HY000 - Error Code: 1287)
2026-07-29T08:23:29.551Z  WARN 759 --- [teacher-cert-platform] [           main] o.f.c.i.s.DefaultSqlScriptExecutor       : DB: 'VALUES function' is deprecated and will be removed in a future release. Please use an alias (INSERT INTO ... VALUES (...) AS alias) and replace VALUES(col) in the ON DUPLICATE KEY UPDATE clause with alias.col instead (SQL State: HY000 - Error Code: 1287)
2026-07-29T08:23:29.551Z  WARN 759 --- [teacher-cert-platform] [           main] o.f.c.i.s.DefaultSqlScriptExecutor       : DB: 'VALUES function' is deprecated and will be removed in a future release. Please use an alias (INSERT INTO ... VALUES (...) AS alias) and replace VALUES(col) in the ON DUPLICATE KEY UPDATE clause with alias.col instead (SQL State: HY000 - Error Code: 1287)
2026-07-29T08:23:29.551Z  WARN 759 --- [teacher-cert-platform] [           main] o.f.c.i.s.DefaultSqlScriptExecutor       : DB: 'VALUES function' is deprecated and will be removed in a future release. Please use an alias (INSERT INTO ... VALUES (...) AS alias) and replace VALUES(col) in the ON DUPLICATE KEY UPDATE clause with alias.col instead (SQL State: HY000 - Error Code: 1287)
2026-07-29T08:23:29.551Z  WARN 759 --- [teacher-cert-platform] [           main] o.f.c.i.s.DefaultSqlScriptExecutor       : DB: 'VALUES function' is deprecated and will be removed in a future release. Please use an alias (INSERT INTO ... VALUES (...) AS alias) and replace VALUES(col) in the ON DUPLICATE KEY UPDATE clause with alias.col instead (SQL State: HY000 - Error Code: 1287)
2026-07-29T08:23:29.551Z  WARN 759 --- [teacher-cert-platform] [           main] o.f.c.i.s.DefaultSqlScriptExecutor       : DB: 'VALUES function' is deprecated and will be removed in a future release. Please use an alias (INSERT INTO ... VALUES (...) AS alias) and replace VALUES(col) in the ON DUPLICATE KEY UPDATE clause with alias.col instead (SQL State: HY000 - Error Code: 1287)
2026-07-29T08:23:29.551Z  WARN 759 --- [teacher-cert-platform] [           main] o.f.c.i.s.DefaultSqlScriptExecutor       : DB: 'VALUES function' is deprecated and will be removed in a future release. Please use an alias (INSERT INTO ... VALUES (...) AS alias) and replace VALUES(col) in the ON DUPLICATE KEY UPDATE clause with alias.col instead (SQL State: HY000 - Error Code: 1287)
2026-07-29T08:23:29.553Z  WARN 759 --- [teacher-cert-platform] [           main] o.f.c.i.s.DefaultSqlScriptExecutor       : DB: 'VALUES function' is deprecated and will be removed in a future release. Please use an alias (INSERT INTO ... VALUES (...) AS alias) and replace VALUES(col) in the ON DUPLICATE KEY UPDATE clause with alias.col instead (SQL State: HY000 - Error Code: 1287)
2026-07-29T08:23:29.553Z  WARN 759 --- [teacher-cert-platform] [           main] o.f.c.i.s.DefaultSqlScriptExecutor       : DB: 'VALUES function' is deprecated and will be removed in a future release. Please use an alias (INSERT INTO ... VALUES (...) AS alias) and replace VALUES(col) in the ON DUPLICATE KEY UPDATE clause with alias.col instead (SQL State: HY000 - Error Code: 1287)
2026-07-29T08:23:29.554Z  WARN 759 --- [teacher-cert-platform] [           main] o.f.c.i.s.DefaultSqlScriptExecutor       : DB: 'VALUES function' is deprecated and will be removed in a future release. Please use an alias (INSERT INTO ... VALUES (...) AS alias) and replace VALUES(col) in the ON DUPLICATE KEY UPDATE clause with alias.col instead (SQL State: HY000 - Error Code: 1287)
2026-07-29T08:23:29.554Z  WARN 759 --- [teacher-cert-platform] [           main] o.f.c.i.s.DefaultSqlScriptExecutor       : DB: 'VALUES function' is deprecated and will be removed in a future release. Please use an alias (INSERT INTO ... VALUES (...) AS alias) and replace VALUES(col) in the ON DUPLICATE KEY UPDATE clause with alias.col instead (SQL State: HY000 - Error Code: 1287)
2026-07-29T08:23:29.554Z  WARN 759 --- [teacher-cert-platform] [           main] o.f.c.i.s.DefaultSqlScriptExecutor       : DB: 'VALUES function' is deprecated and will be removed in a future release. Please use an alias (INSERT INTO ... VALUES (...) AS alias) and replace VALUES(col) in the ON DUPLICATE KEY UPDATE clause with alias.col instead (SQL State: HY000 - Error Code: 1287)
2026-07-29T08:23:29.570Z  INFO 759 --- [teacher-cert-platform] [           main] o.f.core.internal.command.DbMigrate      : Migrating schema `teacher_cert` to version "9 - student"
2026-07-29T08:23:29.636Z  WARN 759 --- [teacher-cert-platform] [           main] o.f.c.i.s.DefaultSqlScriptExecutor       : DB: 'VALUES function' is deprecated and will be removed in a future release. Please use an alias (INSERT INTO ... VALUES (...) AS alias) and replace VALUES(col) in the ON DUPLICATE KEY UPDATE clause with alias.col instead (SQL State: HY000 - Error Code: 1287)
2026-07-29T08:23:29.636Z  WARN 759 --- [teacher-cert-platform] [           main] o.f.c.i.s.DefaultSqlScriptExecutor       : DB: 'VALUES function' is deprecated and will be removed in a future release. Please use an alias (INSERT INTO ... VALUES (...) AS alias) and replace VALUES(col) in the ON DUPLICATE KEY UPDATE clause with alias.col instead (SQL State: HY000 - Error Code: 1287)
2026-07-29T08:23:29.636Z  WARN 759 --- [teacher-cert-platform] [           main] o.f.c.i.s.DefaultSqlScriptExecutor       : DB: 'VALUES function' is deprecated and will be removed in a future release. Please use an alias (INSERT INTO ... VALUES (...) AS alias) and replace VALUES(col) in the ON DUPLICATE KEY UPDATE clause with alias.col instead (SQL State: HY000 - Error Code: 1287)
2026-07-29T08:23:29.636Z  WARN 759 --- [teacher-cert-platform] [           main] o.f.c.i.s.DefaultSqlScriptExecutor       : DB: 'VALUES function' is deprecated and will be removed in a future release. Please use an alias (INSERT INTO ... VALUES (...) AS alias) and replace VALUES(col) in the ON DUPLICATE KEY UPDATE clause with alias.col instead (SQL State: HY000 - Error Code: 1287)
2026-07-29T08:23:29.636Z  WARN 759 --- [teacher-cert-platform] [           main] o.f.c.i.s.DefaultSqlScriptExecutor       : DB: 'VALUES function' is deprecated and will be removed in a future release. Please use an alias (INSERT INTO ... VALUES (...) AS alias) and replace VALUES(col) in the ON DUPLICATE KEY UPDATE clause with alias.col instead (SQL State: HY000 - Error Code: 1287)
2026-07-29T08:23:29.636Z  WARN 759 --- [teacher-cert-platform] [           main] o.f.c.i.s.DefaultSqlScriptExecutor       : DB: 'VALUES function' is deprecated and will be removed in a future release. Please use an alias (INSERT INTO ... VALUES (...) AS alias) and replace VALUES(col) in the ON DUPLICATE KEY UPDATE clause with alias.col instead (SQL State: HY000 - Error Code: 1287)
2026-07-29T08:23:29.637Z  WARN 759 --- [teacher-cert-platform] [           main] o.f.c.i.s.DefaultSqlScriptExecutor       : DB: 'VALUES function' is deprecated and will be removed in a future release. Please use an alias (INSERT INTO ... VALUES (...) AS alias) and replace VALUES(col) in the ON DUPLICATE KEY UPDATE clause with alias.col instead (SQL State: HY000 - Error Code: 1287)
2026-07-29T08:23:29.637Z  WARN 759 --- [teacher-cert-platform] [           main] o.f.c.i.s.DefaultSqlScriptExecutor       : DB: 'VALUES function' is deprecated and will be removed in a future release. Please use an alias (INSERT INTO ... VALUES (...) AS alias) and replace VALUES(col) in the ON DUPLICATE KEY UPDATE clause with alias.col instead (SQL State: HY000 - Error Code: 1287)
2026-07-29T08:23:29.637Z  WARN 759 --- [teacher-cert-platform] [           main] o.f.c.i.s.DefaultSqlScriptExecutor       : DB: 'VALUES function' is deprecated and will be removed in a future release. Please use an alias (INSERT INTO ... VALUES (...) AS alias) and replace VALUES(col) in the ON DUPLICATE KEY UPDATE clause with alias.col instead (SQL State: HY000 - Error Code: 1287)
2026-07-29T08:23:29.637Z  WARN 759 --- [teacher-cert-platform] [           main] o.f.c.i.s.DefaultSqlScriptExecutor       : DB: 'VALUES function' is deprecated and will be removed in a future release. Please use an alias (INSERT INTO ... VALUES (...) AS alias) and replace VALUES(col) in the ON DUPLICATE KEY UPDATE clause with alias.col instead (SQL State: HY000 - Error Code: 1287)
2026-07-29T08:23:29.637Z  WARN 759 --- [teacher-cert-platform] [           main] o.f.c.i.s.DefaultSqlScriptExecutor       : DB: 'VALUES function' is deprecated and will be removed in a future release. Please use an alias (INSERT INTO ... VALUES (...) AS alias) and replace VALUES(col) in the ON DUPLICATE KEY UPDATE clause with alias.col instead (SQL State: HY000 - Error Code: 1287)
2026-07-29T08:23:29.637Z  WARN 759 --- [teacher-cert-platform] [           main] o.f.c.i.s.DefaultSqlScriptExecutor       : DB: 'VALUES function' is deprecated and will be removed in a future release. Please use an alias (INSERT INTO ... VALUES (...) AS alias) and replace VALUES(col) in the ON DUPLICATE KEY UPDATE clause with alias.col instead (SQL State: HY000 - Error Code: 1287)
2026-07-29T08:23:29.637Z  WARN 759 --- [teacher-cert-platform] [           main] o.f.c.i.s.DefaultSqlScriptExecutor       : DB: 'VALUES function' is deprecated and will be removed in a future release. Please use an alias (INSERT INTO ... VALUES (...) AS alias) and replace VALUES(col) in the ON DUPLICATE KEY UPDATE clause with alias.col instead (SQL State: HY000 - Error Code: 1287)
2026-07-29T08:23:29.637Z  WARN 759 --- [teacher-cert-platform] [           main] o.f.c.i.s.DefaultSqlScriptExecutor       : DB: 'VALUES function' is deprecated and will be removed in a future release. Please use an alias (INSERT INTO ... VALUES (...) AS alias) and replace VALUES(col) in the ON DUPLICATE KEY UPDATE clause with alias.col instead (SQL State: HY000 - Error Code: 1287)
2026-07-29T08:23:29.652Z  INFO 759 --- [teacher-cert-platform] [           main] o.f.core.internal.command.DbMigrate      : Migrating schema `teacher_cert` to version "10 - training profile"
2026-07-29T08:23:29.729Z  WARN 759 --- [teacher-cert-platform] [           main] o.f.c.i.s.DefaultSqlScriptExecutor       : DB: 'VALUES function' is deprecated and will be removed in a future release. Please use an alias (INSERT INTO ... VALUES (...) AS alias) and replace VALUES(col) in the ON DUPLICATE KEY UPDATE clause with alias.col instead (SQL State: HY000 - Error Code: 1287)
2026-07-29T08:23:29.729Z  WARN 759 --- [teacher-cert-platform] [           main] o.f.c.i.s.DefaultSqlScriptExecutor       : DB: 'VALUES function' is deprecated and will be removed in a future release. Please use an alias (INSERT INTO ... VALUES (...) AS alias) and replace VALUES(col) in the ON DUPLICATE KEY UPDATE clause with alias.col instead (SQL State: HY000 - Error Code: 1287)
2026-07-29T08:23:29.729Z  WARN 759 --- [teacher-cert-platform] [           main] o.f.c.i.s.DefaultSqlScriptExecutor       : DB: 'VALUES function' is deprecated and will be removed in a future release. Please use an alias (INSERT INTO ... VALUES (...) AS alias) and replace VALUES(col) in the ON DUPLICATE KEY UPDATE clause with alias.col instead (SQL State: HY000 - Error Code: 1287)
2026-07-29T08:23:29.729Z  WARN 759 --- [teacher-cert-platform] [           main] o.f.c.i.s.DefaultSqlScriptExecutor       : DB: 'VALUES function' is deprecated and will be removed in a future release. Please use an alias (INSERT INTO ... VALUES (...) AS alias) and replace VALUES(col) in the ON DUPLICATE KEY UPDATE clause with alias.col instead (SQL State: HY000 - Error Code: 1287)
2026-07-29T08:23:29.729Z  WARN 759 --- [teacher-cert-platform] [           main] o.f.c.i.s.DefaultSqlScriptExecutor       : DB: 'VALUES function' is deprecated and will be removed in a future release. Please use an alias (INSERT INTO ... VALUES (...) AS alias) and replace VALUES(col) in the ON DUPLICATE KEY UPDATE clause with alias.col instead (SQL State: HY000 - Error Code: 1287)
2026-07-29T08:23:29.729Z  WARN 759 --- [teacher-cert-platform] [           main] o.f.c.i.s.DefaultSqlScriptExecutor       : DB: 'VALUES function' is deprecated and will be removed in a future release. Please use an alias (INSERT INTO ... VALUES (...) AS alias) and replace VALUES(col) in the ON DUPLICATE KEY UPDATE clause with alias.col instead (SQL State: HY000 - Error Code: 1287)
2026-07-29T08:23:29.730Z  WARN 759 --- [teacher-cert-platform] [           main] o.f.c.i.s.DefaultSqlScriptExecutor       : DB: 'VALUES function' is deprecated and will be removed in a future release. Please use an alias (INSERT INTO ... VALUES (...) AS alias) and replace VALUES(col) in the ON DUPLICATE KEY UPDATE clause with alias.col instead (SQL State: HY000 - Error Code: 1287)
2026-07-29T08:23:29.731Z  WARN 759 --- [teacher-cert-platform] [           main] o.f.c.i.s.DefaultSqlScriptExecutor       : DB: 'VALUES function' is deprecated and will be removed in a future release. Please use an alias (INSERT INTO ... VALUES (...) AS alias) and replace VALUES(col) in the ON DUPLICATE KEY UPDATE clause with alias.col instead (SQL State: HY000 - Error Code: 1287)
2026-07-29T08:23:29.731Z  WARN 759 --- [teacher-cert-platform] [           main] o.f.c.i.s.DefaultSqlScriptExecutor       : DB: 'VALUES function' is deprecated and will be removed in a future release. Please use an alias (INSERT INTO ... VALUES (...) AS alias) and replace VALUES(col) in the ON DUPLICATE KEY UPDATE clause with alias.col instead (SQL State: HY000 - Error Code: 1287)
2026-07-29T08:23:29.732Z  WARN 759 --- [teacher-cert-platform] [           main] o.f.c.i.s.DefaultSqlScriptExecutor       : DB: 'VALUES function' is deprecated and will be removed in a future release. Please use an alias (INSERT INTO ... VALUES (...) AS alias) and replace VALUES(col) in the ON DUPLICATE KEY UPDATE clause with alias.col instead (SQL State: HY000 - Error Code: 1287)
2026-07-29T08:23:29.732Z  WARN 759 --- [teacher-cert-platform] [           main] o.f.c.i.s.DefaultSqlScriptExecutor       : DB: 'VALUES function' is deprecated and will be removed in a future release. Please use an alias (INSERT INTO ... VALUES (...) AS alias) and replace VALUES(col) in the ON DUPLICATE KEY UPDATE clause with alias.col instead (SQL State: HY000 - Error Code: 1287)
2026-07-29T08:23:29.733Z  WARN 759 --- [teacher-cert-platform] [           main] o.f.c.i.s.DefaultSqlScriptExecutor       : DB: 'VALUES function' is deprecated and will be removed in a future release. Please use an alias (INSERT INTO ... VALUES (...) AS alias) and replace VALUES(col) in the ON DUPLICATE KEY UPDATE clause with alias.col instead (SQL State: HY000 - Error Code: 1287)
2026-07-29T08:23:29.733Z  WARN 759 --- [teacher-cert-platform] [           main] o.f.c.i.s.DefaultSqlScriptExecutor       : DB: 'VALUES function' is deprecated and will be removed in a future release. Please use an alias (INSERT INTO ... VALUES (...) AS alias) and replace VALUES(col) in the ON DUPLICATE KEY UPDATE clause with alias.col instead (SQL State: HY000 - Error Code: 1287)
2026-07-29T08:23:29.733Z  WARN 759 --- [teacher-cert-platform] [           main] o.f.c.i.s.DefaultSqlScriptExecutor       : DB: 'VALUES function' is deprecated and will be removed in a future release. Please use an alias (INSERT INTO ... VALUES (...) AS alias) and replace VALUES(col) in the ON DUPLICATE KEY UPDATE clause with alias.col instead (SQL State: HY000 - Error Code: 1287)
2026-07-29T08:23:29.750Z  INFO 759 --- [teacher-cert-platform] [           main] o.f.core.internal.command.DbMigrate      : Migrating schema `teacher_cert` to version "11 - process material"
2026-07-29T08:23:29.815Z  WARN 759 --- [teacher-cert-platform] [           main] o.f.c.i.s.DefaultSqlScriptExecutor       : DB: 'VALUES function' is deprecated and will be removed in a future release. Please use an alias (INSERT INTO ... VALUES (...) AS alias) and replace VALUES(col) in the ON DUPLICATE KEY UPDATE clause with alias.col instead (SQL State: HY000 - Error Code: 1287)
2026-07-29T08:23:29.815Z  WARN 759 --- [teacher-cert-platform] [           main] o.f.c.i.s.DefaultSqlScriptExecutor       : DB: 'VALUES function' is deprecated and will be removed in a future release. Please use an alias (INSERT INTO ... VALUES (...) AS alias) and replace VALUES(col) in the ON DUPLICATE KEY UPDATE clause with alias.col instead (SQL State: HY000 - Error Code: 1287)
2026-07-29T08:23:29.815Z  WARN 759 --- [teacher-cert-platform] [           main] o.f.c.i.s.DefaultSqlScriptExecutor       : DB: 'VALUES function' is deprecated and will be removed in a future release. Please use an alias (INSERT INTO ... VALUES (...) AS alias) and replace VALUES(col) in the ON DUPLICATE KEY UPDATE clause with alias.col instead (SQL State: HY000 - Error Code: 1287)
2026-07-29T08:23:29.815Z  WARN 759 --- [teacher-cert-platform] [           main] o.f.c.i.s.DefaultSqlScriptExecutor       : DB: 'VALUES function' is deprecated and will be removed in a future release. Please use an alias (INSERT INTO ... VALUES (...) AS alias) and replace VALUES(col) in the ON DUPLICATE KEY UPDATE clause with alias.col instead (SQL State: HY000 - Error Code: 1287)
2026-07-29T08:23:29.815Z  WARN 759 --- [teacher-cert-platform] [           main] o.f.c.i.s.DefaultSqlScriptExecutor       : DB: 'VALUES function' is deprecated and will be removed in a future release. Please use an alias (INSERT INTO ... VALUES (...) AS alias) and replace VALUES(col) in the ON DUPLICATE KEY UPDATE clause with alias.col instead (SQL State: HY000 - Error Code: 1287)
2026-07-29T08:23:29.829Z  INFO 759 --- [teacher-cert-platform] [           main] o.f.core.internal.command.DbMigrate      : Migrating schema `teacher_cert` to version "12 - exemption"
2026-07-29T08:23:29.989Z  WARN 759 --- [teacher-cert-platform] [           main] o.f.c.i.s.DefaultSqlScriptExecutor       : DB: 'VALUES function' is deprecated and will be removed in a future release. Please use an alias (INSERT INTO ... VALUES (...) AS alias) and replace VALUES(col) in the ON DUPLICATE KEY UPDATE clause with alias.col instead (SQL State: HY000 - Error Code: 1287)
2026-07-29T08:23:29.989Z  WARN 759 --- [teacher-cert-platform] [           main] o.f.c.i.s.DefaultSqlScriptExecutor       : DB: 'VALUES function' is deprecated and will be removed in a future release. Please use an alias (INSERT INTO ... VALUES (...) AS alias) and replace VALUES(col) in the ON DUPLICATE KEY UPDATE clause with alias.col instead (SQL State: HY000 - Error Code: 1287)
2026-07-29T08:23:29.989Z  WARN 759 --- [teacher-cert-platform] [           main] o.f.c.i.s.DefaultSqlScriptExecutor       : DB: 'VALUES function' is deprecated and will be removed in a future release. Please use an alias (INSERT INTO ... VALUES (...) AS alias) and replace VALUES(col) in the ON DUPLICATE KEY UPDATE clause with alias.col instead (SQL State: HY000 - Error Code: 1287)
2026-07-29T08:23:29.989Z  WARN 759 --- [teacher-cert-platform] [           main] o.f.c.i.s.DefaultSqlScriptExecutor       : DB: 'VALUES function' is deprecated and will be removed in a future release. Please use an alias (INSERT INTO ... VALUES (...) AS alias) and replace VALUES(col) in the ON DUPLICATE KEY UPDATE clause with alias.col instead (SQL State: HY000 - Error Code: 1287)
2026-07-29T08:23:29.989Z  WARN 759 --- [teacher-cert-platform] [           main] o.f.c.i.s.DefaultSqlScriptExecutor       : DB: 'VALUES function' is deprecated and will be removed in a future release. Please use an alias (INSERT INTO ... VALUES (...) AS alias) and replace VALUES(col) in the ON DUPLICATE KEY UPDATE clause with alias.col instead (SQL State: HY000 - Error Code: 1287)
2026-07-29T08:23:29.990Z  WARN 759 --- [teacher-cert-platform] [           main] o.f.c.i.s.DefaultSqlScriptExecutor       : DB: 'VALUES function' is deprecated and will be removed in a future release. Please use an alias (INSERT INTO ... VALUES (...) AS alias) and replace VALUES(col) in the ON DUPLICATE KEY UPDATE clause with alias.col instead (SQL State: HY000 - Error Code: 1287)
2026-07-29T08:23:29.990Z  WARN 759 --- [teacher-cert-platform] [           main] o.f.c.i.s.DefaultSqlScriptExecutor       : DB: 'VALUES function' is deprecated and will be removed in a future release. Please use an alias (INSERT INTO ... VALUES (...) AS alias) and replace VALUES(col) in the ON DUPLICATE KEY UPDATE clause with alias.col instead (SQL State: HY000 - Error Code: 1287)
2026-07-29T08:23:29.990Z  WARN 759 --- [teacher-cert-platform] [           main] o.f.c.i.s.DefaultSqlScriptExecutor       : DB: 'VALUES function' is deprecated and will be removed in a future release. Please use an alias (INSERT INTO ... VALUES (...) AS alias) and replace VALUES(col) in the ON DUPLICATE KEY UPDATE clause with alias.col instead (SQL State: HY000 - Error Code: 1287)
2026-07-29T08:23:29.990Z  WARN 759 --- [teacher-cert-platform] [           main] o.f.c.i.s.DefaultSqlScriptExecutor       : DB: 'VALUES function' is deprecated and will be removed in a future release. Please use an alias (INSERT INTO ... VALUES (...) AS alias) and replace VALUES(col) in the ON DUPLICATE KEY UPDATE clause with alias.col instead (SQL State: HY000 - Error Code: 1287)
2026-07-29T08:23:29.990Z  WARN 759 --- [teacher-cert-platform] [           main] o.f.c.i.s.DefaultSqlScriptExecutor       : DB: 'VALUES function' is deprecated and will be removed in a future release. Please use an alias (INSERT INTO ... VALUES (...) AS alias) and replace VALUES(col) in the ON DUPLICATE KEY UPDATE clause with alias.col instead (SQL State: HY000 - Error Code: 1287)
2026-07-29T08:23:29.990Z  WARN 759 --- [teacher-cert-platform] [           main] o.f.c.i.s.DefaultSqlScriptExecutor       : DB: 'VALUES function' is deprecated and will be removed in a future release. Please use an alias (INSERT INTO ... VALUES (...) AS alias) and replace VALUES(col) in the ON DUPLICATE KEY UPDATE clause with alias.col instead (SQL State: HY000 - Error Code: 1287)
2026-07-29T08:23:29.991Z  WARN 759 --- [teacher-cert-platform] [           main] o.f.c.i.s.DefaultSqlScriptExecutor       : DB: 'VALUES function' is deprecated and will be removed in a future release. Please use an alias (INSERT INTO ... VALUES (...) AS alias) and replace VALUES(col) in the ON DUPLICATE KEY UPDATE clause with alias.col instead (SQL State: HY000 - Error Code: 1287)
2026-07-29T08:23:29.991Z  WARN 759 --- [teacher-cert-platform] [           main] o.f.c.i.s.DefaultSqlScriptExecutor       : DB: 'VALUES function' is deprecated and will be removed in a future release. Please use an alias (INSERT INTO ... VALUES (...) AS alias) and replace VALUES(col) in the ON DUPLICATE KEY UPDATE clause with alias.col instead (SQL State: HY000 - Error Code: 1287)
2026-07-29T08:23:29.991Z  WARN 759 --- [teacher-cert-platform] [           main] o.f.c.i.s.DefaultSqlScriptExecutor       : DB: 'VALUES function' is deprecated and will be removed in a future release. Please use an alias (INSERT INTO ... VALUES (...) AS alias) and replace VALUES(col) in the ON DUPLICATE KEY UPDATE clause with alias.col instead (SQL State: HY000 - Error Code: 1287)
2026-07-29T08:23:29.991Z  WARN 759 --- [teacher-cert-platform] [           main] o.f.c.i.s.DefaultSqlScriptExecutor       : DB: 'VALUES function' is deprecated and will be removed in a future release. Please use an alias (INSERT INTO ... VALUES (...) AS alias) and replace VALUES(col) in the ON DUPLICATE KEY UPDATE clause with alias.col instead (SQL State: HY000 - Error Code: 1287)
2026-07-29T08:23:29.991Z  WARN 759 --- [teacher-cert-platform] [           main] o.f.c.i.s.DefaultSqlScriptExecutor       : DB: 'VALUES function' is deprecated and will be removed in a future release. Please use an alias (INSERT INTO ... VALUES (...) AS alias) and replace VALUES(col) in the ON DUPLICATE KEY UPDATE clause with alias.col instead (SQL State: HY000 - Error Code: 1287)
2026-07-29T08:23:30.006Z  INFO 759 --- [teacher-cert-platform] [           main] o.f.core.internal.command.DbMigrate      : Migrating schema `teacher_cert` to version "13 - video"
2026-07-29T08:23:30.269Z  WARN 759 --- [teacher-cert-platform] [           main] o.f.c.i.s.DefaultSqlScriptExecutor       : DB: 'VALUES function' is deprecated and will be removed in a future release. Please use an alias (INSERT INTO ... VALUES (...) AS alias) and replace VALUES(col) in the ON DUPLICATE KEY UPDATE clause with alias.col instead (SQL State: HY000 - Error Code: 1287)
2026-07-29T08:23:30.269Z  WARN 759 --- [teacher-cert-platform] [           main] o.f.c.i.s.DefaultSqlScriptExecutor       : DB: 'VALUES function' is deprecated and will be removed in a future release. Please use an alias (INSERT INTO ... VALUES (...) AS alias) and replace VALUES(col) in the ON DUPLICATE KEY UPDATE clause with alias.col instead (SQL State: HY000 - Error Code: 1287)
2026-07-29T08:23:30.270Z  WARN 759 --- [teacher-cert-platform] [           main] o.f.c.i.s.DefaultSqlScriptExecutor       : DB: 'VALUES function' is deprecated and will be removed in a future release. Please use an alias (INSERT INTO ... VALUES (...) AS alias) and replace VALUES(col) in the ON DUPLICATE KEY UPDATE clause with alias.col instead (SQL State: HY000 - Error Code: 1287)
2026-07-29T08:23:30.270Z  WARN 759 --- [teacher-cert-platform] [           main] o.f.c.i.s.DefaultSqlScriptExecutor       : DB: 'VALUES function' is deprecated and will be removed in a future release. Please use an alias (INSERT INTO ... VALUES (...) AS alias) and replace VALUES(col) in the ON DUPLICATE KEY UPDATE clause with alias.col instead (SQL State: HY000 - Error Code: 1287)
2026-07-29T08:23:30.270Z  WARN 759 --- [teacher-cert-platform] [           main] o.f.c.i.s.DefaultSqlScriptExecutor       : DB: 'VALUES function' is deprecated and will be removed in a future release. Please use an alias (INSERT INTO ... VALUES (...) AS alias) and replace VALUES(col) in the ON DUPLICATE KEY UPDATE clause with alias.col instead (SQL State: HY000 - Error Code: 1287)
2026-07-29T08:23:30.270Z  WARN 759 --- [teacher-cert-platform] [           main] o.f.c.i.s.DefaultSqlScriptExecutor       : DB: 'VALUES function' is deprecated and will be removed in a future release. Please use an alias (INSERT INTO ... VALUES (...) AS alias) and replace VALUES(col) in the ON DUPLICATE KEY UPDATE clause with alias.col instead (SQL State: HY000 - Error Code: 1287)
2026-07-29T08:23:30.270Z  WARN 759 --- [teacher-cert-platform] [           main] o.f.c.i.s.DefaultSqlScriptExecutor       : DB: 'VALUES function' is deprecated and will be removed in a future release. Please use an alias (INSERT INTO ... VALUES (...) AS alias) and replace VALUES(col) in the ON DUPLICATE KEY UPDATE clause with alias.col instead (SQL State: HY000 - Error Code: 1287)
2026-07-29T08:23:30.271Z  WARN 759 --- [teacher-cert-platform] [           main] o.f.c.i.s.DefaultSqlScriptExecutor       : DB: 'VALUES function' is deprecated and will be removed in a future release. Please use an alias (INSERT INTO ... VALUES (...) AS alias) and replace VALUES(col) in the ON DUPLICATE KEY UPDATE clause with alias.col instead (SQL State: HY000 - Error Code: 1287)
2026-07-29T08:23:30.271Z  WARN 759 --- [teacher-cert-platform] [           main] o.f.c.i.s.DefaultSqlScriptExecutor       : DB: 'VALUES function' is deprecated and will be removed in a future release. Please use an alias (INSERT INTO ... VALUES (...) AS alias) and replace VALUES(col) in the ON DUPLICATE KEY UPDATE clause with alias.col instead (SQL State: HY000 - Error Code: 1287)
2026-07-29T08:23:30.271Z  WARN 759 --- [teacher-cert-platform] [           main] o.f.c.i.s.DefaultSqlScriptExecutor       : DB: 'VALUES function' is deprecated and will be removed in a future release. Please use an alias (INSERT INTO ... VALUES (...) AS alias) and replace VALUES(col) in the ON DUPLICATE KEY UPDATE clause with alias.col instead (SQL State: HY000 - Error Code: 1287)
2026-07-29T08:23:30.286Z  INFO 759 --- [teacher-cert-platform] [           main] o.f.core.internal.command.DbMigrate      : Migrating schema `teacher_cert` to version "14 - test"
2026-07-29T08:23:30.356Z  WARN 759 --- [teacher-cert-platform] [           main] o.f.c.i.s.DefaultSqlScriptExecutor       : DB: 'VALUES function' is deprecated and will be removed in a future release. Please use an alias (INSERT INTO ... VALUES (...) AS alias) and replace VALUES(col) in the ON DUPLICATE KEY UPDATE clause with alias.col instead (SQL State: HY000 - Error Code: 1287)
2026-07-29T08:23:30.356Z  WARN 759 --- [teacher-cert-platform] [           main] o.f.c.i.s.DefaultSqlScriptExecutor       : DB: 'VALUES function' is deprecated and will be removed in a future release. Please use an alias (INSERT INTO ... VALUES (...) AS alias) and replace VALUES(col) in the ON DUPLICATE KEY UPDATE clause with alias.col instead (SQL State: HY000 - Error Code: 1287)
2026-07-29T08:23:30.356Z  WARN 759 --- [teacher-cert-platform] [           main] o.f.c.i.s.DefaultSqlScriptExecutor       : DB: 'VALUES function' is deprecated and will be removed in a future release. Please use an alias (INSERT INTO ... VALUES (...) AS alias) and replace VALUES(col) in the ON DUPLICATE KEY UPDATE clause with alias.col instead (SQL State: HY000 - Error Code: 1287)
2026-07-29T08:23:30.356Z  WARN 759 --- [teacher-cert-platform] [           main] o.f.c.i.s.DefaultSqlScriptExecutor       : DB: 'VALUES function' is deprecated and will be removed in a future release. Please use an alias (INSERT INTO ... VALUES (...) AS alias) and replace VALUES(col) in the ON DUPLICATE KEY UPDATE clause with alias.col instead (SQL State: HY000 - Error Code: 1287)
2026-07-29T08:23:30.356Z  WARN 759 --- [teacher-cert-platform] [           main] o.f.c.i.s.DefaultSqlScriptExecutor       : DB: 'VALUES function' is deprecated and will be removed in a future release. Please use an alias (INSERT INTO ... VALUES (...) AS alias) and replace VALUES(col) in the ON DUPLICATE KEY UPDATE clause with alias.col instead (SQL State: HY000 - Error Code: 1287)
2026-07-29T08:23:30.357Z  WARN 759 --- [teacher-cert-platform] [           main] o.f.c.i.s.DefaultSqlScriptExecutor       : DB: 'VALUES function' is deprecated and will be removed in a future release. Please use an alias (INSERT INTO ... VALUES (...) AS alias) and replace VALUES(col) in the ON DUPLICATE KEY UPDATE clause with alias.col instead (SQL State: HY000 - Error Code: 1287)
2026-07-29T08:23:30.357Z  WARN 759 --- [teacher-cert-platform] [           main] o.f.c.i.s.DefaultSqlScriptExecutor       : DB: 'VALUES function' is deprecated and will be removed in a future release. Please use an alias (INSERT INTO ... VALUES (...) AS alias) and replace VALUES(col) in the ON DUPLICATE KEY UPDATE clause with alias.col instead (SQL State: HY000 - Error Code: 1287)
2026-07-29T08:23:30.357Z  WARN 759 --- [teacher-cert-platform] [           main] o.f.c.i.s.DefaultSqlScriptExecutor       : DB: 'VALUES function' is deprecated and will be removed in a future release. Please use an alias (INSERT INTO ... VALUES (...) AS alias) and replace VALUES(col) in the ON DUPLICATE KEY UPDATE clause with alias.col instead (SQL State: HY000 - Error Code: 1287)
2026-07-29T08:23:30.357Z  WARN 759 --- [teacher-cert-platform] [           main] o.f.c.i.s.DefaultSqlScriptExecutor       : DB: 'VALUES function' is deprecated and will be removed in a future release. Please use an alias (INSERT INTO ... VALUES (...) AS alias) and replace VALUES(col) in the ON DUPLICATE KEY UPDATE clause with alias.col instead (SQL State: HY000 - Error Code: 1287)
2026-07-29T08:23:30.357Z  WARN 759 --- [teacher-cert-platform] [           main] o.f.c.i.s.DefaultSqlScriptExecutor       : DB: 'VALUES function' is deprecated and will be removed in a future release. Please use an alias (INSERT INTO ... VALUES (...) AS alias) and replace VALUES(col) in the ON DUPLICATE KEY UPDATE clause with alias.col instead (SQL State: HY000 - Error Code: 1287)
2026-07-29T08:23:30.357Z  WARN 759 --- [teacher-cert-platform] [           main] o.f.c.i.s.DefaultSqlScriptExecutor       : DB: 'VALUES function' is deprecated and will be removed in a future release. Please use an alias (INSERT INTO ... VALUES (...) AS alias) and replace VALUES(col) in the ON DUPLICATE KEY UPDATE clause with alias.col instead (SQL State: HY000 - Error Code: 1287)
2026-07-29T08:23:30.357Z  WARN 759 --- [teacher-cert-platform] [           main] o.f.c.i.s.DefaultSqlScriptExecutor       : DB: 'VALUES function' is deprecated and will be removed in a future release. Please use an alias (INSERT INTO ... VALUES (...) AS alias) and replace VALUES(col) in the ON DUPLICATE KEY UPDATE clause with alias.col instead (SQL State: HY000 - Error Code: 1287)
2026-07-29T08:23:30.357Z  WARN 759 --- [teacher-cert-platform] [           main] o.f.c.i.s.DefaultSqlScriptExecutor       : DB: 'VALUES function' is deprecated and will be removed in a future release. Please use an alias (INSERT INTO ... VALUES (...) AS alias) and replace VALUES(col) in the ON DUPLICATE KEY UPDATE clause with alias.col instead (SQL State: HY000 - Error Code: 1287)
2026-07-29T08:23:30.357Z  WARN 759 --- [teacher-cert-platform] [           main] o.f.c.i.s.DefaultSqlScriptExecutor       : DB: 'VALUES function' is deprecated and will be removed in a future release. Please use an alias (INSERT INTO ... VALUES (...) AS alias) and replace VALUES(col) in the ON DUPLICATE KEY UPDATE clause with alias.col instead (SQL State: HY000 - Error Code: 1287)
2026-07-29T08:23:30.357Z  WARN 759 --- [teacher-cert-platform] [           main] o.f.c.i.s.DefaultSqlScriptExecutor       : DB: 'VALUES function' is deprecated and will be removed in a future release. Please use an alias (INSERT INTO ... VALUES (...) AS alias) and replace VALUES(col) in the ON DUPLICATE KEY UPDATE clause with alias.col instead (SQL State: HY000 - Error Code: 1287)
2026-07-29T08:23:30.357Z  WARN 759 --- [teacher-cert-platform] [           main] o.f.c.i.s.DefaultSqlScriptExecutor       : DB: 'VALUES function' is deprecated and will be removed in a future release. Please use an alias (INSERT INTO ... VALUES (...) AS alias) and replace VALUES(col) in the ON DUPLICATE KEY UPDATE clause with alias.col instead (SQL State: HY000 - Error Code: 1287)
2026-07-29T08:23:30.358Z  WARN 759 --- [teacher-cert-platform] [           main] o.f.c.i.s.DefaultSqlScriptExecutor       : DB: 'VALUES function' is deprecated and will be removed in a future release. Please use an alias (INSERT INTO ... VALUES (...) AS alias) and replace VALUES(col) in the ON DUPLICATE KEY UPDATE clause with alias.col instead (SQL State: HY000 - Error Code: 1287)
2026-07-29T08:23:30.358Z  WARN 759 --- [teacher-cert-platform] [           main] o.f.c.i.s.DefaultSqlScriptExecutor       : DB: 'VALUES function' is deprecated and will be removed in a future release. Please use an alias (INSERT INTO ... VALUES (...) AS alias) and replace VALUES(col) in the ON DUPLICATE KEY UPDATE clause with alias.col instead (SQL State: HY000 - Error Code: 1287)
2026-07-29T08:23:30.359Z  WARN 759 --- [teacher-cert-platform] [           main] o.f.c.i.s.DefaultSqlScriptExecutor       : DB: 'VALUES function' is deprecated and will be removed in a future release. Please use an alias (INSERT INTO ... VALUES (...) AS alias) and replace VALUES(col) in the ON DUPLICATE KEY UPDATE clause with alias.col instead (SQL State: HY000 - Error Code: 1287)
2026-07-29T08:23:30.373Z  INFO 759 --- [teacher-cert-platform] [           main] o.f.core.internal.command.DbMigrate      : Migrating schema `teacher_cert` to version "15 - certificate"
2026-07-29T08:23:30.498Z  WARN 759 --- [teacher-cert-platform] [           main] o.f.c.i.s.DefaultSqlScriptExecutor       : DB: 'VALUES function' is deprecated and will be removed in a future release. Please use an alias (INSERT INTO ... VALUES (...) AS alias) and replace VALUES(col) in the ON DUPLICATE KEY UPDATE clause with alias.col instead (SQL State: HY000 - Error Code: 1287)
2026-07-29T08:23:30.498Z  WARN 759 --- [teacher-cert-platform] [           main] o.f.c.i.s.DefaultSqlScriptExecutor       : DB: 'VALUES function' is deprecated and will be removed in a future release. Please use an alias (INSERT INTO ... VALUES (...) AS alias) and replace VALUES(col) in the ON DUPLICATE KEY UPDATE clause with alias.col instead (SQL State: HY000 - Error Code: 1287)
2026-07-29T08:23:30.498Z  WARN 759 --- [teacher-cert-platform] [           main] o.f.c.i.s.DefaultSqlScriptExecutor       : DB: 'VALUES function' is deprecated and will be removed in a future release. Please use an alias (INSERT INTO ... VALUES (...) AS alias) and replace VALUES(col) in the ON DUPLICATE KEY UPDATE clause with alias.col instead (SQL State: HY000 - Error Code: 1287)
2026-07-29T08:23:30.498Z  WARN 759 --- [teacher-cert-platform] [           main] o.f.c.i.s.DefaultSqlScriptExecutor       : DB: 'VALUES function' is deprecated and will be removed in a future release. Please use an alias (INSERT INTO ... VALUES (...) AS alias) and replace VALUES(col) in the ON DUPLICATE KEY UPDATE clause with alias.col instead (SQL State: HY000 - Error Code: 1287)
2026-07-29T08:23:30.499Z  WARN 759 --- [teacher-cert-platform] [           main] o.f.c.i.s.DefaultSqlScriptExecutor       : DB: 'VALUES function' is deprecated and will be removed in a future release. Please use an alias (INSERT INTO ... VALUES (...) AS alias) and replace VALUES(col) in the ON DUPLICATE KEY UPDATE clause with alias.col instead (SQL State: HY000 - Error Code: 1287)
2026-07-29T08:23:30.499Z  WARN 759 --- [teacher-cert-platform] [           main] o.f.c.i.s.DefaultSqlScriptExecutor       : DB: 'VALUES function' is deprecated and will be removed in a future release. Please use an alias (INSERT INTO ... VALUES (...) AS alias) and replace VALUES(col) in the ON DUPLICATE KEY UPDATE clause with alias.col instead (SQL State: HY000 - Error Code: 1287)
2026-07-29T08:23:30.499Z  WARN 759 --- [teacher-cert-platform] [           main] o.f.c.i.s.DefaultSqlScriptExecutor       : DB: 'VALUES function' is deprecated and will be removed in a future release. Please use an alias (INSERT INTO ... VALUES (...) AS alias) and replace VALUES(col) in the ON DUPLICATE KEY UPDATE clause with alias.col instead (SQL State: HY000 - Error Code: 1287)
2026-07-29T08:23:30.499Z  WARN 759 --- [teacher-cert-platform] [           main] o.f.c.i.s.DefaultSqlScriptExecutor       : DB: 'VALUES function' is deprecated and will be removed in a future release. Please use an alias (INSERT INTO ... VALUES (...) AS alias) and replace VALUES(col) in the ON DUPLICATE KEY UPDATE clause with alias.col instead (SQL State: HY000 - Error Code: 1287)
2026-07-29T08:23:30.499Z  WARN 759 --- [teacher-cert-platform] [           main] o.f.c.i.s.DefaultSqlScriptExecutor       : DB: 'VALUES function' is deprecated and will be removed in a future release. Please use an alias (INSERT INTO ... VALUES (...) AS alias) and replace VALUES(col) in the ON DUPLICATE KEY UPDATE clause with alias.col instead (SQL State: HY000 - Error Code: 1287)
2026-07-29T08:23:30.499Z  WARN 759 --- [teacher-cert-platform] [           main] o.f.c.i.s.DefaultSqlScriptExecutor       : DB: 'VALUES function' is deprecated and will be removed in a future release. Please use an alias (INSERT INTO ... VALUES (...) AS alias) and replace VALUES(col) in the ON DUPLICATE KEY UPDATE clause with alias.col instead (SQL State: HY000 - Error Code: 1287)
2026-07-29T08:23:30.500Z  WARN 759 --- [teacher-cert-platform] [           main] o.f.c.i.s.DefaultSqlScriptExecutor       : DB: 'VALUES function' is deprecated and will be removed in a future release. Please use an alias (INSERT INTO ... VALUES (...) AS alias) and replace VALUES(col) in the ON DUPLICATE KEY UPDATE clause with alias.col instead (SQL State: HY000 - Error Code: 1287)
2026-07-29T08:23:30.500Z  WARN 759 --- [teacher-cert-platform] [           main] o.f.c.i.s.DefaultSqlScriptExecutor       : DB: 'VALUES function' is deprecated and will be removed in a future release. Please use an alias (INSERT INTO ... VALUES (...) AS alias) and replace VALUES(col) in the ON DUPLICATE KEY UPDATE clause with alias.col instead (SQL State: HY000 - Error Code: 1287)
2026-07-29T08:23:30.500Z  WARN 759 --- [teacher-cert-platform] [           main] o.f.c.i.s.DefaultSqlScriptExecutor       : DB: 'VALUES function' is deprecated and will be removed in a future release. Please use an alias (INSERT INTO ... VALUES (...) AS alias) and replace VALUES(col) in the ON DUPLICATE KEY UPDATE clause with alias.col instead (SQL State: HY000 - Error Code: 1287)
2026-07-29T08:23:30.500Z  WARN 759 --- [teacher-cert-platform] [           main] o.f.c.i.s.DefaultSqlScriptExecutor       : DB: 'VALUES function' is deprecated and will be removed in a future release. Please use an alias (INSERT INTO ... VALUES (...) AS alias) and replace VALUES(col) in the ON DUPLICATE KEY UPDATE clause with alias.col instead (SQL State: HY000 - Error Code: 1287)
2026-07-29T08:23:30.516Z  INFO 759 --- [teacher-cert-platform] [           main] o.f.core.internal.command.DbMigrate      : Migrating schema `teacher_cert` to version "16 - certificate student view"
2026-07-29T08:23:30.518Z  WARN 759 --- [teacher-cert-platform] [           main] o.f.c.i.s.DefaultSqlScriptExecutor       : DB: 'VALUES function' is deprecated and will be removed in a future release. Please use an alias (INSERT INTO ... VALUES (...) AS alias) and replace VALUES(col) in the ON DUPLICATE KEY UPDATE clause with alias.col instead (SQL State: HY000 - Error Code: 1287)
2026-07-29T08:23:30.518Z  WARN 759 --- [teacher-cert-platform] [           main] o.f.c.i.s.DefaultSqlScriptExecutor       : DB: 'VALUES function' is deprecated and will be removed in a future release. Please use an alias (INSERT INTO ... VALUES (...) AS alias) and replace VALUES(col) in the ON DUPLICATE KEY UPDATE clause with alias.col instead (SQL State: HY000 - Error Code: 1287)
2026-07-29T08:23:30.518Z  WARN 759 --- [teacher-cert-platform] [           main] o.f.c.i.s.DefaultSqlScriptExecutor       : DB: 'VALUES function' is deprecated and will be removed in a future release. Please use an alias (INSERT INTO ... VALUES (...) AS alias) and replace VALUES(col) in the ON DUPLICATE KEY UPDATE clause with alias.col instead (SQL State: HY000 - Error Code: 1287)
2026-07-29T08:23:30.532Z  INFO 759 --- [teacher-cert-platform] [           main] o.f.core.internal.command.DbMigrate      : Migrating schema `teacher_cert` to version "17 - exchange"
2026-07-29T08:23:30.738Z  INFO 759 --- [teacher-cert-platform] [           main] o.f.core.internal.command.DbMigrate      : Migrating schema `teacher_cert` to version "18 - notification"
2026-07-29T08:23:30.808Z  INFO 759 --- [teacher-cert-platform] [           main] o.f.core.internal.command.DbMigrate      : Migrating schema `teacher_cert` to version "19 - system audit"
2026-07-29T08:23:30.873Z  INFO 759 --- [teacher-cert-platform] [           main] o.f.core.internal.command.DbMigrate      : Migrating schema `teacher_cert` to version "20 - rbac regrant"
2026-07-29T08:23:30.876Z  WARN 759 --- [teacher-cert-platform] [           main] o.f.c.i.s.DefaultSqlScriptExecutor       : DB: 'VALUES function' is deprecated and will be removed in a future release. Please use an alias (INSERT INTO ... VALUES (...) AS alias) and replace VALUES(col) in the ON DUPLICATE KEY UPDATE clause with alias.col instead (SQL State: HY000 - Error Code: 1287)
2026-07-29T08:23:30.876Z  WARN 759 --- [teacher-cert-platform] [           main] o.f.c.i.s.DefaultSqlScriptExecutor       : DB: 'VALUES function' is deprecated and will be removed in a future release. Please use an alias (INSERT INTO ... VALUES (...) AS alias) and replace VALUES(col) in the ON DUPLICATE KEY UPDATE clause with alias.col instead (SQL State: HY000 - Error Code: 1287)
2026-07-29T08:23:30.876Z  WARN 759 --- [teacher-cert-platform] [           main] o.f.c.i.s.DefaultSqlScriptExecutor       : DB: 'VALUES function' is deprecated and will be removed in a future release. Please use an alias (INSERT INTO ... VALUES (...) AS alias) and replace VALUES(col) in the ON DUPLICATE KEY UPDATE clause with alias.col instead (SQL State: HY000 - Error Code: 1287)
2026-07-29T08:23:30.876Z  WARN 759 --- [teacher-cert-platform] [           main] o.f.c.i.s.DefaultSqlScriptExecutor       : DB: 'VALUES function' is deprecated and will be removed in a future release. Please use an alias (INSERT INTO ... VALUES (...) AS alias) and replace VALUES(col) in the ON DUPLICATE KEY UPDATE clause with alias.col instead (SQL State: HY000 - Error Code: 1287)
2026-07-29T08:23:30.877Z  WARN 759 --- [teacher-cert-platform] [           main] o.f.c.i.s.DefaultSqlScriptExecutor       : DB: 'VALUES function' is deprecated and will be removed in a future release. Please use an alias (INSERT INTO ... VALUES (...) AS alias) and replace VALUES(col) in the ON DUPLICATE KEY UPDATE clause with alias.col instead (SQL State: HY000 - Error Code: 1287)
2026-07-29T08:23:30.877Z  WARN 759 --- [teacher-cert-platform] [           main] o.f.c.i.s.DefaultSqlScriptExecutor       : DB: 'VALUES function' is deprecated and will be removed in a future release. Please use an alias (INSERT INTO ... VALUES (...) AS alias) and replace VALUES(col) in the ON DUPLICATE KEY UPDATE clause with alias.col instead (SQL State: HY000 - Error Code: 1287)
2026-07-29T08:23:30.877Z  WARN 759 --- [teacher-cert-platform] [           main] o.f.c.i.s.DefaultSqlScriptExecutor       : DB: 'VALUES function' is deprecated and will be removed in a future release. Please use an alias (INSERT INTO ... VALUES (...) AS alias) and replace VALUES(col) in the ON DUPLICATE KEY UPDATE clause with alias.col instead (SQL State: HY000 - Error Code: 1287)
2026-07-29T08:23:30.878Z  WARN 759 --- [teacher-cert-platform] [           main] o.f.c.i.s.DefaultSqlScriptExecutor       : DB: 'VALUES function' is deprecated and will be removed in a future release. Please use an alias (INSERT INTO ... VALUES (...) AS alias) and replace VALUES(col) in the ON DUPLICATE KEY UPDATE clause with alias.col instead (SQL State: HY000 - Error Code: 1287)
2026-07-29T08:23:30.878Z  WARN 759 --- [teacher-cert-platform] [           main] o.f.c.i.s.DefaultSqlScriptExecutor       : DB: 'VALUES function' is deprecated and will be removed in a future release. Please use an alias (INSERT INTO ... VALUES (...) AS alias) and replace VALUES(col) in the ON DUPLICATE KEY UPDATE clause with alias.col instead (SQL State: HY000 - Error Code: 1287)
2026-07-29T08:23:30.878Z  WARN 759 --- [teacher-cert-platform] [           main] o.f.c.i.s.DefaultSqlScriptExecutor       : DB: 'VALUES function' is deprecated and will be removed in a future release. Please use an alias (INSERT INTO ... VALUES (...) AS alias) and replace VALUES(col) in the ON DUPLICATE KEY UPDATE clause with alias.col instead (SQL State: HY000 - Error Code: 1287)
2026-07-29T08:23:30.879Z  WARN 759 --- [teacher-cert-platform] [           main] o.f.c.i.s.DefaultSqlScriptExecutor       : DB: 'VALUES function' is deprecated and will be removed in a future release. Please use an alias (INSERT INTO ... VALUES (...) AS alias) and replace VALUES(col) in the ON DUPLICATE KEY UPDATE clause with alias.col instead (SQL State: HY000 - Error Code: 1287)
2026-07-29T08:23:30.880Z  WARN 759 --- [teacher-cert-platform] [           main] o.f.c.i.s.DefaultSqlScriptExecutor       : DB: 'VALUES function' is deprecated and will be removed in a future release. Please use an alias (INSERT INTO ... VALUES (...) AS alias) and replace VALUES(col) in the ON DUPLICATE KEY UPDATE clause with alias.col instead (SQL State: HY000 - Error Code: 1287)
2026-07-29T08:23:30.898Z  INFO 759 --- [teacher-cert-platform] [           main] o.f.core.internal.command.DbMigrate      : Migrating schema `teacher_cert` to version "21 - test confirm only"
2026-07-29T08:23:30.900Z  WARN 759 --- [teacher-cert-platform] [           main] o.f.c.i.s.DefaultSqlScriptExecutor       : DB: 'VALUES function' is deprecated and will be removed in a future release. Please use an alias (INSERT INTO ... VALUES (...) AS alias) and replace VALUES(col) in the ON DUPLICATE KEY UPDATE clause with alias.col instead (SQL State: HY000 - Error Code: 1287)
2026-07-29T08:23:30.900Z  WARN 759 --- [teacher-cert-platform] [           main] o.f.c.i.s.DefaultSqlScriptExecutor       : DB: 'VALUES function' is deprecated and will be removed in a future release. Please use an alias (INSERT INTO ... VALUES (...) AS alias) and replace VALUES(col) in the ON DUPLICATE KEY UPDATE clause with alias.col instead (SQL State: HY000 - Error Code: 1287)
2026-07-29T08:23:30.900Z  WARN 759 --- [teacher-cert-platform] [           main] o.f.c.i.s.DefaultSqlScriptExecutor       : DB: 'VALUES function' is deprecated and will be removed in a future release. Please use an alias (INSERT INTO ... VALUES (...) AS alias) and replace VALUES(col) in the ON DUPLICATE KEY UPDATE clause with alias.col instead (SQL State: HY000 - Error Code: 1287)
2026-07-29T08:23:30.900Z  WARN 759 --- [teacher-cert-platform] [           main] o.f.c.i.s.DefaultSqlScriptExecutor       : DB: 'VALUES function' is deprecated and will be removed in a future release. Please use an alias (INSERT INTO ... VALUES (...) AS alias) and replace VALUES(col) in the ON DUPLICATE KEY UPDATE clause with alias.col instead (SQL State: HY000 - Error Code: 1287)
2026-07-29T08:23:30.915Z  INFO 759 --- [teacher-cert-platform] [           main] o.f.core.internal.command.DbMigrate      : Migrating schema `teacher_cert` to version "22 - reviewer group"
2026-07-29T08:23:31.055Z  INFO 759 --- [teacher-cert-platform] [           main] o.f.core.internal.command.DbMigrate      : Migrating schema `teacher_cert` to version "23 - field acceptance"
2026-07-29T08:23:31.068Z  INFO 759 --- [teacher-cert-platform] [           main] o.f.core.internal.command.DbMigrate      : Migrating schema `teacher_cert` to version "24 - unique active cert and student idcard"
2026-07-29T08:23:31.427Z  INFO 759 --- [teacher-cert-platform] [           main] o.f.core.internal.command.DbMigrate      : Migrating schema `teacher_cert` to version "25 - backup record artifact"
2026-07-29T08:23:31.528Z  INFO 759 --- [teacher-cert-platform] [           main] o.f.core.internal.command.DbMigrate      : Migrating schema `teacher_cert` to version "26 - remove test seed from prod"
2026-07-29T08:23:31.544Z  INFO 759 --- [teacher-cert-platform] [           main] o.f.core.internal.command.DbMigrate      : Migrating schema `teacher_cert` to version "27 - ws02 credential hardening defaults"
2026-07-29T08:23:31.558Z  INFO 759 --- [teacher-cert-platform] [           main] o.f.core.internal.command.DbMigrate      : Migrating schema `teacher_cert` to version "28 - minio presigned multipart"
2026-07-29T08:23:32.076Z  INFO 759 --- [teacher-cert-platform] [           main] o.f.core.internal.command.DbMigrate      : Migrating schema `teacher_cert` to version "29 - trusted video media validation"
2026-07-29T08:23:32.719Z  WARN 759 --- [teacher-cert-platform] [           main] o.f.c.i.s.DefaultSqlScriptExecutor       : DB: 'VALUES function' is deprecated and will be removed in a future release. Please use an alias (INSERT INTO ... VALUES (...) AS alias) and replace VALUES(col) in the ON DUPLICATE KEY UPDATE clause with alias.col instead (SQL State: HY000 - Error Code: 1287)
2026-07-29T08:23:32.719Z  WARN 759 --- [teacher-cert-platform] [           main] o.f.c.i.s.DefaultSqlScriptExecutor       : DB: 'VALUES function' is deprecated and will be removed in a future release. Please use an alias (INSERT INTO ... VALUES (...) AS alias) and replace VALUES(col) in the ON DUPLICATE KEY UPDATE clause with alias.col instead (SQL State: HY000 - Error Code: 1287)
2026-07-29T08:23:32.719Z  WARN 759 --- [teacher-cert-platform] [           main] o.f.c.i.s.DefaultSqlScriptExecutor       : DB: 'VALUES function' is deprecated and will be removed in a future release. Please use an alias (INSERT INTO ... VALUES (...) AS alias) and replace VALUES(col) in the ON DUPLICATE KEY UPDATE clause with alias.col instead (SQL State: HY000 - Error Code: 1287)
2026-07-29T08:23:32.719Z  WARN 759 --- [teacher-cert-platform] [           main] o.f.c.i.s.DefaultSqlScriptExecutor       : DB: 'VALUES function' is deprecated and will be removed in a future release. Please use an alias (INSERT INTO ... VALUES (...) AS alias) and replace VALUES(col) in the ON DUPLICATE KEY UPDATE clause with alias.col instead (SQL State: HY000 - Error Code: 1287)
2026-07-29T08:23:32.719Z  WARN 759 --- [teacher-cert-platform] [           main] o.f.c.i.s.DefaultSqlScriptExecutor       : DB: 'VALUES function' is deprecated and will be removed in a future release. Please use an alias (INSERT INTO ... VALUES (...) AS alias) and replace VALUES(col) in the ON DUPLICATE KEY UPDATE clause with alias.col instead (SQL State: HY000 - Error Code: 1287)
2026-07-29T08:23:32.734Z  INFO 759 --- [teacher-cert-platform] [           main] o.f.core.internal.command.DbMigrate      : Migrating schema `teacher_cert` to version "30 - video finalization fencing"
2026-07-29T08:23:32.853Z  INFO 759 --- [teacher-cert-platform] [           main] o.f.core.internal.command.DbMigrate      : Migrating schema `teacher_cert` to version "31 - video finalization high water"
2026-07-29T08:23:32.976Z  INFO 759 --- [teacher-cert-platform] [           main] o.f.core.internal.command.DbMigrate      : Migrating schema `teacher_cert` to version "32 - video finalization object reconciliation"
2026-07-29T08:23:33.045Z  WARN 759 --- [teacher-cert-platform] [           main] o.f.c.i.s.DefaultSqlScriptExecutor       : DB: 'VALUES function' is deprecated and will be removed in a future release. Please use an alias (INSERT INTO ... VALUES (...) AS alias) and replace VALUES(col) in the ON DUPLICATE KEY UPDATE clause with alias.col instead (SQL State: HY000 - Error Code: 1287)
2026-07-29T08:23:33.046Z  WARN 759 --- [teacher-cert-platform] [           main] o.f.c.i.s.DefaultSqlScriptExecutor       : DB: 'VALUES function' is deprecated and will be removed in a future release. Please use an alias (INSERT INTO ... VALUES (...) AS alias) and replace VALUES(col) in the ON DUPLICATE KEY UPDATE clause with alias.col instead (SQL State: HY000 - Error Code: 1287)
2026-07-29T08:23:33.046Z  WARN 759 --- [teacher-cert-platform] [           main] o.f.c.i.s.DefaultSqlScriptExecutor       : DB: 'VALUES function' is deprecated and will be removed in a future release. Please use an alias (INSERT INTO ... VALUES (...) AS alias) and replace VALUES(col) in the ON DUPLICATE KEY UPDATE clause with alias.col instead (SQL State: HY000 - Error Code: 1287)
2026-07-29T08:23:33.046Z  WARN 759 --- [teacher-cert-platform] [           main] o.f.c.i.s.DefaultSqlScriptExecutor       : DB: 'VALUES function' is deprecated and will be removed in a future release. Please use an alias (INSERT INTO ... VALUES (...) AS alias) and replace VALUES(col) in the ON DUPLICATE KEY UPDATE clause with alias.col instead (SQL State: HY000 - Error Code: 1287)
2026-07-29T08:23:33.046Z  WARN 759 --- [teacher-cert-platform] [           main] o.f.c.i.s.DefaultSqlScriptExecutor       : DB: 'VALUES function' is deprecated and will be removed in a future release. Please use an alias (INSERT INTO ... VALUES (...) AS alias) and replace VALUES(col) in the ON DUPLICATE KEY UPDATE clause with alias.col instead (SQL State: HY000 - Error Code: 1287)
2026-07-29T08:23:33.060Z  INFO 759 --- [teacher-cert-platform] [           main] o.f.core.internal.command.DbMigrate      : Migrating schema `teacher_cert` with repeatable migration "testseed"
[...]
	at java.base/jdk.internal.reflect.NativeMethodAccessorImpl.invoke(NativeMethodAccessorImpl.java:77) ~[na:na]
	at java.base/jdk.internal.reflect.DelegatingMethodAccessorImpl.invoke(DelegatingMethodAccessorImpl.java:43) ~[na:na]
	at java.base/java.lang.reflect.Method.invoke(Method.java:569) ~[na:na]
	at org.springframework.aop.support.AopUtils.invokeJoinpointUsingReflection(AopUtils.java:360) ~[spring-aop-6.2.15.jar:6.2.15]
	at org.springframework.aop.framework.CglibAopProxy$DynamicAdvisedInterceptor.intercept(CglibAopProxy.java:724) ~[spring-aop-6.2.15.jar:6.2.15]
	at cn.edu.gpnu.platform.system.service.impl.AuditLogServiceImpl$$SpringCGLIB$$0.record(<generated>) ~[platform-system-1.0.0-SNAPSHOT.jar:1.0.0-SNAPSHOT]
	at cn.edu.gpnu.platform.security.service.SecurityAdminServiceImpl.resetPassword(SecurityAdminServiceImpl.java:268) ~[platform-security-1.0.0-SNAPSHOT.jar:1.0.0-SNAPSHOT]
	at java.base/jdk.internal.reflect.NativeMethodAccessorImpl.invoke0(Native Method) ~[na:na]
	at java.base/jdk.internal.reflect.NativeMethodAccessorImpl.invoke(NativeMethodAccessorImpl.java:77) ~[na:na]
	at java.base/jdk.internal.reflect.DelegatingMethodAccessorImpl.invoke(DelegatingMethodAccessorImpl.java:43) ~[na:na]
	at java.base/java.lang.reflect.Method.invoke(Method.java:569) ~[na:na]
	at org.springframework.aop.support.AopUtils.invokeJoinpointUsingReflection(AopUtils.java:360) ~[spring-aop-6.2.15.jar:6.2.15]
	at org.springframework.aop.framework.ReflectiveMethodInvocation.invokeJoinpoint(ReflectiveMethodInvocation.java:196) ~[spring-aop-6.2.15.jar:6.2.15]
	at org.springframework.aop.framework.ReflectiveMethodInvocation.proceed(ReflectiveMethodInvocation.java:163) ~[spring-aop-6.2.15.jar:6.2.15]
	at org.springframework.transaction.interceptor.TransactionAspectSupport.invokeWithinTransaction(TransactionAspectSupport.java:380) ~[spring-tx-6.2.15.jar:6.2.15]
	at org.springframework.transaction.interceptor.TransactionInterceptor.invoke(TransactionInterceptor.java:119) ~[spring-tx-6.2.15.jar:6.2.15]
	at org.springframework.aop.framework.ReflectiveMethodInvocation.proceed(ReflectiveMethodInvocation.java:184) ~[spring-aop-6.2.15.jar:6.2.15]
	at org.springframework.aop.framework.CglibAopProxy$DynamicAdvisedInterceptor.intercept(CglibAopProxy.java:728) ~[spring-aop-6.2.15.jar:6.2.15]
	at cn.edu.gpnu.platform.security.service.SecurityAdminServiceImpl$$SpringCGLIB$$0.resetPassword(<generated>) ~[platform-security-1.0.0-SNAPSHOT.jar:1.0.0-SNAPSHOT]
	at cn.edu.gpnu.platform.boot.controller.SystemSecurityController.resetPassword(SystemSecurityController.java:83) ~[classes/:na]
	at java.base/jdk.internal.reflect.NativeMethodAccessorImpl.invoke0(Native Method) ~[na:na]
	at java.base/jdk.internal.reflect.NativeMethodAccessorImpl.invoke(NativeMethodAccessorImpl.java:77) ~[na:na]
	at java.base/jdk.internal.reflect.DelegatingMethodAccessorImpl.invoke(DelegatingMethodAccessorImpl.java:43) ~[na:na]
	at java.base/java.lang.reflect.Method.invoke(Method.java:569) ~[na:na]
	at org.springframework.aop.support.AopUtils.invokeJoinpointUsingReflection(AopUtils.java:360) ~[spring-aop-6.2.15.jar:6.2.15]
	at org.springframework.aop.framework.ReflectiveMethodInvocation.invokeJoinpoint(ReflectiveMethodInvocation.java:196) ~[spring-aop-6.2.15.jar:6.2.15]
	at org.springframework.aop.framework.ReflectiveMethodInvocation.proceed(ReflectiveMethodInvocation.java:163) ~[spring-aop-6.2.15.jar:6.2.15]
	at org.springframework.security.authorization.method.AuthorizationManagerBeforeMethodInterceptor.proceed(AuthorizationManagerBeforeMethodInterceptor.java:268) ~[spring-security-core-6.4.13.jar:6.4.13]
	at org.springframework.security.authorization.method.AuthorizationManagerBeforeMethodInterceptor.attemptAuthorization(AuthorizationManagerBeforeMethodInterceptor.java:263) ~[spring-security-core-6.4.13.jar:6.4.13]
	at org.springframework.security.authorization.method.AuthorizationManagerBeforeMethodInterceptor.invoke(AuthorizationManagerBeforeMethodInterceptor.java:196) ~[spring-security-core-6.4.13.jar:6.4.13]
	at org.springframework.security.config.annotation.method.configuration.DeferringMethodInterceptor.invoke(DeferringMethodInterceptor.java:44) ~[spring-security-config-6.4.13.jar:6.4.13]
	at org.springframework.aop.framework.ReflectiveMethodInvocation.proceed(ReflectiveMethodInvocation.java:184) ~[spring-aop-6.2.15.jar:6.2.15]
	at org.springframework.aop.interceptor.ExposeInvocationInterceptor.invoke(ExposeInvocationInterceptor.java:97) ~[spring-aop-6.2.15.jar:6.2.15]
	at org.springframework.aop.framework.ReflectiveMethodInvocation.proceed(ReflectiveMethodInvocation.java:184) ~[spring-aop-6.2.15.jar:6.2.15]
	at org.springframework.aop.framework.CglibAopProxy$DynamicAdvisedInterceptor.intercept(CglibAopProxy.java:728) ~[spring-aop-6.2.15.jar:6.2.15]
	at cn.edu.gpnu.platform.boot.controller.SystemSecurityController$$SpringCGLIB$$0.resetPassword(<generated>) ~[classes/:na]
	at java.base/jdk.internal.reflect.NativeMethodAccessorImpl.invoke0(Native Method) ~[na:na]
	at java.base/jdk.internal.reflect.NativeMethodAccessorImpl.invoke(NativeMethodAccessorImpl.java:77) ~[na:na]
	at java.base/jdk.internal.reflect.DelegatingMethodAccessorImpl.invoke(DelegatingMethodAccessorImpl.java:43) ~[na:na]
	at java.base/java.lang.reflect.Method.invoke(Method.java:569) ~[na:na]
	at org.springframework.web.method.support.InvocableHandlerMethod.doInvoke(InvocableHandlerMethod.java:258) ~[spring-web-6.2.15.jar:6.2.15]
	at org.springframework.web.method.support.InvocableHandlerMethod.invokeForRequest(InvocableHandlerMethod.java:191) ~[spring-web-6.2.15.jar:6.2.15]
	at org.springframework.web.servlet.mvc.method.annotation.ServletInvocableHandlerMethod.invokeAndHandle(ServletInvocableHandlerMethod.java:118) ~[spring-webmvc-6.2.15.jar:6.2.15]
	at org.springframework.web.servlet.mvc.method.annotation.RequestMappingHandlerAdapter.invokeHandlerMethod(RequestMappingHandlerAdapter.java:991) ~[spring-webmvc-6.2.15.jar:6.2.15]
	at org.springframework.web.servlet.mvc.method.annotation.RequestMappingHandlerAdapter.handleInternal(RequestMappingHandlerAdapter.java:896) ~[spring-webmvc-6.2.15.jar:6.2.15]
	at org.springframework.web.servlet.mvc.method.AbstractHandlerMethodAdapter.handle(AbstractHandlerMethodAdapter.java:87) ~[spring-webmvc-6.2.15.jar:6.2.15]
	at org.springframework.web.servlet.DispatcherServlet.doDispatch(DispatcherServlet.java:1089) ~[spring-webmvc-6.2.15.jar:6.2.15]
	at org.springframework.web.servlet.DispatcherServlet.doService(DispatcherServlet.java:979) ~[spring-webmvc-6.2.15.jar:6.2.15]
	at org.springframework.web.servlet.FrameworkServlet.processRequest(FrameworkServlet.java:1014) ~[spring-webmvc-6.2.15.jar:6.2.15]
	at org.springframework.web.servlet.FrameworkServlet.doPut(FrameworkServlet.java:925) ~[spring-webmvc-6.2.15.jar:6.2.15]
	at jakarta.servlet.http.HttpServlet.service(HttpServlet.java:550) ~[jakarta.servlet-api-6.0.0.jar:6.0.0]
	at org.springframework.web.servlet.FrameworkServlet.service(FrameworkServlet.java:885) ~[spring-webmvc-6.2.15.jar:6.2.15]
	at jakarta.servlet.http.HttpServlet.service(HttpServlet.java:614) ~[jakarta.servlet-api-6.0.0.jar:6.0.0]
	at org.apache.catalina.core.ApplicationFilterChain.internalDoFilter(ApplicationFilterChain.java:193) ~[tomcat-embed-core-10.1.50.jar:10.1.50]
	at org.apache.catalina.core.ApplicationFilterChain.doFilter(ApplicationFilterChain.java:138) ~[tomcat-embed-core-10.1.50.jar:10.1.50]
	at org.apache.tomcat.websocket.server.WsFilter.doFilter(WsFilter.java:51) ~[tomcat-embed-websocket-10.1.50.jar:10.1.50]
	at org.apache.catalina.core.ApplicationFilterChain.internalDoFilter(ApplicationFilterChain.java:162) ~[tomcat-embed-core-10.1.50.jar:10.1.50]
	at org.apache.catalina.core.ApplicationFilterChain.doFilter(ApplicationFilterChain.java:138) ~[tomcat-embed-core-10.1.50.jar:10.1.50]
	at org.springframework.web.filter.OncePerRequestFilter.doFilter(OncePerRequestFilter.java:110) ~[spring-web-6.2.15.jar:6.2.15]
	at org.apache.catalina.core.ApplicationFilterChain.internalDoFilter(ApplicationFilterChain.java:162) ~[tomcat-embed-core-10.1.50.jar:10.1.50]
	at org.apache.catalina.core.ApplicationFilterChain.doFilter(ApplicationFilterChain.java:138) ~[tomcat-embed-core-10.1.50.jar:10.1.50]
	at org.springframework.web.filter.CompositeFilter$VirtualFilterChain.doFilter(CompositeFilter.java:108) ~[spring-web-6.2.15.jar:6.2.15]
	at org.springframework.security.web.FilterChainProxy.lambda$doFilterInternal$3(FilterChainProxy.java:231) ~[spring-security-web-6.4.13.jar:6.4.13]
	at org.springframework.security.web.FilterChainProxy$VirtualFilterChain.doFilter(FilterChainProxy.java:365) ~[spring-security-web-6.4.13.jar:6.4.13]
	at org.springframework.security.web.access.intercept.AuthorizationFilter.doFilter(AuthorizationFilter.java:101) ~[spring-security-web-6.4.13.jar:6.4.13]
	at org.springframework.security.web.FilterChainProxy$VirtualFilterChain.doFilter(FilterChainProxy.java:374) ~[spring-security-web-6.4.13.jar:6.4.13]
	at org.springframework.security.web.access.ExceptionTranslationFilter.doFilter(ExceptionTranslationFilter.java:126) ~[spring-security-web-6.4.13.jar:6.4.13]
	at org.springframework.security.web.access.ExceptionTranslationFilter.doFilter(ExceptionTranslationFilter.java:120) ~[spring-security-web-6.4.13.jar:6.4.13]
	at org.springframework.security.web.FilterChainProxy$VirtualFilterChain.doFilter(FilterChainProxy.java:374) ~[spring-security-web-6.4.13.jar:6.4.13]
	at org.springframework.security.web.session.SessionManagementFilter.doFilter(SessionManagementFilter.java:131) ~[spring-security-web-6.4.13.jar:6.4.13]
	at org.springframework.security.web.session.SessionManagementFilter.doFilter(SessionManagementFilter.java:85) ~[spring-security-web-6.4.13.jar:6.4.13]
	at org.springframework.security.web.FilterChainProxy$VirtualFilterChain.doFilter(FilterChainProxy.java:374) ~[spring-security-web-6.4.13.jar:6.4.13]
	at org.springframework.security.web.authentication.AnonymousAuthenticationFilter.doFilter(AnonymousAuthenticationFilter.java:100) ~[spring-security-web-6.4.13.jar:6.4.13]
	at org.springframework.security.web.FilterChainProxy$VirtualFilterChain.doFilter(FilterChainProxy.java:374) ~[spring-security-web-6.4.13.jar:6.4.13]
	at org.springframework.security.web.servletapi.SecurityContextHolderAwareRequestFilter.doFilter(SecurityContextHolderAwareRequestFilter.java:179) ~[spring-security-web-6.4.13.jar:6.4.13]
	at org.springframework.security.web.FilterChainProxy$VirtualFilterChain.doFilter(FilterChainProxy.java:374) ~[spring-security-web-6.4.13.jar:6.4.13]
	at org.springframework.security.web.savedrequest.RequestCacheAwareFilter.doFilter(RequestCacheAwareFilter.java:63) ~[spring-security-web-6.4.13.jar:6.4.13]
	at org.springframework.security.web.FilterChainProxy$VirtualFilterChain.doFilter(FilterChainProxy.java:374) ~[spring-security-web-6.4.13.jar:6.4.13]
	at cn.edu.gpnu.platform.security.filter.JwtAuthenticationFilter.doFilterInternal(JwtAuthenticationFilter.java:88) ~[platform-security-1.0.0-SNAPSHOT.jar:1.0.0-SNAPSHOT]
	at org.springframework.web.filter.OncePerRequestFilter.doFilter(OncePerRequestFilter.java:116) ~[spring-web-6.2.15.jar:6.2.15]
	at org.springframework.security.web.FilterChainProxy$VirtualFilterChain.doFilter(FilterChainProxy.java:374) ~[spring-security-web-6.4.13.jar:6.4.13]
	at org.springframework.web.filter.CorsFilter.doFilterInternal(CorsFilter.java:91) ~[spring-web-6.2.15.jar:6.2.15]
	at org.springframework.web.filter.OncePerRequestFilter.doFilter(OncePerRequestFilter.java:116) ~[spring-web-6.2.15.jar:6.2.15]
	at org.springframework.security.web.FilterChainProxy$VirtualFilterChain.doFilter(FilterChainProxy.java:374) ~[spring-security-web-6.4.13.jar:6.4.13]
	at org.springframework.security.web.header.HeaderWriterFilter.doHeadersAfter(HeaderWriterFilter.java:90) ~[spring-security-web-6.4.13.jar:6.4.13]
	at org.springframework.security.web.header.HeaderWriterFilter.doFilterInternal(HeaderWriterFilter.java:75) ~[spring-security-web-6.4.13.jar:6.4.13]
	at org.springframework.web.filter.OncePerRequestFilter.doFilter(OncePerRequestFilter.java:116) ~[spring-web-6.2.15.jar:6.2.15]
	at org.springframework.security.web.FilterChainProxy$VirtualFilterChain.doFilter(FilterChainProxy.java:374) ~[spring-security-web-6.4.13.jar:6.4.13]
	at org.springframework.security.web.context.SecurityContextHolderFilter.doFilter(SecurityContextHolderFilter.java:82) ~[spring-security-web-6.4.13.jar:6.4.13]
	at org.springframework.security.web.context.SecurityContextHolderFilter.doFilter(SecurityContextHolderFilter.java:69) ~[spring-security-web-6.4.13.jar:6.4.13]
	at org.springframework.security.web.FilterChainProxy$VirtualFilterChain.doFilter(FilterChainProxy.java:374) ~[spring-security-web-6.4.13.jar:6.4.13]
	at org.springframework.security.web.context.request.async.WebAsyncManagerIntegrationFilter.doFilterInternal(WebAsyncManagerIntegrationFilter.java:62) ~[spring-security-web-6.4.13.jar:6.4.13]
	at org.springframework.web.filter.OncePerRequestFilter.doFilter(OncePerRequestFilter.java:116) ~[spring-web-6.2.15.jar:6.2.15]
	at org.springframework.security.web.FilterChainProxy$VirtualFilterChain.doFilter(FilterChainProxy.java:374) ~[spring-security-web-6.4.13.jar:6.4.13]
	at org.springframework.security.web.session.DisableEncodeUrlFilter.doFilterInternal(DisableEncodeUrlFilter.java:42) ~[spring-security-web-6.4.13.jar:6.4.13]
	at org.springframework.web.filter.OncePerRequestFilter.doFilter(OncePerRequestFilter.java:116) ~[spring-web-6.2.15.jar:6.2.15]
	at org.springframework.security.web.FilterChainProxy$VirtualFilterChain.doFilter(FilterChainProxy.java:374) ~[spring-security-web-6.4.13.jar:6.4.13]
	at org.springframework.security.web.FilterChainProxy.doFilterInternal(FilterChainProxy.java:233) ~[spring-security-web-6.4.13.jar:6.4.13]
	at org.springframework.security.web.FilterChainProxy.doFilter(FilterChainProxy.java:191) ~[spring-security-web-6.4.13.jar:6.4.13]
	at org.springframework.web.filter.CompositeFilter$VirtualFilterChain.doFilter(CompositeFilter.java:113) ~[spring-web-6.2.15.jar:6.2.15]
	at org.springframework.web.servlet.handler.HandlerMappingIntrospector.lambda$createCacheFilter$4(HandlerMappingIntrospector.java:267) ~[spring-webmvc-6.2.15.jar:6.2.15]
	at org.springframework.web.filter.CompositeFilter$VirtualFilterChain.doFilter(CompositeFilter.java:113) ~[spring-web-6.2.15.jar:6.2.15]
	at org.springframework.web.filter.CompositeFilter.doFilter(CompositeFilter.java:74) ~[spring-web-6.2.15.jar:6.2.15]
	at org.springframework.security.config.annotation.web.configuration.WebMvcSecurityConfiguration$CompositeFilterChainProxy.doFilter(WebMvcSecurityConfiguration.java:238) ~[spring-security-config-6.4.13.jar:6.4.13]
	at org.springframework.web.filter.DelegatingFilterProxy.invokeDelegate(DelegatingFilterProxy.java:362) ~[spring-web-6.2.15.jar:6.2.15]
	at org.springframework.web.filter.DelegatingFilterProxy.doFilter(DelegatingFilterProxy.java:278) ~[spring-web-6.2.15.jar:6.2.15]
	at org.apache.catalina.core.ApplicationFilterChain.internalDoFilter(ApplicationFilterChain.java:162) ~[tomcat-embed-core-10.1.50.jar:10.1.50]
	at org.apache.catalina.core.ApplicationFilterChain.doFilter(ApplicationFilterChain.java:138) ~[tomcat-embed-core-10.1.50.jar:10.1.50]
	at org.springframework.web.filter.RequestContextFilter.doFilterInternal(RequestContextFilter.java:100) ~[spring-web-6.2.15.jar:6.2.15]
	at org.springframework.web.filter.OncePerRequestFilter.doFilter(OncePerRequestFilter.java:116) ~[spring-web-6.2.15.jar:6.2.15]
	at org.apache.catalina.core.ApplicationFilterChain.internalDoFilter(ApplicationFilterChain.java:162) ~[tomcat-embed-core-10.1.50.jar:10.1.50]
	at org.apache.catalina.core.ApplicationFilterChain.doFilter(ApplicationFilterChain.java:138) ~[tomcat-embed-core-10.1.50.jar:10.1.50]
	at org.springframework.web.filter.FormContentFilter.doFilterInternal(FormContentFilter.java:93) ~[spring-web-6.2.15.jar:6.2.15]
	at org.springframework.web.filter.OncePerRequestFilter.doFilter(OncePerRequestFilter.java:116) ~[spring-web-6.2.15.jar:6.2.15]
	at org.apache.catalina.core.ApplicationFilterChain.internalDoFilter(ApplicationFilterChain.java:162) ~[tomcat-embed-core-10.1.50.jar:10.1.50]
	at org.apache.catalina.core.ApplicationFilterChain.doFilter(ApplicationFilterChain.java:138) ~[tomcat-embed-core-10.1.50.jar:10.1.50]
	at org.springframework.web.filter.CharacterEncodingFilter.doFilterInternal(CharacterEncodingFilter.java:201) ~[spring-web-6.2.15.jar:6.2.15]
	at org.springframework.web.filter.OncePerRequestFilter.doFilter(OncePerRequestFilter.java:116) ~[spring-web-6.2.15.jar:6.2.15]
	at org.apache.catalina.core.ApplicationFilterChain.internalDoFilter(ApplicationFilterChain.java:162) ~[tomcat-embed-core-10.1.50.jar:10.1.50]
	at org.apache.catalina.core.ApplicationFilterChain.doFilter(ApplicationFilterChain.java:138) ~[tomcat-embed-core-10.1.50.jar:10.1.50]
	at org.apache.catalina.core.StandardWrapperValve.invoke(StandardWrapperValve.java:165) ~[tomcat-embed-core-10.1.50.jar:10.1.50]
	at org.apache.catalina.core.StandardContextValve.invoke(StandardContextValve.java:88) ~[tomcat-embed-core-10.1.50.jar:10.1.50]
	at org.apache.catalina.authenticator.AuthenticatorBase.invoke(AuthenticatorBase.java:482) ~[tomcat-embed-core-10.1.50.jar:10.1.50]
	at org.apache.catalina.core.StandardHostValve.invoke(StandardHostValve.java:113) ~[tomcat-embed-core-10.1.50.jar:10.1.50]
	at org.apache.catalina.valves.ErrorReportValve.invoke(ErrorReportValve.java:83) ~[tomcat-embed-core-10.1.50.jar:10.1.50]
	at org.apache.catalina.core.StandardEngineValve.invoke(StandardEngineValve.java:72) ~[tomcat-embed-core-10.1.50.jar:10.1.50]
	at org.apache.catalina.connector.CoyoteAdapter.service(CoyoteAdapter.java:342) ~[tomcat-embed-core-10.1.50.jar:10.1.50]
	at org.apache.coyote.http11.Http11Processor.service(Http11Processor.java:399) ~[tomcat-embed-core-10.1.50.jar:10.1.50]
	at org.apache.coyote.AbstractProcessorLight.process(AbstractProcessorLight.java:63) ~[tomcat-embed-core-10.1.50.jar:10.1.50]
	at org.apache.coyote.AbstractProtocol$ConnectionHandler.process(AbstractProtocol.java:903) ~[tomcat-embed-core-10.1.50.jar:10.1.50]
	at org.apache.tomcat.util.net.NioEndpoint$SocketProcessor.doRun(NioEndpoint.java:1774) ~[tomcat-embed-core-10.1.50.jar:10.1.50]
	at org.apache.tomcat.util.net.SocketProcessorBase.run(SocketProcessorBase.java:52) ~[tomcat-embed-core-10.1.50.jar:10.1.50]
	at org.apache.tomcat.util.threads.ThreadPoolExecutor.runWorker(ThreadPoolExecutor.java:973) ~[tomcat-embed-core-10.1.50.jar:10.1.50]
	at org.apache.tomcat.util.threads.ThreadPoolExecutor$Worker.run(ThreadPoolExecutor.java:491) ~[tomcat-embed-core-10.1.50.jar:10.1.50]
	at org.apache.tomcat.util.threads.TaskThread$WrappingRunnable.run(TaskThread.java:63) ~[tomcat-embed-core-10.1.50.jar:10.1.50]
	at java.base/java.lang.Thread.run(Thread.java:840) ~[na:na]

]]></system-out>
  </testcase>
  <testcase name="wrongPasswordLocksAccount" classname="cn.edu.gpnu.platform.boot.Phase2SecurityIT" time="1.155">
    <system-out><![CDATA[2026-07-29T08:23:46.336Z  WARN 759 --- [teacher-cert-platform] [-auto-1-exec-10] c.e.g.p.b.h.GlobalExceptionHandler       : 业务异常: code=1000, msg=用户名或密码错误
2026-07-29T08:23:46.399Z  WARN 759 --- [teacher-cert-platform] [o-auto-1-exec-2] c.e.g.p.b.h.GlobalExceptionHandler       : 业务异常: code=1000, msg=用户名或密码错误
2026-07-29T08:23:46.462Z  WARN 759 --- [teacher-cert-platform] [o-auto-1-exec-4] c.e.g.p.b.h.GlobalExceptionHandler       : 业务异常: code=1000, msg=用户名或密码错误
2026-07-29T08:23:46.524Z  WARN 759 --- [teacher-cert-platform] [o-auto-1-exec-6] c.e.g.p.b.h.GlobalExceptionHandler       : 业务异常: code=1000, msg=用户名或密码错误
2026-07-29T08:23:46.587Z  WARN 759 --- [teacher-cert-platform] [o-auto-1-exec-8] c.e.g.p.b.h.GlobalExceptionHandler       : 业务异常: code=1000, msg=密码错误次数过多，账号已锁定
2026-07-29T08:23:46.596Z  WARN 759 --- [teacher-cert-platform] [-auto-1-exec-10] c.e.g.p.b.h.GlobalExceptionHandler       : 业务异常: code=1000, msg=账号已锁定，请稍后再试
]]></system-out>
  </testcase>
</testsuite>